{"/Users/zack/src/bingematch/ui/App.tsx": {"path":"/Users/zack/src/bingematch/ui/App.tsx","statementMap":{"0":{"start":{"line":24,"column":19},"end":{"line":24,"column":27}},"1":{"start":{"line":27,"column":4},"end":{"line":27,"column":20}},"2":{"start":{"line":29,"column":34},"end":{"line":29,"column":76}},"3":{"start":{"line":31,"column":4},"end":{"line":33,"column":10}},"4":{"start":{"line":35,"column":4},"end":{"line":47,"column":6}}},"fnMap":{"0":{"name":"App","decl":{"start":{"line":22,"column":24},"end":{"line":22,"column":27}},"loc":{"start":{"line":22,"column":30},"end":{"line":48,"column":1}},"line":22},"1":{"name":"(anonymous_1)","decl":{"start":{"line":31,"column":14},"end":{"line":31,"column":15}},"loc":{"start":{"line":31,"column":20},"end":{"line":33,"column":5}},"line":31}},"branchMap":{},"s":{"0":0,"1":0,"2":0,"3":0,"4":0},"f":{"0":0,"1":0},"b":{}}
,"/Users/zack/src/bingematch/ui/swipe/Dependencies.ts": {"path":"/Users/zack/src/bingematch/ui/swipe/Dependencies.ts","statementMap":{"0":{"start":{"line":6,"column":22},"end":{"line":6,"column":40}},"1":{"start":{"line":8,"column":14},"end":{"line":8,"column":27}},"2":{"start":{"line":9,"column":10},"end":{"line":9,"column":31}}},"fnMap":{},"branchMap":{},"s":{"0":2,"1":2,"2":2},"f":{},"b":{},"_coverageSchema":"1a1c01bbd47fc00a2c39e90264f33305004495a9","hash":"4f10e8c1d005051eadfaba592c7dbbb18595d3b8"}
,"/Users/zack/src/bingematch/ui/swipe/Splash.tsx": {"path":"/Users/zack/src/bingematch/ui/swipe/Splash.tsx","statementMap":{"0":{"start":{"line":6,"column":37},"end":{"line":31,"column":1}},"1":{"start":{"line":8,"column":20},"end":{"line":8,"column":49}},"2":{"start":{"line":10,"column":4},"end":{"line":16,"column":10}},"3":{"start":{"line":11,"column":8},"end":{"line":15,"column":14}},"4":{"start":{"line":12,"column":24},"end":{"line":12,"column":47}},"5":{"start":{"line":14,"column":16},"end":{"line":14,"column":49}},"6":{"start":{"line":18,"column":4},"end":{"line":30,"column":5}}},"fnMap":{"0":{"name":"(anonymous_0)","decl":{"start":{"line":6,"column":37},"end":{"line":6,"column":38}},"loc":{"start":{"line":6,"column":48},"end":{"line":31,"column":1}},"line":6},"1":{"name":"(anonymous_1)","decl":{"start":{"line":10,"column":14},"end":{"line":10,"column":15}},"loc":{"start":{"line":10,"column":20},"end":{"line":16,"column":5}},"line":10},"2":{"name":"(anonymous_2)","decl":{"start":{"line":12,"column":18},"end":{"line":12,"column":19}},"loc":{"start":{"line":12,"column":24},"end":{"line":12,"column":47}},"line":12},"3":{"name":"(anonymous_3)","decl":{"start":{"line":13,"column":18},"end":{"line":13,"column":19}},"loc":{"start":{"line":13,"column":27},"end":{"line":15,"column":13}},"line":13}},"branchMap":{"0":{"loc":{"start":{"line":12,"column":24},"end":{"line":12,"column":47}},"type":"cond-expr","locations":[{"start":{"line":12,"column":29},"end":{"line":12,"column":36}},{"start":{"line":12,"column":39},"end":{"line":12,"column":47}}],"line":12}},"s":{"0":0,"1":0,"2":0,"3":0,"4":0,"5":0,"6":0},"f":{"0":0,"1":0,"2":0,"3":0},"b":{"0":[0,0]}}
,"/Users/zack/src/bingematch/ui/swipe/Storage.ts": {"path":"/Users/zack/src/bingematch/ui/swipe/Storage.ts","statementMap":{"0":{"start":{"line":4,"column":17},"end":{"line":4,"column":24}},"1":{"start":{"line":8,"column":17},"end":{"line":11,"column":5}},"2":{"start":{"line":9,"column":8},"end":{"line":10,"column":41}},"3":{"start":{"line":10,"column":24},"end":{"line":10,"column":40}},"4":{"start":{"line":13,"column":17},"end":{"line":15,"column":5}},"5":{"start":{"line":14,"column":8},"end":{"line":14,"column":36}},"6":{"start":{"line":17,"column":15},"end":{"line":19,"column":5}},"7":{"start":{"line":18,"column":8},"end":{"line":18,"column":41}},"8":{"start":{"line":21,"column":15},"end":{"line":29,"column":5}},"9":{"start":{"line":22,"column":8},"end":{"line":28,"column":14}},"10":{"start":{"line":24,"column":16},"end":{"line":26,"column":17}},"11":{"start":{"line":25,"column":20},"end":{"line":25,"column":26}},"12":{"start":{"line":27,"column":16},"end":{"line":27,"column":28}},"13":{"start":{"line":31,"column":23},"end":{"line":35,"column":5}},"14":{"start":{"line":32,"column":24},"end":{"line":32,"column":41}},"15":{"start":{"line":34,"column":8},"end":{"line":34,"column":25}},"16":{"start":{"line":37,"column":14},"end":{"line":46,"column":5}},"17":{"start":{"line":38,"column":8},"end":{"line":45,"column":14}},"18":{"start":{"line":40,"column":16},"end":{"line":42,"column":17}},"19":{"start":{"line":41,"column":20},"end":{"line":41,"column":26}},"20":{"start":{"line":44,"column":16},"end":{"line":44,"column":51}},"21":{"start":{"line":48,"column":18},"end":{"line":52,"column":5}},"22":{"start":{"line":49,"column":26},"end":{"line":49,"column":47}},"23":{"start":{"line":51,"column":8},"end":{"line":51,"column":50}},"24":{"start":{"line":55,"column":18},"end":{"line":59,"column":5}},"25":{"start":{"line":56,"column":26},"end":{"line":56,"column":57}},"26":{"start":{"line":58,"column":8},"end":{"line":58,"column":64}},"27":{"start":{"line":61,"column":13},"end":{"line":63,"column":5}},"28":{"start":{"line":62,"column":8},"end":{"line":62,"column":42}}},"fnMap":{"0":{"name":"(anonymous_0)","decl":{"start":{"line":8,"column":17},"end":{"line":8,"column":18}},"loc":{"start":{"line":8,"column":48},"end":{"line":11,"column":5}},"line":8},"1":{"name":"(anonymous_1)","decl":{"start":{"line":10,"column":18},"end":{"line":10,"column":19}},"loc":{"start":{"line":10,"column":24},"end":{"line":10,"column":40}},"line":10},"2":{"name":"(anonymous_2)","decl":{"start":{"line":13,"column":17},"end":{"line":13,"column":18}},"loc":{"start":{"line":13,"column":29},"end":{"line":15,"column":5}},"line":13},"3":{"name":"(anonymous_3)","decl":{"start":{"line":17,"column":15},"end":{"line":17,"column":16}},"loc":{"start":{"line":17,"column":40},"end":{"line":19,"column":5}},"line":17},"4":{"name":"(anonymous_4)","decl":{"start":{"line":21,"column":15},"end":{"line":21,"column":16}},"loc":{"start":{"line":21,"column":52},"end":{"line":29,"column":5}},"line":21},"5":{"name":"(anonymous_5)","decl":{"start":{"line":23,"column":18},"end":{"line":23,"column":19}},"loc":{"start":{"line":23,"column":27},"end":{"line":28,"column":13}},"line":23},"6":{"name":"(anonymous_6)","decl":{"start":{"line":31,"column":23},"end":{"line":31,"column":24}},"loc":{"start":{"line":31,"column":52},"end":{"line":35,"column":5}},"line":31},"7":{"name":"(anonymous_7)","decl":{"start":{"line":37,"column":14},"end":{"line":37,"column":15}},"loc":{"start":{"line":37,"column":51},"end":{"line":46,"column":5}},"line":37},"8":{"name":"(anonymous_8)","decl":{"start":{"line":39,"column":18},"end":{"line":39,"column":19}},"loc":{"start":{"line":39,"column":27},"end":{"line":45,"column":13}},"line":39},"9":{"name":"(anonymous_9)","decl":{"start":{"line":48,"column":18},"end":{"line":48,"column":19}},"loc":{"start":{"line":48,"column":55},"end":{"line":52,"column":5}},"line":48},"10":{"name":"(anonymous_10)","decl":{"start":{"line":55,"column":18},"end":{"line":55,"column":19}},"loc":{"start":{"line":55,"column":60},"end":{"line":59,"column":5}},"line":55},"11":{"name":"(anonymous_11)","decl":{"start":{"line":61,"column":13},"end":{"line":61,"column":14}},"loc":{"start":{"line":61,"column":37},"end":{"line":63,"column":5}},"line":61}},"branchMap":{"0":{"loc":{"start":{"line":24,"column":16},"end":{"line":26,"column":17}},"type":"if","locations":[{"start":{"line":24,"column":16},"end":{"line":26,"column":17}},{"start":{"line":24,"column":16},"end":{"line":26,"column":17}}],"line":24},"1":{"loc":{"start":{"line":40,"column":16},"end":{"line":42,"column":17}},"type":"if","locations":[{"start":{"line":40,"column":16},"end":{"line":42,"column":17}},{"start":{"line":40,"column":16},"end":{"line":42,"column":17}}],"line":40},"2":{"loc":{"start":{"line":58,"column":15},"end":{"line":58,"column":63}},"type":"cond-expr","locations":[{"start":{"line":58,"column":35},"end":{"line":58,"column":56}},{"start":{"line":58,"column":59},"end":{"line":58,"column":63}}],"line":58}},"s":{"0":3,"1":5,"2":0,"3":0,"4":5,"5":2,"6":5,"7":2,"8":5,"9":12,"10":11,"11":9,"12":2,"13":5,"14":1,"15":1,"16":5,"17":3,"18":3,"19":2,"20":1,"21":5,"22":2,"23":2,"24":5,"25":12,"26":11,"27":5,"28":2},"f":{"0":0,"1":0,"2":2,"3":2,"4":12,"5":11,"6":1,"7":3,"8":3,"9":2,"10":12,"11":2},"b":{"0":[9,2],"1":[2,1],"2":[2,9]},"_coverageSchema":"1a1c01bbd47fc00a2c39e90264f33305004495a9","hash":"90a1eaca95f69ee7f38c7f3ceeec0075786ebffe"}
,"/Users/zack/src/bingematch/ui/swipe/theme.ts": {"path":"/Users/zack/src/bingematch/ui/swipe/theme.ts","statementMap":{"0":{"start":{"line":2,"column":15},"end":{"line":78,"column":1}},"1":{"start":{"line":80,"column":26},"end":{"line":88,"column":1}}},"fnMap":{},"branchMap":{},"s":{"0":2,"1":2},"f":{},"b":{},"_coverageSchema":"1a1c01bbd47fc00a2c39e90264f33305004495a9","hash":"168d193219310d0d1c5a5afdca7cead92cfec7e5"}
,"/Users/zack/src/bingematch/ui/swipe/api/API.ts": {"path":"/Users/zack/src/bingematch/ui/swipe/api/API.ts","statementMap":{"0":{"start":{"line":7,"column":19},"end":{"line":7,"column":31}},"1":{"start":{"line":11,"column":20},"end":{"line":11,"column":44}},"2":{"start":{"line":12,"column":26},"end":{"line":12,"column":48}},"3":{"start":{"line":13,"column":27},"end":{"line":13,"column":52}},"4":{"start":{"line":18,"column":8},"end":{"line":18,"column":30}},"5":{"start":{"line":21,"column":14},"end":{"line":23,"column":5}},"6":{"start":{"line":22,"column":8},"end":{"line":22,"column":67}},"7":{"start":{"line":25,"column":13},"end":{"line":33,"column":5}},"8":{"start":{"line":26,"column":8},"end":{"line":32,"column":13}},"9":{"start":{"line":27,"column":23},"end":{"line":27,"column":29}},"10":{"start":{"line":28,"column":26},"end":{"line":28,"column":62}},"11":{"start":{"line":30,"column":16},"end":{"line":31,"column":36}},"12":{"start":{"line":31,"column":32},"end":{"line":31,"column":35}},"13":{"start":{"line":35,"column":24},"end":{"line":44,"column":5}},"14":{"start":{"line":36,"column":8},"end":{"line":43,"column":50}},"15":{"start":{"line":38,"column":16},"end":{"line":40,"column":17}},"16":{"start":{"line":39,"column":20},"end":{"line":39,"column":26}},"17":{"start":{"line":41,"column":16},"end":{"line":41,"column":42}},"18":{"start":{"line":43,"column":24},"end":{"line":43,"column":49}},"19":{"start":{"line":46,"column":21},"end":{"line":67,"column":5}},"20":{"start":{"line":47,"column":8},"end":{"line":66,"column":14}},"21":{"start":{"line":49,"column":16},"end":{"line":49,"column":70}},"22":{"start":{"line":51,"column":27},"end":{"line":51,"column":63}},"23":{"start":{"line":52,"column":16},"end":{"line":52,"column":42}},"24":{"start":{"line":56,"column":16},"end":{"line":58,"column":17}},"25":{"start":{"line":57,"column":20},"end":{"line":57,"column":26}},"26":{"start":{"line":59,"column":16},"end":{"line":59,"column":23}},"27":{"start":{"line":62,"column":16},"end":{"line":65,"column":22}},"28":{"start":{"line":64,"column":24},"end":{"line":64,"column":70}},"29":{"start":{"line":69,"column":17},"end":{"line":72,"column":5}},"30":{"start":{"line":70,"column":8},"end":{"line":71,"column":33}},"31":{"start":{"line":71,"column":25},"end":{"line":71,"column":31}},"32":{"start":{"line":74,"column":12},"end":{"line":81,"column":5}},"33":{"start":{"line":75,"column":8},"end":{"line":80,"column":14}},"34":{"start":{"line":76,"column":23},"end":{"line":76,"column":29}},"35":{"start":{"line":78,"column":16},"end":{"line":79,"column":38}},"36":{"start":{"line":79,"column":32},"end":{"line":79,"column":37}},"37":{"start":{"line":83,"column":14},"end":{"line":87,"column":5}},"38":{"start":{"line":84,"column":8},"end":{"line":86,"column":58}},"39":{"start":{"line":85,"column":23},"end":{"line":85,"column":29}},"40":{"start":{"line":86,"column":26},"end":{"line":86,"column":57}},"41":{"start":{"line":93,"column":13},"end":{"line":109,"column":5}},"42":{"start":{"line":94,"column":8},"end":{"line":108,"column":14}},"43":{"start":{"line":96,"column":32},"end":{"line":96,"column":34}},"44":{"start":{"line":98,"column":16},"end":{"line":100,"column":17}},"45":{"start":{"line":99,"column":20},"end":{"line":99,"column":64}},"46":{"start":{"line":102,"column":16},"end":{"line":107,"column":18}},"47":{"start":{"line":111,"column":10},"end":{"line":129,"column":5}},"48":{"start":{"line":112,"column":8},"end":{"line":128,"column":14}},"49":{"start":{"line":114,"column":32},"end":{"line":116,"column":17}},"50":{"start":{"line":118,"column":16},"end":{"line":120,"column":17}},"51":{"start":{"line":119,"column":20},"end":{"line":119,"column":64}},"52":{"start":{"line":122,"column":16},"end":{"line":127,"column":18}},"53":{"start":{"line":131,"column":11},"end":{"line":151,"column":5}},"54":{"start":{"line":132,"column":8},"end":{"line":150,"column":14}},"55":{"start":{"line":134,"column":32},"end":{"line":137,"column":17}},"56":{"start":{"line":139,"column":16},"end":{"line":141,"column":17}},"57":{"start":{"line":140,"column":20},"end":{"line":140,"column":64}},"58":{"start":{"line":143,"column":16},"end":{"line":149,"column":18}},"59":{"start":{"line":153,"column":10},"end":{"line":173,"column":5}},"60":{"start":{"line":154,"column":8},"end":{"line":172,"column":14}},"61":{"start":{"line":156,"column":32},"end":{"line":159,"column":17}},"62":{"start":{"line":161,"column":16},"end":{"line":163,"column":17}},"63":{"start":{"line":162,"column":20},"end":{"line":162,"column":64}},"64":{"start":{"line":165,"column":16},"end":{"line":171,"column":19}}},"fnMap":{"0":{"name":"(anonymous_0)","decl":{"start":{"line":17,"column":4},"end":{"line":17,"column":5}},"loc":{"start":{"line":17,"column":34},"end":{"line":19,"column":5}},"line":17},"1":{"name":"(anonymous_1)","decl":{"start":{"line":21,"column":14},"end":{"line":21,"column":15}},"loc":{"start":{"line":21,"column":20},"end":{"line":23,"column":5}},"line":21},"2":{"name":"(anonymous_2)","decl":{"start":{"line":25,"column":13},"end":{"line":25,"column":14}},"loc":{"start":{"line":25,"column":78},"end":{"line":33,"column":5}},"line":25},"3":{"name":"(anonymous_3)","decl":{"start":{"line":27,"column":18},"end":{"line":27,"column":19}},"loc":{"start":{"line":27,"column":23},"end":{"line":27,"column":29}},"line":27},"4":{"name":"(anonymous_4)","decl":{"start":{"line":28,"column":18},"end":{"line":28,"column":19}},"loc":{"start":{"line":28,"column":26},"end":{"line":28,"column":62}},"line":28},"5":{"name":"(anonymous_5)","decl":{"start":{"line":29,"column":18},"end":{"line":29,"column":19}},"loc":{"start":{"line":30,"column":16},"end":{"line":31,"column":36}},"line":30},"6":{"name":"(anonymous_6)","decl":{"start":{"line":31,"column":26},"end":{"line":31,"column":27}},"loc":{"start":{"line":31,"column":32},"end":{"line":31,"column":35}},"line":31},"7":{"name":"(anonymous_7)","decl":{"start":{"line":35,"column":24},"end":{"line":35,"column":25}},"loc":{"start":{"line":35,"column":52},"end":{"line":44,"column":5}},"line":35},"8":{"name":"(anonymous_8)","decl":{"start":{"line":37,"column":18},"end":{"line":37,"column":19}},"loc":{"start":{"line":37,"column":24},"end":{"line":42,"column":13}},"line":37},"9":{"name":"(anonymous_9)","decl":{"start":{"line":43,"column":18},"end":{"line":43,"column":19}},"loc":{"start":{"line":43,"column":24},"end":{"line":43,"column":49}},"line":43},"10":{"name":"(anonymous_10)","decl":{"start":{"line":46,"column":21},"end":{"line":46,"column":22}},"loc":{"start":{"line":46,"column":68},"end":{"line":67,"column":5}},"line":46},"11":{"name":"(anonymous_11)","decl":{"start":{"line":48,"column":18},"end":{"line":48,"column":19}},"loc":{"start":{"line":48,"column":27},"end":{"line":53,"column":13}},"line":48},"12":{"name":"(anonymous_12)","decl":{"start":{"line":54,"column":19},"end":{"line":54,"column":20}},"loc":{"start":{"line":54,"column":24},"end":{"line":60,"column":13}},"line":54},"13":{"name":"(anonymous_13)","decl":{"start":{"line":61,"column":18},"end":{"line":61,"column":19}},"loc":{"start":{"line":61,"column":24},"end":{"line":66,"column":13}},"line":61},"14":{"name":"(anonymous_14)","decl":{"start":{"line":63,"column":26},"end":{"line":63,"column":27}},"loc":{"start":{"line":63,"column":35},"end":{"line":65,"column":21}},"line":63},"15":{"name":"(anonymous_15)","decl":{"start":{"line":69,"column":17},"end":{"line":69,"column":18}},"loc":{"start":{"line":69,"column":56},"end":{"line":72,"column":5}},"line":69},"16":{"name":"(anonymous_16)","decl":{"start":{"line":71,"column":18},"end":{"line":71,"column":19}},"loc":{"start":{"line":71,"column":24},"end":{"line":71,"column":32}},"line":71},"17":{"name":"(anonymous_17)","decl":{"start":{"line":74,"column":12},"end":{"line":74,"column":13}},"loc":{"start":{"line":74,"column":60},"end":{"line":81,"column":5}},"line":74},"18":{"name":"(anonymous_18)","decl":{"start":{"line":76,"column":18},"end":{"line":76,"column":19}},"loc":{"start":{"line":76,"column":23},"end":{"line":76,"column":29}},"line":76},"19":{"name":"(anonymous_19)","decl":{"start":{"line":77,"column":18},"end":{"line":77,"column":19}},"loc":{"start":{"line":77,"column":27},"end":{"line":80,"column":13}},"line":77},"20":{"name":"(anonymous_20)","decl":{"start":{"line":79,"column":26},"end":{"line":79,"column":27}},"loc":{"start":{"line":79,"column":32},"end":{"line":79,"column":37}},"line":79},"21":{"name":"(anonymous_21)","decl":{"start":{"line":83,"column":14},"end":{"line":83,"column":15}},"loc":{"start":{"line":83,"column":52},"end":{"line":87,"column":5}},"line":83},"22":{"name":"(anonymous_22)","decl":{"start":{"line":85,"column":18},"end":{"line":85,"column":19}},"loc":{"start":{"line":85,"column":23},"end":{"line":85,"column":29}},"line":85},"23":{"name":"(anonymous_23)","decl":{"start":{"line":86,"column":18},"end":{"line":86,"column":19}},"loc":{"start":{"line":86,"column":26},"end":{"line":86,"column":57}},"line":86},"24":{"name":"(anonymous_24)","decl":{"start":{"line":93,"column":13},"end":{"line":93,"column":14}},"loc":{"start":{"line":93,"column":60},"end":{"line":109,"column":5}},"line":93},"25":{"name":"(anonymous_25)","decl":{"start":{"line":95,"column":18},"end":{"line":95,"column":19}},"loc":{"start":{"line":95,"column":27},"end":{"line":108,"column":13}},"line":95},"26":{"name":"(anonymous_26)","decl":{"start":{"line":111,"column":10},"end":{"line":111,"column":11}},"loc":{"start":{"line":111,"column":57},"end":{"line":129,"column":5}},"line":111},"27":{"name":"(anonymous_27)","decl":{"start":{"line":113,"column":18},"end":{"line":113,"column":19}},"loc":{"start":{"line":113,"column":27},"end":{"line":128,"column":13}},"line":113},"28":{"name":"(anonymous_28)","decl":{"start":{"line":131,"column":11},"end":{"line":131,"column":12}},"loc":{"start":{"line":131,"column":72},"end":{"line":151,"column":5}},"line":131},"29":{"name":"(anonymous_29)","decl":{"start":{"line":133,"column":18},"end":{"line":133,"column":19}},"loc":{"start":{"line":133,"column":27},"end":{"line":150,"column":13}},"line":133},"30":{"name":"(anonymous_30)","decl":{"start":{"line":153,"column":10},"end":{"line":153,"column":11}},"loc":{"start":{"line":153,"column":71},"end":{"line":173,"column":5}},"line":153},"31":{"name":"(anonymous_31)","decl":{"start":{"line":155,"column":18},"end":{"line":155,"column":19}},"loc":{"start":{"line":155,"column":27},"end":{"line":172,"column":13}},"line":155}},"branchMap":{"0":{"loc":{"start":{"line":38,"column":16},"end":{"line":40,"column":17}},"type":"if","locations":[{"start":{"line":38,"column":16},"end":{"line":40,"column":17}},{"start":{"line":38,"column":16},"end":{"line":40,"column":17}}],"line":38},"1":{"loc":{"start":{"line":56,"column":16},"end":{"line":58,"column":17}},"type":"if","locations":[{"start":{"line":56,"column":16},"end":{"line":58,"column":17}},{"start":{"line":56,"column":16},"end":{"line":58,"column":17}}],"line":56},"2":{"loc":{"start":{"line":98,"column":16},"end":{"line":100,"column":17}},"type":"if","locations":[{"start":{"line":98,"column":16},"end":{"line":100,"column":17}},{"start":{"line":98,"column":16},"end":{"line":100,"column":17}}],"line":98},"3":{"loc":{"start":{"line":118,"column":16},"end":{"line":120,"column":17}},"type":"if","locations":[{"start":{"line":118,"column":16},"end":{"line":120,"column":17}},{"start":{"line":118,"column":16},"end":{"line":120,"column":17}}],"line":118},"4":{"loc":{"start":{"line":139,"column":16},"end":{"line":141,"column":17}},"type":"if","locations":[{"start":{"line":139,"column":16},"end":{"line":141,"column":17}},{"start":{"line":139,"column":16},"end":{"line":141,"column":17}}],"line":139},"5":{"loc":{"start":{"line":161,"column":16},"end":{"line":163,"column":17}},"type":"if","locations":[{"start":{"line":161,"column":16},"end":{"line":163,"column":17}},{"start":{"line":161,"column":16},"end":{"line":163,"column":17}}],"line":161}},"s":{"0":3,"1":5,"2":5,"3":5,"4":5,"5":5,"6":2,"7":5,"8":3,"9":1,"10":1,"11":1,"12":1,"13":5,"14":3,"15":3,"16":2,"17":1,"18":2,"19":5,"20":3,"21":0,"22":0,"23":0,"24":3,"25":3,"26":0,"27":3,"28":1,"29":5,"30":1,"31":0,"32":5,"33":4,"34":1,"35":1,"36":1,"37":5,"38":1,"39":1,"40":1,"41":5,"42":1,"43":0,"44":0,"45":0,"46":0,"47":5,"48":1,"49":1,"50":1,"51":0,"52":1,"53":5,"54":7,"55":7,"56":7,"57":1,"58":7,"59":5,"60":0,"61":0,"62":0,"63":0,"64":0},"f":{"0":5,"1":2,"2":3,"3":1,"4":1,"5":1,"6":1,"7":3,"8":3,"9":2,"10":3,"11":0,"12":3,"13":3,"14":1,"15":1,"16":0,"17":4,"18":1,"19":1,"20":1,"21":1,"22":1,"23":1,"24":1,"25":0,"26":1,"27":1,"28":7,"29":7,"30":0,"31":0},"b":{"0":[2,1],"1":[3,0],"2":[0,0],"3":[0,1],"4":[1,6],"5":[0,0]},"_coverageSchema":"1a1c01bbd47fc00a2c39e90264f33305004495a9","hash":"4c9a07ff3f310a6f1aa1607add7e63ee824e90c7"}
,"/Users/zack/src/bingematch/ui/swipe/etc/BaseProps.ts": {"path":"/Users/zack/src/bingematch/ui/swipe/etc/BaseProps.ts","statementMap":{},"fnMap":{},"branchMap":{},"s":{},"f":{},"b":{}}
,"/Users/zack/src/bingematch/ui/swipe/etc/Icons.tsx": {"path":"/Users/zack/src/bingematch/ui/swipe/etc/Icons.tsx","statementMap":{"0":{"start":{"line":7,"column":28},"end":{"line":10,"column":1}},"1":{"start":{"line":8,"column":4},"end":{"line":8,"column":53}},"2":{"start":{"line":12,"column":26},"end":{"line":14,"column":1}},"3":{"start":{"line":13,"column":4},"end":{"line":13,"column":50}},"4":{"start":{"line":16,"column":27},"end":{"line":18,"column":1}},"5":{"start":{"line":17,"column":4},"end":{"line":17,"column":51}},"6":{"start":{"line":20,"column":25},"end":{"line":22,"column":1}},"7":{"start":{"line":21,"column":4},"end":{"line":21,"column":52}},"8":{"start":{"line":24,"column":28},"end":{"line":26,"column":1}},"9":{"start":{"line":25,"column":4},"end":{"line":25,"column":48}},"10":{"start":{"line":28,"column":26},"end":{"line":30,"column":1}},"11":{"start":{"line":29,"column":4},"end":{"line":29,"column":48}},"12":{"start":{"line":32,"column":24},"end":{"line":34,"column":1}},"13":{"start":{"line":33,"column":4},"end":{"line":33,"column":48}},"14":{"start":{"line":36,"column":24},"end":{"line":38,"column":1}},"15":{"start":{"line":37,"column":4},"end":{"line":37,"column":49}},"16":{"start":{"line":40,"column":28},"end":{"line":42,"column":1}},"17":{"start":{"line":41,"column":4},"end":{"line":41,"column":48}},"18":{"start":{"line":44,"column":25},"end":{"line":46,"column":1}},"19":{"start":{"line":45,"column":4},"end":{"line":45,"column":49}},"20":{"start":{"line":48,"column":26},"end":{"line":50,"column":1}},"21":{"start":{"line":49,"column":4},"end":{"line":49,"column":49}},"22":{"start":{"line":52,"column":23},"end":{"line":54,"column":1}},"23":{"start":{"line":53,"column":4},"end":{"line":53,"column":49}}},"fnMap":{"0":{"name":"(anonymous_0)","decl":{"start":{"line":7,"column":28},"end":{"line":7,"column":29}},"loc":{"start":{"line":8,"column":4},"end":{"line":8,"column":53}},"line":8},"1":{"name":"(anonymous_1)","decl":{"start":{"line":12,"column":26},"end":{"line":12,"column":27}},"loc":{"start":{"line":13,"column":4},"end":{"line":13,"column":50}},"line":13},"2":{"name":"(anonymous_2)","decl":{"start":{"line":16,"column":27},"end":{"line":16,"column":28}},"loc":{"start":{"line":17,"column":4},"end":{"line":17,"column":51}},"line":17},"3":{"name":"(anonymous_3)","decl":{"start":{"line":20,"column":25},"end":{"line":20,"column":26}},"loc":{"start":{"line":21,"column":4},"end":{"line":21,"column":52}},"line":21},"4":{"name":"(anonymous_4)","decl":{"start":{"line":24,"column":28},"end":{"line":24,"column":29}},"loc":{"start":{"line":25,"column":4},"end":{"line":25,"column":48}},"line":25},"5":{"name":"(anonymous_5)","decl":{"start":{"line":28,"column":26},"end":{"line":28,"column":27}},"loc":{"start":{"line":29,"column":4},"end":{"line":29,"column":48}},"line":29},"6":{"name":"(anonymous_6)","decl":{"start":{"line":32,"column":24},"end":{"line":32,"column":25}},"loc":{"start":{"line":33,"column":4},"end":{"line":33,"column":48}},"line":33},"7":{"name":"(anonymous_7)","decl":{"start":{"line":36,"column":24},"end":{"line":36,"column":25}},"loc":{"start":{"line":37,"column":4},"end":{"line":37,"column":49}},"line":37},"8":{"name":"(anonymous_8)","decl":{"start":{"line":40,"column":28},"end":{"line":40,"column":29}},"loc":{"start":{"line":41,"column":4},"end":{"line":41,"column":48}},"line":41},"9":{"name":"(anonymous_9)","decl":{"start":{"line":44,"column":25},"end":{"line":44,"column":26}},"loc":{"start":{"line":45,"column":4},"end":{"line":45,"column":49}},"line":45},"10":{"name":"(anonymous_10)","decl":{"start":{"line":48,"column":26},"end":{"line":48,"column":27}},"loc":{"start":{"line":49,"column":4},"end":{"line":49,"column":49}},"line":49},"11":{"name":"(anonymous_11)","decl":{"start":{"line":52,"column":23},"end":{"line":52,"column":24}},"loc":{"start":{"line":53,"column":4},"end":{"line":53,"column":49}},"line":53}},"branchMap":{},"s":{"0":0,"1":0,"2":0,"3":0,"4":0,"5":0,"6":0,"7":0,"8":0,"9":0,"10":0,"11":0,"12":0,"13":0,"14":0,"15":0,"16":0,"17":0,"18":0,"19":0,"20":0,"21":0,"22":0,"23":0},"f":{"0":0,"1":0,"2":0,"3":0,"4":0,"5":0,"6":0,"7":0,"8":0,"9":0,"10":0,"11":0},"b":{}}
,"/Users/zack/src/bingematch/ui/swipe/etc/ImageOverlay.tsx": {"path":"/Users/zack/src/bingematch/ui/swipe/etc/ImageOverlay.tsx","statementMap":{"0":{"start":{"line":13,"column":30},"end":{"line":13,"column":51}},"1":{"start":{"line":15,"column":28},"end":{"line":31,"column":1}},"2":{"start":{"line":17,"column":55},"end":{"line":17,"column":60}},"3":{"start":{"line":18,"column":52},"end":{"line":18,"column":77}},"4":{"start":{"line":20,"column":2},"end":{"line":30,"column":4}}},"fnMap":{"0":{"name":"(anonymous_0)","decl":{"start":{"line":15,"column":28},"end":{"line":15,"column":29}},"loc":{"start":{"line":15,"column":101},"end":{"line":31,"column":1}},"line":15}},"branchMap":{"0":{"loc":{"start":{"line":26,"column":27},"end":{"line":26,"column":64}},"type":"binary-expr","locations":[{"start":{"line":26,"column":27},"end":{"line":26,"column":39}},{"start":{"line":26,"column":43},"end":{"line":26,"column":64}}],"line":26}},"s":{"0":2,"1":2,"2":7,"3":7,"4":7},"f":{"0":7},"b":{"0":[7,7]},"_coverageSchema":"1a1c01bbd47fc00a2c39e90264f33305004495a9","hash":"2c86950a279e9ef4daa5a8e2ea4a78b94c36311b"}
,"/Users/zack/src/bingematch/ui/swipe/onboard/ForgotPassword.tsx": {"path":"/Users/zack/src/bingematch/ui/swipe/onboard/ForgotPassword.tsx","statementMap":{"0":{"start":{"line":6,"column":45},"end":{"line":14,"column":1}},"1":{"start":{"line":8,"column":4},"end":{"line":13,"column":5}}},"fnMap":{"0":{"name":"(anonymous_0)","decl":{"start":{"line":6,"column":45},"end":{"line":6,"column":46}},"loc":{"start":{"line":6,"column":56},"end":{"line":14,"column":1}},"line":6}},"branchMap":{},"s":{"0":0,"1":0},"f":{"0":0},"b":{}}
,"/Users/zack/src/bingematch/ui/swipe/onboard/Login.tsx": {"path":"/Users/zack/src/bingematch/ui/swipe/onboard/Login.tsx","statementMap":{"0":{"start":{"line":13,"column":36},"end":{"line":109,"column":1}},"1":{"start":{"line":15,"column":16},"end":{"line":15,"column":41}},"2":{"start":{"line":17,"column":34},"end":{"line":21,"column":10}},"3":{"start":{"line":23,"column":31},"end":{"line":29,"column":5}},"4":{"start":{"line":24,"column":12},"end":{"line":28,"column":14}},"5":{"start":{"line":31,"column":4},"end":{"line":51,"column":51}},"6":{"start":{"line":32,"column":8},"end":{"line":36,"column":9}},"7":{"start":{"line":35,"column":12},"end":{"line":35,"column":18}},"8":{"start":{"line":39,"column":8},"end":{"line":43,"column":9}},"9":{"start":{"line":41,"column":12},"end":{"line":41,"column":38}},"10":{"start":{"line":42,"column":12},"end":{"line":42,"column":18}},"11":{"start":{"line":45,"column":8},"end":{"line":50,"column":10}},"12":{"start":{"line":49,"column":12},"end":{"line":49,"column":47}},"13":{"start":{"line":53,"column":32},"end":{"line":55,"column":5}},"14":{"start":{"line":54,"column":8},"end":{"line":54,"column":44}},"15":{"start":{"line":57,"column":40},"end":{"line":59,"column":5}},"16":{"start":{"line":58,"column":8},"end":{"line":58,"column":52}},"17":{"start":{"line":61,"column":4},"end":{"line":108,"column":6}},"18":{"start":{"line":111,"column":15},"end":{"line":144,"column":2}}},"fnMap":{"0":{"name":"(anonymous_0)","decl":{"start":{"line":13,"column":36},"end":{"line":13,"column":37}},"loc":{"start":{"line":13,"column":47},"end":{"line":109,"column":1}},"line":13},"1":{"name":"(anonymous_1)","decl":{"start":{"line":23,"column":31},"end":{"line":23,"column":32}},"loc":{"start":{"line":23,"column":44},"end":{"line":29,"column":5}},"line":23},"2":{"name":"(anonymous_2)","decl":{"start":{"line":31,"column":14},"end":{"line":31,"column":15}},"loc":{"start":{"line":31,"column":20},"end":{"line":51,"column":5}},"line":31},"3":{"name":"(anonymous_3)","decl":{"start":{"line":48,"column":16},"end":{"line":48,"column":17}},"loc":{"start":{"line":48,"column":22},"end":{"line":50,"column":9}},"line":48},"4":{"name":"(anonymous_4)","decl":{"start":{"line":53,"column":32},"end":{"line":53,"column":33}},"loc":{"start":{"line":53,"column":44},"end":{"line":55,"column":5}},"line":53},"5":{"name":"(anonymous_5)","decl":{"start":{"line":57,"column":40},"end":{"line":57,"column":41}},"loc":{"start":{"line":57,"column":52},"end":{"line":59,"column":5}},"line":57}},"branchMap":{"0":{"loc":{"start":{"line":32,"column":8},"end":{"line":36,"column":9}},"type":"if","locations":[{"start":{"line":32,"column":8},"end":{"line":36,"column":9}},{"start":{"line":32,"column":8},"end":{"line":36,"column":9}}],"line":32},"1":{"loc":{"start":{"line":32,"column":12},"end":{"line":34,"column":93}},"type":"binary-expr","locations":[{"start":{"line":32,"column":12},"end":{"line":32,"column":25}},{"start":{"line":33,"column":15},"end":{"line":34,"column":93}}],"line":32},"2":{"loc":{"start":{"line":39,"column":8},"end":{"line":43,"column":9}},"type":"if","locations":[{"start":{"line":39,"column":8},"end":{"line":43,"column":9}},{"start":{"line":39,"column":8},"end":{"line":43,"column":9}}],"line":39},"3":{"loc":{"start":{"line":39,"column":12},"end":{"line":40,"column":73}},"type":"binary-expr","locations":[{"start":{"line":39,"column":12},"end":{"line":39,"column":67}},{"start":{"line":40,"column":15},"end":{"line":40,"column":73}}],"line":39}},"s":{"0":1,"1":3,"2":3,"3":3,"4":0,"5":3,"6":3,"7":3,"8":0,"9":0,"10":0,"11":0,"12":0,"13":3,"14":0,"15":3,"16":0,"17":3,"18":1},"f":{"0":3,"1":0,"2":3,"3":0,"4":0,"5":0},"b":{"0":[3,0],"1":[3,0],"2":[0,0],"3":[0,0]},"_coverageSchema":"1a1c01bbd47fc00a2c39e90264f33305004495a9","hash":"c426dc78259613d015a1f6c2adfed4ec0578c71a"}
,"/Users/zack/src/bingematch/ui/swipe/onboard/OnboardEvents.ts": {"path":"/Users/zack/src/bingematch/ui/swipe/onboard/OnboardEvents.ts","statementMap":{"0":{"start":{"line":30,"column":23},"end":{"line":49,"column":1}},"1":{"start":{"line":32,"column":4},"end":{"line":34,"column":5}},"2":{"start":{"line":33,"column":8},"end":{"line":33,"column":60}},"3":{"start":{"line":36,"column":4},"end":{"line":38,"column":5}},"4":{"start":{"line":37,"column":8},"end":{"line":37,"column":69}},"5":{"start":{"line":40,"column":4},"end":{"line":42,"column":5}},"6":{"start":{"line":41,"column":8},"end":{"line":41,"column":63}},"7":{"start":{"line":44,"column":4},"end":{"line":46,"column":5}},"8":{"start":{"line":45,"column":8},"end":{"line":45,"column":36}},"9":{"start":{"line":48,"column":4},"end":{"line":48,"column":29}}},"fnMap":{"0":{"name":"(anonymous_0)","decl":{"start":{"line":30,"column":23},"end":{"line":30,"column":24}},"loc":{"start":{"line":30,"column":86},"end":{"line":49,"column":1}},"line":30}},"branchMap":{"0":{"loc":{"start":{"line":32,"column":4},"end":{"line":34,"column":5}},"type":"if","locations":[{"start":{"line":32,"column":4},"end":{"line":34,"column":5}},{"start":{"line":32,"column":4},"end":{"line":34,"column":5}}],"line":32},"1":{"loc":{"start":{"line":36,"column":4},"end":{"line":38,"column":5}},"type":"if","locations":[{"start":{"line":36,"column":4},"end":{"line":38,"column":5}},{"start":{"line":36,"column":4},"end":{"line":38,"column":5}}],"line":36},"2":{"loc":{"start":{"line":40,"column":4},"end":{"line":42,"column":5}},"type":"if","locations":[{"start":{"line":40,"column":4},"end":{"line":42,"column":5}},{"start":{"line":40,"column":4},"end":{"line":42,"column":5}}],"line":40},"3":{"loc":{"start":{"line":44,"column":4},"end":{"line":46,"column":5}},"type":"if","locations":[{"start":{"line":44,"column":4},"end":{"line":46,"column":5}},{"start":{"line":44,"column":4},"end":{"line":46,"column":5}}],"line":44}},"s":{"0":3,"1":15,"2":6,"3":15,"4":7,"5":15,"6":2,"7":15,"8":0,"9":15},"f":{"0":15},"b":{"0":[6,9],"1":[7,8],"2":[2,13],"3":[0,15]},"_coverageSchema":"1a1c01bbd47fc00a2c39e90264f33305004495a9","hash":"45010c72b4a5218f1903d72c9fc68a720030e4ee"}
,"/Users/zack/src/bingematch/ui/swipe/onboard/SignUp.tsx": {"path":"/Users/zack/src/bingematch/ui/swipe/onboard/SignUp.tsx","statementMap":{"0":{"start":{"line":13,"column":37},"end":{"line":102,"column":1}},"1":{"start":{"line":15,"column":16},"end":{"line":15,"column":41}},"2":{"start":{"line":17,"column":30},"end":{"line":21,"column":6}},"3":{"start":{"line":23,"column":32},"end":{"line":30,"column":5}},"4":{"start":{"line":24,"column":8},"end":{"line":29,"column":10}},"5":{"start":{"line":32,"column":4},"end":{"line":55,"column":15}},"6":{"start":{"line":33,"column":8},"end":{"line":39,"column":9}},"7":{"start":{"line":38,"column":12},"end":{"line":38,"column":18}},"8":{"start":{"line":42,"column":8},"end":{"line":47,"column":9}},"9":{"start":{"line":45,"column":12},"end":{"line":45,"column":38}},"10":{"start":{"line":46,"column":12},"end":{"line":46,"column":18}},"11":{"start":{"line":49,"column":8},"end":{"line":54,"column":10}},"12":{"start":{"line":53,"column":12},"end":{"line":53,"column":47}},"13":{"start":{"line":57,"column":31},"end":{"line":59,"column":5}},"14":{"start":{"line":58,"column":8},"end":{"line":58,"column":43}},"15":{"start":{"line":61,"column":4},"end":{"line":101,"column":5}},"16":{"start":{"line":104,"column":15},"end":{"line":124,"column":2}}},"fnMap":{"0":{"name":"(anonymous_0)","decl":{"start":{"line":13,"column":37},"end":{"line":13,"column":38}},"loc":{"start":{"line":13,"column":48},"end":{"line":102,"column":1}},"line":13},"1":{"name":"(anonymous_1)","decl":{"start":{"line":23,"column":32},"end":{"line":23,"column":33}},"loc":{"start":{"line":23,"column":44},"end":{"line":30,"column":5}},"line":23},"2":{"name":"(anonymous_2)","decl":{"start":{"line":32,"column":14},"end":{"line":32,"column":15}},"loc":{"start":{"line":32,"column":20},"end":{"line":55,"column":5}},"line":32},"3":{"name":"(anonymous_3)","decl":{"start":{"line":52,"column":16},"end":{"line":52,"column":17}},"loc":{"start":{"line":52,"column":22},"end":{"line":54,"column":9}},"line":52},"4":{"name":"(anonymous_4)","decl":{"start":{"line":57,"column":31},"end":{"line":57,"column":32}},"loc":{"start":{"line":57,"column":43},"end":{"line":59,"column":5}},"line":57}},"branchMap":{"0":{"loc":{"start":{"line":33,"column":8},"end":{"line":39,"column":9}},"type":"if","locations":[{"start":{"line":33,"column":8},"end":{"line":39,"column":9}},{"start":{"line":33,"column":8},"end":{"line":39,"column":9}}],"line":33},"1":{"loc":{"start":{"line":33,"column":12},"end":{"line":37,"column":63}},"type":"binary-expr","locations":[{"start":{"line":33,"column":12},"end":{"line":33,"column":25}},{"start":{"line":34,"column":15},"end":{"line":37,"column":63}}],"line":33},"2":{"loc":{"start":{"line":42,"column":8},"end":{"line":47,"column":9}},"type":"if","locations":[{"start":{"line":42,"column":8},"end":{"line":47,"column":9}},{"start":{"line":42,"column":8},"end":{"line":47,"column":9}}],"line":42},"3":{"loc":{"start":{"line":42,"column":12},"end":{"line":44,"column":71}},"type":"binary-expr","locations":[{"start":{"line":42,"column":12},"end":{"line":42,"column":67}},{"start":{"line":43,"column":15},"end":{"line":43,"column":73}},{"start":{"line":44,"column":15},"end":{"line":44,"column":71}}],"line":42}},"s":{"0":1,"1":4,"2":4,"3":4,"4":0,"5":4,"6":4,"7":4,"8":0,"9":0,"10":0,"11":0,"12":0,"13":4,"14":0,"15":4,"16":1},"f":{"0":4,"1":0,"2":4,"3":0,"4":0},"b":{"0":[4,0],"1":[4,0],"2":[0,0],"3":[0,0,0]},"_coverageSchema":"1a1c01bbd47fc00a2c39e90264f33305004495a9","hash":"31a32d3af4d918f9f8949d6b22d7ab03ecbd7b6f"}
,"/Users/zack/src/bingematch/ui/swipe/onboard/components/EmailInput.tsx": {"path":"/Users/zack/src/bingematch/ui/swipe/onboard/components/EmailInput.tsx","statementMap":{"0":{"start":{"line":7,"column":19},"end":{"line":7,"column":77}},"1":{"start":{"line":15,"column":37},"end":{"line":62,"column":1}},"2":{"start":{"line":17,"column":32},"end":{"line":17,"column":65}},"3":{"start":{"line":19,"column":4},"end":{"line":38,"column":21}},"4":{"start":{"line":20,"column":8},"end":{"line":22,"column":9}},"5":{"start":{"line":21,"column":12},"end":{"line":21,"column":18}},"6":{"start":{"line":24,"column":22},"end":{"line":24,"column":39}},"7":{"start":{"line":26,"column":8},"end":{"line":34,"column":9}},"8":{"start":{"line":27,"column":12},"end":{"line":27,"column":31}},"9":{"start":{"line":28,"column":12},"end":{"line":32,"column":24}},"10":{"start":{"line":33,"column":12},"end":{"line":33,"column":18}},"11":{"start":{"line":36,"column":8},"end":{"line":36,"column":28}},"12":{"start":{"line":37,"column":8},"end":{"line":37,"column":96}},"13":{"start":{"line":40,"column":4},"end":{"line":61,"column":1}},"14":{"start":{"line":48,"column":30},"end":{"line":48,"column":106}},"15":{"start":{"line":58,"column":41},"end":{"line":58,"column":76}},"16":{"start":{"line":64,"column":15},"end":{"line":68,"column":2}}},"fnMap":{"0":{"name":"(anonymous_0)","decl":{"start":{"line":15,"column":37},"end":{"line":15,"column":38}},"loc":{"start":{"line":15,"column":48},"end":{"line":62,"column":1}},"line":15},"1":{"name":"(anonymous_1)","decl":{"start":{"line":19,"column":14},"end":{"line":19,"column":15}},"loc":{"start":{"line":19,"column":20},"end":{"line":38,"column":5}},"line":19},"2":{"name":"(anonymous_2)","decl":{"start":{"line":48,"column":24},"end":{"line":48,"column":25}},"loc":{"start":{"line":48,"column":30},"end":{"line":48,"column":106}},"line":48},"3":{"name":"(anonymous_3)","decl":{"start":{"line":58,"column":30},"end":{"line":58,"column":31}},"loc":{"start":{"line":58,"column":41},"end":{"line":58,"column":76}},"line":58}},"branchMap":{"0":{"loc":{"start":{"line":20,"column":8},"end":{"line":22,"column":9}},"type":"if","locations":[{"start":{"line":20,"column":8},"end":{"line":22,"column":9}},{"start":{"line":20,"column":8},"end":{"line":22,"column":9}}],"line":20},"1":{"loc":{"start":{"line":26,"column":8},"end":{"line":34,"column":9}},"type":"if","locations":[{"start":{"line":26,"column":8},"end":{"line":34,"column":9}},{"start":{"line":26,"column":8},"end":{"line":34,"column":9}}],"line":26},"2":{"loc":{"start":{"line":26,"column":12},"end":{"line":26,"column":65}},"type":"binary-expr","locations":[{"start":{"line":26,"column":12},"end":{"line":26,"column":18}},{"start":{"line":26,"column":22},"end":{"line":26,"column":38}},{"start":{"line":26,"column":42},"end":{"line":26,"column":65}}],"line":26}},"s":{"0":3,"1":3,"2":8,"3":8,"4":8,"5":8,"6":0,"7":0,"8":0,"9":0,"10":0,"11":0,"12":0,"13":8,"14":2,"15":4,"16":3},"f":{"0":8,"1":8,"2":2,"3":4},"b":{"0":[8,0],"1":[0,0],"2":[0,0,0]},"_coverageSchema":"1a1c01bbd47fc00a2c39e90264f33305004495a9","hash":"d6ca205c37d258ff719242c39ed344888381d2bb"}
,"/Users/zack/src/bingematch/ui/swipe/onboard/components/PasswordInput.tsx": {"path":"/Users/zack/src/bingematch/ui/swipe/onboard/components/PasswordInput.tsx","statementMap":{"0":{"start":{"line":16,"column":40},"end":{"line":120,"column":1}},"1":{"start":{"line":18,"column":48},"end":{"line":18,"column":81}},"2":{"start":{"line":19,"column":44},"end":{"line":19,"column":77}},"3":{"start":{"line":21,"column":4},"end":{"line":32,"column":48}},"4":{"start":{"line":22,"column":8},"end":{"line":25,"column":9}},"5":{"start":{"line":23,"column":12},"end":{"line":23,"column":27}},"6":{"start":{"line":24,"column":12},"end":{"line":24,"column":18}},"7":{"start":{"line":27,"column":8},"end":{"line":30,"column":9}},"8":{"start":{"line":28,"column":12},"end":{"line":28,"column":25}},"9":{"start":{"line":29,"column":12},"end":{"line":29,"column":18}},"10":{"start":{"line":34,"column":24},"end":{"line":52,"column":5}},"11":{"start":{"line":36,"column":8},"end":{"line":43,"column":9}},"12":{"start":{"line":37,"column":12},"end":{"line":37,"column":37}},"13":{"start":{"line":38,"column":12},"end":{"line":41,"column":14}},"14":{"start":{"line":42,"column":12},"end":{"line":42,"column":24}},"15":{"start":{"line":45,"column":8},"end":{"line":45,"column":34}},"16":{"start":{"line":46,"column":8},"end":{"line":49,"column":10}},"17":{"start":{"line":51,"column":8},"end":{"line":51,"column":19}},"18":{"start":{"line":54,"column":26},"end":{"line":73,"column":5}},"19":{"start":{"line":56,"column":8},"end":{"line":60,"column":9}},"20":{"start":{"line":57,"column":12},"end":{"line":57,"column":39}},"21":{"start":{"line":58,"column":12},"end":{"line":58,"column":131}},"22":{"start":{"line":59,"column":12},"end":{"line":59,"column":24}},"23":{"start":{"line":63,"column":8},"end":{"line":67,"column":9}},"24":{"start":{"line":64,"column":12},"end":{"line":64,"column":39}},"25":{"start":{"line":65,"column":12},"end":{"line":65,"column":152}},"26":{"start":{"line":66,"column":12},"end":{"line":66,"column":24}},"27":{"start":{"line":69,"column":8},"end":{"line":69,"column":36}},"28":{"start":{"line":70,"column":8},"end":{"line":70,"column":99}},"29":{"start":{"line":72,"column":8},"end":{"line":72,"column":19}},"30":{"start":{"line":76,"column":8},"end":{"line":90,"column":10}},"31":{"start":{"line":78,"column":26},"end":{"line":78,"column":104}},"32":{"start":{"line":85,"column":37},"end":{"line":85,"column":75}},"33":{"start":{"line":93,"column":8},"end":{"line":107,"column":10}},"34":{"start":{"line":95,"column":26},"end":{"line":95,"column":102}},"35":{"start":{"line":102,"column":37},"end":{"line":102,"column":73}},"36":{"start":{"line":110,"column":4},"end":{"line":119,"column":5}},"37":{"start":{"line":122,"column":15},"end":{"line":123,"column":2}}},"fnMap":{"0":{"name":"(anonymous_0)","decl":{"start":{"line":16,"column":40},"end":{"line":16,"column":41}},"loc":{"start":{"line":16,"column":51},"end":{"line":120,"column":1}},"line":16},"1":{"name":"(anonymous_1)","decl":{"start":{"line":21,"column":14},"end":{"line":21,"column":15}},"loc":{"start":{"line":21,"column":20},"end":{"line":32,"column":5}},"line":21},"2":{"name":"(anonymous_2)","decl":{"start":{"line":34,"column":24},"end":{"line":34,"column":25}},"loc":{"start":{"line":34,"column":40},"end":{"line":52,"column":5}},"line":34},"3":{"name":"(anonymous_3)","decl":{"start":{"line":54,"column":26},"end":{"line":54,"column":27}},"loc":{"start":{"line":54,"column":42},"end":{"line":73,"column":5}},"line":54},"4":{"name":"(anonymous_4)","decl":{"start":{"line":78,"column":20},"end":{"line":78,"column":21}},"loc":{"start":{"line":78,"column":26},"end":{"line":78,"column":104}},"line":78},"5":{"name":"(anonymous_5)","decl":{"start":{"line":85,"column":26},"end":{"line":85,"column":27}},"loc":{"start":{"line":85,"column":37},"end":{"line":85,"column":75}},"line":85},"6":{"name":"(anonymous_6)","decl":{"start":{"line":95,"column":20},"end":{"line":95,"column":21}},"loc":{"start":{"line":95,"column":26},"end":{"line":95,"column":102}},"line":95},"7":{"name":"(anonymous_7)","decl":{"start":{"line":102,"column":26},"end":{"line":102,"column":27}},"loc":{"start":{"line":102,"column":37},"end":{"line":102,"column":73}},"line":102}},"branchMap":{"0":{"loc":{"start":{"line":22,"column":8},"end":{"line":25,"column":9}},"type":"if","locations":[{"start":{"line":22,"column":8},"end":{"line":25,"column":9}},{"start":{"line":22,"column":8},"end":{"line":25,"column":9}}],"line":22},"1":{"loc":{"start":{"line":27,"column":8},"end":{"line":30,"column":9}},"type":"if","locations":[{"start":{"line":27,"column":8},"end":{"line":30,"column":9}},{"start":{"line":27,"column":8},"end":{"line":30,"column":9}}],"line":27},"2":{"loc":{"start":{"line":36,"column":8},"end":{"line":43,"column":9}},"type":"if","locations":[{"start":{"line":36,"column":8},"end":{"line":43,"column":9}},{"start":{"line":36,"column":8},"end":{"line":43,"column":9}}],"line":36},"3":{"loc":{"start":{"line":56,"column":8},"end":{"line":60,"column":9}},"type":"if","locations":[{"start":{"line":56,"column":8},"end":{"line":60,"column":9}},{"start":{"line":56,"column":8},"end":{"line":60,"column":9}}],"line":56},"4":{"loc":{"start":{"line":63,"column":8},"end":{"line":67,"column":9}},"type":"if","locations":[{"start":{"line":63,"column":8},"end":{"line":67,"column":9}},{"start":{"line":63,"column":8},"end":{"line":67,"column":9}}],"line":63},"5":{"loc":{"start":{"line":63,"column":12},"end":{"line":63,"column":67}},"type":"binary-expr","locations":[{"start":{"line":63,"column":12},"end":{"line":63,"column":27}},{"start":{"line":63,"column":31},"end":{"line":63,"column":67}}],"line":63},"6":{"loc":{"start":{"line":110,"column":11},"end":{"line":119,"column":5}},"type":"cond-expr","locations":[{"start":{"line":111,"column":8},"end":{"line":114,"column":15}},{"start":{"line":116,"column":8},"end":{"line":118,"column":15}}],"line":110}},"s":{"0":3,"1":8,"2":8,"3":8,"4":8,"5":0,"6":0,"7":8,"8":0,"9":0,"10":8,"11":0,"12":0,"13":0,"14":0,"15":0,"16":0,"17":0,"18":8,"19":0,"20":0,"21":0,"22":0,"23":0,"24":0,"25":0,"26":0,"27":0,"28":0,"29":0,"30":8,"31":3,"32":4,"33":8,"34":0,"35":2,"36":8,"37":3},"f":{"0":8,"1":8,"2":0,"3":0,"4":3,"5":4,"6":0,"7":2},"b":{"0":[0,8],"1":[0,8],"2":[0,0],"3":[0,0],"4":[0,0],"5":[0,0],"6":[5,3]},"_coverageSchema":"1a1c01bbd47fc00a2c39e90264f33305004495a9","hash":"17d835a087b4211c87953ee553a1293424792b42"}
,"/Users/zack/src/bingematch/ui/swipe/onboard/components/Social.tsx": {"path":"/Users/zack/src/bingematch/ui/swipe/onboard/components/Social.tsx","statementMap":{"0":{"start":{"line":10,"column":33},"end":{"line":29,"column":1}},"1":{"start":{"line":11,"column":4},"end":{"line":28,"column":5}},"2":{"start":{"line":31,"column":15},"end":{"line":45,"column":2}}},"fnMap":{"0":{"name":"(anonymous_0)","decl":{"start":{"line":10,"column":33},"end":{"line":10,"column":34}},"loc":{"start":{"line":10,"column":44},"end":{"line":29,"column":1}},"line":10}},"branchMap":{},"s":{"0":2,"1":7,"2":2},"f":{"0":7},"b":{},"_coverageSchema":"1a1c01bbd47fc00a2c39e90264f33305004495a9","hash":"0b03e9e281553e28a8737850a79e113449c7c221"}
,"/Users/zack/src/bingematch/ui/swipe/queue/Actions.tsx": {"path":"/Users/zack/src/bingematch/ui/swipe/queue/Actions.tsx","statementMap":{"0":{"start":{"line":13,"column":39},"end":{"line":78,"column":1}},"1":{"start":{"line":15,"column":64},"end":{"line":19,"column":6}},"2":{"start":{"line":21,"column":26},"end":{"line":34,"column":5}},"3":{"start":{"line":22,"column":24},"end":{"line":22,"column":47}},"4":{"start":{"line":23,"column":8},"end":{"line":33,"column":19}},"5":{"start":{"line":35,"column":25},"end":{"line":51,"column":5}},"6":{"start":{"line":37,"column":8},"end":{"line":50,"column":9}},"7":{"start":{"line":42,"column":24},"end":{"line":42,"column":43}},"8":{"start":{"line":43,"column":24},"end":{"line":48,"column":26}},"9":{"start":{"line":53,"column":4},"end":{"line":77,"column":5}},"10":{"start":{"line":80,"column":15},"end":{"line":95,"column":2}}},"fnMap":{"0":{"name":"(anonymous_0)","decl":{"start":{"line":13,"column":39},"end":{"line":13,"column":40}},"loc":{"start":{"line":13,"column":50},"end":{"line":78,"column":1}},"line":13},"1":{"name":"(anonymous_1)","decl":{"start":{"line":21,"column":26},"end":{"line":21,"column":27}},"loc":{"start":{"line":21,"column":55},"end":{"line":34,"column":5}},"line":21},"2":{"name":"(anonymous_2)","decl":{"start":{"line":35,"column":25},"end":{"line":35,"column":26}},"loc":{"start":{"line":35,"column":100},"end":{"line":51,"column":5}},"line":35},"3":{"name":"(anonymous_3)","decl":{"start":{"line":41,"column":29},"end":{"line":41,"column":30}},"loc":{"start":{"line":41,"column":35},"end":{"line":49,"column":21}},"line":41}},"branchMap":{},"s":{"0":2,"1":0,"2":0,"3":0,"4":0,"5":0,"6":0,"7":0,"8":0,"9":0,"10":2},"f":{"0":0,"1":0,"2":0,"3":0},"b":{},"_coverageSchema":"1a1c01bbd47fc00a2c39e90264f33305004495a9","hash":"910fb19f706ac6c04e9c5f8bba471ec1fe049d18"}
,"/Users/zack/src/bingematch/ui/swipe/queue/Card.tsx": {"path":"/Users/zack/src/bingematch/ui/swipe/queue/Card.tsx","statementMap":{"0":{"start":{"line":25,"column":31},"end":{"line":301,"column":1}},"1":{"start":{"line":26,"column":19},"end":{"line":26,"column":40}},"2":{"start":{"line":27,"column":23},"end":{"line":27,"column":39}},"3":{"start":{"line":28,"column":24},"end":{"line":28,"column":41}},"4":{"start":{"line":30,"column":52},"end":{"line":77,"column":6}},"5":{"start":{"line":79,"column":17},"end":{"line":79,"column":55}},"6":{"start":{"line":80,"column":18},"end":{"line":80,"column":55}},"7":{"start":{"line":81,"column":19},"end":{"line":81,"column":56}},"8":{"start":{"line":82,"column":17},"end":{"line":82,"column":54}},"9":{"start":{"line":83,"column":18},"end":{"line":83,"column":55}},"10":{"start":{"line":85,"column":18},"end":{"line":87,"column":5}},"11":{"start":{"line":86,"column":8},"end":{"line":86,"column":79}},"12":{"start":{"line":89,"column":25},"end":{"line":97,"column":5}},"13":{"start":{"line":90,"column":8},"end":{"line":96,"column":10}},"14":{"start":{"line":99,"column":25},"end":{"line":218,"column":13}},"15":{"start":{"line":104,"column":64},"end":{"line":104,"column":68}},"16":{"start":{"line":105,"column":71},"end":{"line":105,"column":75}},"17":{"start":{"line":108,"column":16},"end":{"line":111,"column":27}},"18":{"start":{"line":116,"column":16},"end":{"line":119,"column":19}},"19":{"start":{"line":121,"column":16},"end":{"line":121,"column":69}},"20":{"start":{"line":123,"column":30},"end":{"line":123,"column":64}},"21":{"start":{"line":124,"column":16},"end":{"line":130,"column":17}},"22":{"start":{"line":125,"column":20},"end":{"line":125,"column":58}},"23":{"start":{"line":126,"column":20},"end":{"line":126,"column":37}},"24":{"start":{"line":128,"column":20},"end":{"line":128,"column":63}},"25":{"start":{"line":129,"column":20},"end":{"line":129,"column":38}},"26":{"start":{"line":132,"column":69},"end":{"line":132,"column":73}},"27":{"start":{"line":135,"column":16},"end":{"line":138,"column":27}},"28":{"start":{"line":139,"column":16},"end":{"line":142,"column":27}},"29":{"start":{"line":144,"column":16},"end":{"line":147,"column":27}},"30":{"start":{"line":148,"column":16},"end":{"line":151,"column":27}},"31":{"start":{"line":158,"column":30},"end":{"line":158,"column":64}},"32":{"start":{"line":159,"column":32},"end":{"line":159,"column":67}},"33":{"start":{"line":161,"column":16},"end":{"line":206,"column":17}},"34":{"start":{"line":162,"column":20},"end":{"line":168,"column":30}},"35":{"start":{"line":169,"column":20},"end":{"line":169,"column":89}},"36":{"start":{"line":169,"column":37},"end":{"line":169,"column":76}},"37":{"start":{"line":171,"column":23},"end":{"line":206,"column":17}},"38":{"start":{"line":172,"column":20},"end":{"line":178,"column":31}},"39":{"start":{"line":179,"column":20},"end":{"line":179,"column":92}},"40":{"start":{"line":179,"column":37},"end":{"line":179,"column":79}},"41":{"start":{"line":181,"column":23},"end":{"line":206,"column":17}},"42":{"start":{"line":182,"column":20},"end":{"line":188,"column":31}},"43":{"start":{"line":189,"column":20},"end":{"line":189,"column":89}},"44":{"start":{"line":189,"column":37},"end":{"line":189,"column":76}},"45":{"start":{"line":191,"column":23},"end":{"line":206,"column":17}},"46":{"start":{"line":192,"column":20},"end":{"line":198,"column":31}},"47":{"start":{"line":199,"column":20},"end":{"line":199,"column":89}},"48":{"start":{"line":199,"column":37},"end":{"line":199,"column":76}},"49":{"start":{"line":202,"column":20},"end":{"line":205,"column":31}},"50":{"start":{"line":215,"column":16},"end":{"line":215,"column":28}},"51":{"start":{"line":220,"column":20},"end":{"line":239,"column":5}},"52":{"start":{"line":221,"column":8},"end":{"line":238,"column":18}},"53":{"start":{"line":241,"column":4},"end":{"line":284,"column":20}},"54":{"start":{"line":243,"column":22},"end":{"line":243,"column":58}},"55":{"start":{"line":246,"column":8},"end":{"line":261,"column":9}},"56":{"start":{"line":247,"column":12},"end":{"line":252,"column":13}},"57":{"start":{"line":250,"column":20},"end":{"line":250,"column":34}},"58":{"start":{"line":251,"column":20},"end":{"line":251,"column":26}},"59":{"start":{"line":253,"column":12},"end":{"line":258,"column":19}},"60":{"start":{"line":254,"column":16},"end":{"line":257,"column":18}},"61":{"start":{"line":260,"column":12},"end":{"line":260,"column":18}},"62":{"start":{"line":264,"column":8},"end":{"line":276,"column":9}},"63":{"start":{"line":266,"column":12},"end":{"line":266,"column":26}},"64":{"start":{"line":269,"column":12},"end":{"line":274,"column":19}},"65":{"start":{"line":270,"column":16},"end":{"line":273,"column":18}},"66":{"start":{"line":275,"column":12},"end":{"line":275,"column":18}},"67":{"start":{"line":278,"column":8},"end":{"line":282,"column":9}},"68":{"start":{"line":279,"column":12},"end":{"line":279,"column":39}},"69":{"start":{"line":280,"column":12},"end":{"line":280,"column":35}},"70":{"start":{"line":281,"column":12},"end":{"line":281,"column":41}},"71":{"start":{"line":286,"column":4},"end":{"line":300,"column":6}}},"fnMap":{"0":{"name":"(anonymous_0)","decl":{"start":{"line":25,"column":31},"end":{"line":25,"column":32}},"loc":{"start":{"line":25,"column":42},"end":{"line":301,"column":1}},"line":25},"1":{"name":"(anonymous_1)","decl":{"start":{"line":85,"column":18},"end":{"line":85,"column":19}},"loc":{"start":{"line":85,"column":92},"end":{"line":87,"column":5}},"line":85},"2":{"name":"(anonymous_2)","decl":{"start":{"line":89,"column":25},"end":{"line":89,"column":26}},"loc":{"start":{"line":89,"column":55},"end":{"line":97,"column":5}},"line":89},"3":{"name":"(anonymous_3)","decl":{"start":{"line":104,"column":41},"end":{"line":104,"column":42}},"loc":{"start":{"line":104,"column":64},"end":{"line":104,"column":68}},"line":104},"4":{"name":"(anonymous_4)","decl":{"start":{"line":105,"column":48},"end":{"line":105,"column":49}},"loc":{"start":{"line":105,"column":71},"end":{"line":105,"column":75}},"line":105},"5":{"name":"(anonymous_5)","decl":{"start":{"line":106,"column":33},"end":{"line":106,"column":34}},"loc":{"start":{"line":106,"column":56},"end":{"line":112,"column":13}},"line":106},"6":{"name":"(anonymous_6)","decl":{"start":{"line":113,"column":32},"end":{"line":113,"column":33}},"loc":{"start":{"line":113,"column":55},"end":{"line":131,"column":13}},"line":113},"7":{"name":"(anonymous_7)","decl":{"start":{"line":132,"column":46},"end":{"line":132,"column":47}},"loc":{"start":{"line":132,"column":69},"end":{"line":132,"column":73}},"line":132},"8":{"name":"(anonymous_8)","decl":{"start":{"line":133,"column":35},"end":{"line":133,"column":36}},"loc":{"start":{"line":133,"column":58},"end":{"line":207,"column":13}},"line":133},"9":{"name":"(anonymous_9)","decl":{"start":{"line":169,"column":31},"end":{"line":169,"column":32}},"loc":{"start":{"line":169,"column":37},"end":{"line":169,"column":76}},"line":169},"10":{"name":"(anonymous_10)","decl":{"start":{"line":179,"column":31},"end":{"line":179,"column":32}},"loc":{"start":{"line":179,"column":37},"end":{"line":179,"column":79}},"line":179},"11":{"name":"(anonymous_11)","decl":{"start":{"line":189,"column":31},"end":{"line":189,"column":32}},"loc":{"start":{"line":189,"column":37},"end":{"line":189,"column":76}},"line":189},"12":{"name":"(anonymous_12)","decl":{"start":{"line":199,"column":31},"end":{"line":199,"column":32}},"loc":{"start":{"line":199,"column":37},"end":{"line":199,"column":76}},"line":199},"13":{"name":"(anonymous_13)","decl":{"start":{"line":208,"column":37},"end":{"line":208,"column":38}},"loc":{"start":{"line":208,"column":60},"end":{"line":211,"column":13}},"line":208},"14":{"name":"(anonymous_14)","decl":{"start":{"line":212,"column":42},"end":{"line":212,"column":43}},"loc":{"start":{"line":212,"column":65},"end":{"line":216,"column":13}},"line":212},"15":{"name":"(anonymous_15)","decl":{"start":{"line":220,"column":20},"end":{"line":220,"column":21}},"loc":{"start":{"line":220,"column":48},"end":{"line":239,"column":5}},"line":220},"16":{"name":"(anonymous_16)","decl":{"start":{"line":241,"column":14},"end":{"line":241,"column":15}},"loc":{"start":{"line":241,"column":20},"end":{"line":284,"column":5}},"line":241},"17":{"name":"(anonymous_17)","decl":{"start":{"line":253,"column":23},"end":{"line":253,"column":24}},"loc":{"start":{"line":253,"column":29},"end":{"line":258,"column":13}},"line":253},"18":{"name":"(anonymous_18)","decl":{"start":{"line":269,"column":23},"end":{"line":269,"column":24}},"loc":{"start":{"line":269,"column":29},"end":{"line":274,"column":13}},"line":269}},"branchMap":{"0":{"loc":{"start":{"line":86,"column":15},"end":{"line":86,"column":79}},"type":"binary-expr","locations":[{"start":{"line":86,"column":15},"end":{"line":86,"column":45}},{"start":{"line":86,"column":49},"end":{"line":86,"column":79}}],"line":86},"1":{"loc":{"start":{"line":124,"column":16},"end":{"line":130,"column":17}},"type":"if","locations":[{"start":{"line":124,"column":16},"end":{"line":130,"column":17}},{"start":{"line":124,"column":16},"end":{"line":130,"column":17}}],"line":124},"2":{"loc":{"start":{"line":125,"column":35},"end":{"line":125,"column":56}},"type":"cond-expr","locations":[{"start":{"line":125,"column":47},"end":{"line":125,"column":48}},{"start":{"line":125,"column":51},"end":{"line":125,"column":56}}],"line":125},"3":{"loc":{"start":{"line":128,"column":34},"end":{"line":128,"column":61}},"type":"cond-expr","locations":[{"start":{"line":128,"column":47},"end":{"line":128,"column":48}},{"start":{"line":128,"column":51},"end":{"line":128,"column":61}}],"line":128},"4":{"loc":{"start":{"line":161,"column":16},"end":{"line":206,"column":17}},"type":"if","locations":[{"start":{"line":161,"column":16},"end":{"line":206,"column":17}},{"start":{"line":161,"column":16},"end":{"line":206,"column":17}}],"line":161},"5":{"loc":{"start":{"line":171,"column":23},"end":{"line":206,"column":17}},"type":"if","locations":[{"start":{"line":171,"column":23},"end":{"line":206,"column":17}},{"start":{"line":171,"column":23},"end":{"line":206,"column":17}}],"line":171},"6":{"loc":{"start":{"line":181,"column":23},"end":{"line":206,"column":17}},"type":"if","locations":[{"start":{"line":181,"column":23},"end":{"line":206,"column":17}},{"start":{"line":181,"column":23},"end":{"line":206,"column":17}}],"line":181},"7":{"loc":{"start":{"line":191,"column":23},"end":{"line":206,"column":17}},"type":"if","locations":[{"start":{"line":191,"column":23},"end":{"line":206,"column":17}},{"start":{"line":191,"column":23},"end":{"line":206,"column":17}}],"line":191},"8":{"loc":{"start":{"line":246,"column":8},"end":{"line":261,"column":9}},"type":"if","locations":[{"start":{"line":246,"column":8},"end":{"line":261,"column":9}},{"start":{"line":246,"column":8},"end":{"line":261,"column":9}}],"line":246},"9":{"loc":{"start":{"line":246,"column":12},"end":{"line":246,"column":76}},"type":"binary-expr","locations":[{"start":{"line":246,"column":12},"end":{"line":246,"column":53}},{"start":{"line":246,"column":57},"end":{"line":246,"column":76}}],"line":246},"10":{"loc":{"start":{"line":247,"column":12},"end":{"line":252,"column":13}},"type":"switch","locations":[{"start":{"line":248,"column":16},"end":{"line":248,"column":36}},{"start":{"line":249,"column":16},"end":{"line":251,"column":26}}],"line":247},"11":{"loc":{"start":{"line":264,"column":8},"end":{"line":276,"column":9}},"type":"if","locations":[{"start":{"line":264,"column":8},"end":{"line":276,"column":9}},{"start":{"line":264,"column":8},"end":{"line":276,"column":9}}],"line":264},"12":{"loc":{"start":{"line":264,"column":12},"end":{"line":264,"column":77}},"type":"binary-expr","locations":[{"start":{"line":264,"column":12},"end":{"line":264,"column":53}},{"start":{"line":264,"column":57},"end":{"line":264,"column":77}}],"line":264},"13":{"loc":{"start":{"line":278,"column":8},"end":{"line":282,"column":9}},"type":"if","locations":[{"start":{"line":278,"column":8},"end":{"line":282,"column":9}},{"start":{"line":278,"column":8},"end":{"line":282,"column":9}}],"line":278}},"s":{"0":2,"1":0,"2":0,"3":0,"4":0,"5":0,"6":0,"7":0,"8":0,"9":0,"10":0,"11":0,"12":0,"13":0,"14":0,"15":0,"16":0,"17":0,"18":0,"19":0,"20":0,"21":0,"22":0,"23":0,"24":0,"25":0,"26":0,"27":0,"28":0,"29":0,"30":0,"31":0,"32":0,"33":0,"34":0,"35":0,"36":0,"37":0,"38":0,"39":0,"40":0,"41":0,"42":0,"43":0,"44":0,"45":0,"46":0,"47":0,"48":0,"49":0,"50":0,"51":0,"52":0,"53":0,"54":0,"55":0,"56":0,"57":0,"58":0,"59":0,"60":0,"61":0,"62":0,"63":0,"64":0,"65":0,"66":0,"67":0,"68":0,"69":0,"70":0,"71":0},"f":{"0":0,"1":0,"2":0,"3":0,"4":0,"5":0,"6":0,"7":0,"8":0,"9":0,"10":0,"11":0,"12":0,"13":0,"14":0,"15":0,"16":0,"17":0,"18":0},"b":{"0":[0,0],"1":[0,0],"2":[0,0],"3":[0,0],"4":[0,0],"5":[0,0],"6":[0,0],"7":[0,0],"8":[0,0],"9":[0,0],"10":[0,0],"11":[0,0],"12":[0,0],"13":[0,0]},"_coverageSchema":"1a1c01bbd47fc00a2c39e90264f33305004495a9","hash":"dd11b91f2d49deca97c2e7a18c9a1c64fe50fe48"}
,"/Users/zack/src/bingematch/ui/swipe/queue/Deck.tsx": {"path":"/Users/zack/src/bingematch/ui/swipe/queue/Deck.tsx","statementMap":{"0":{"start":{"line":15,"column":14},"end":{"line":20,"column":8}},"1":{"start":{"line":22,"column":31},"end":{"line":95,"column":1}},"2":{"start":{"line":24,"column":19},"end":{"line":24,"column":43}},"3":{"start":{"line":25,"column":23},"end":{"line":25,"column":42}},"4":{"start":{"line":26,"column":22},"end":{"line":26,"column":40}},"5":{"start":{"line":28,"column":23},"end":{"line":28,"column":63}},"6":{"start":{"line":28,"column":32},"end":{"line":28,"column":63}},"7":{"start":{"line":30,"column":24},"end":{"line":36,"column":5}},"8":{"start":{"line":31,"column":23},"end":{"line":34,"column":14}},"9":{"start":{"line":33,"column":16},"end":{"line":33,"column":52}},"10":{"start":{"line":35,"column":8},"end":{"line":35,"column":19}},"11":{"start":{"line":38,"column":19},"end":{"line":85,"column":5}},"12":{"start":{"line":39,"column":8},"end":{"line":84,"column":15}},"13":{"start":{"line":56,"column":45},"end":{"line":56,"column":63}},"14":{"start":{"line":58,"column":32},"end":{"line":58,"column":90}},"15":{"start":{"line":87,"column":4},"end":{"line":94,"column":5}},"16":{"start":{"line":99,"column":15},"end":{"line":173,"column":2}}},"fnMap":{"0":{"name":"(anonymous_0)","decl":{"start":{"line":22,"column":31},"end":{"line":22,"column":32}},"loc":{"start":{"line":22,"column":42},"end":{"line":95,"column":1}},"line":22},"1":{"name":"(anonymous_1)","decl":{"start":{"line":28,"column":23},"end":{"line":28,"column":24}},"loc":{"start":{"line":28,"column":32},"end":{"line":28,"column":63}},"line":28},"2":{"name":"(anonymous_2)","decl":{"start":{"line":30,"column":24},"end":{"line":30,"column":25}},"loc":{"start":{"line":30,"column":39},"end":{"line":36,"column":5}},"line":30},"3":{"name":"(anonymous_3)","decl":{"start":{"line":32,"column":18},"end":{"line":32,"column":19}},"loc":{"start":{"line":32,"column":28},"end":{"line":34,"column":13}},"line":32},"4":{"name":"(anonymous_4)","decl":{"start":{"line":38,"column":19},"end":{"line":38,"column":20}},"loc":{"start":{"line":39,"column":8},"end":{"line":84,"column":15}},"line":39},"5":{"name":"(anonymous_5)","decl":{"start":{"line":56,"column":36},"end":{"line":56,"column":37}},"loc":{"start":{"line":56,"column":45},"end":{"line":56,"column":63}},"line":56},"6":{"name":"(anonymous_6)","decl":{"start":{"line":57,"column":33},"end":{"line":57,"column":34}},"loc":{"start":{"line":58,"column":32},"end":{"line":58,"column":90}},"line":58}},"branchMap":{},"s":{"0":2,"1":2,"2":0,"3":0,"4":0,"5":0,"6":0,"7":0,"8":0,"9":0,"10":0,"11":0,"12":0,"13":0,"14":0,"15":0,"16":2},"f":{"0":0,"1":0,"2":0,"3":0,"4":0,"5":0,"6":0},"b":{},"_coverageSchema":"1a1c01bbd47fc00a2c39e90264f33305004495a9","hash":"4d0f1ad5013f5a8f3780883acd0b5dbf2ffd6543"}
,"/Users/zack/src/bingematch/ui/swipe/queue/Header.tsx": {"path":"/Users/zack/src/bingematch/ui/swipe/queue/Header.tsx","statementMap":{"0":{"start":{"line":8,"column":42},"end":{"line":36,"column":1}},"1":{"start":{"line":21,"column":4},"end":{"line":35,"column":5}},"2":{"start":{"line":38,"column":15},"end":{"line":65,"column":2}}},"fnMap":{"0":{"name":"(anonymous_0)","decl":{"start":{"line":8,"column":42},"end":{"line":8,"column":43}},"loc":{"start":{"line":8,"column":53},"end":{"line":36,"column":1}},"line":8}},"branchMap":{},"s":{"0":2,"1":0,"2":2},"f":{"0":0},"b":{},"_coverageSchema":"1a1c01bbd47fc00a2c39e90264f33305004495a9","hash":"0e9eeae769e48fde44de85452e60e8a158f98ba1"}
,"/Users/zack/src/bingematch/ui/swipe/queue/Queue.tsx": {"path":"/Users/zack/src/bingematch/ui/swipe/queue/Queue.tsx","statementMap":{"0":{"start":{"line":32,"column":22},"end":{"line":32,"column":23}},"1":{"start":{"line":33,"column":21},"end":{"line":33,"column":22}},"2":{"start":{"line":34,"column":19},"end":{"line":34,"column":20}},"3":{"start":{"line":37,"column":16},"end":{"line":157,"column":1}},"4":{"start":{"line":39,"column":4},"end":{"line":41,"column":5}},"5":{"start":{"line":40,"column":8},"end":{"line":40,"column":69}},"6":{"start":{"line":43,"column":4},"end":{"line":43,"column":38}},"7":{"start":{"line":45,"column":4},"end":{"line":88,"column":5}},"8":{"start":{"line":46,"column":8},"end":{"line":46,"column":60}},"9":{"start":{"line":49,"column":22},"end":{"line":51,"column":71}},"10":{"start":{"line":53,"column":8},"end":{"line":71,"column":9}},"11":{"start":{"line":56,"column":16},"end":{"line":56,"column":47}},"12":{"start":{"line":57,"column":16},"end":{"line":57,"column":21}},"13":{"start":{"line":60,"column":16},"end":{"line":60,"column":50}},"14":{"start":{"line":61,"column":16},"end":{"line":61,"column":21}},"15":{"start":{"line":63,"column":16},"end":{"line":63,"column":47}},"16":{"start":{"line":64,"column":16},"end":{"line":64,"column":21}},"17":{"start":{"line":66,"column":16},"end":{"line":66,"column":47}},"18":{"start":{"line":67,"column":16},"end":{"line":67,"column":21}},"19":{"start":{"line":69,"column":16},"end":{"line":69,"column":50}},"20":{"start":{"line":70,"column":16},"end":{"line":70,"column":22}},"21":{"start":{"line":74,"column":8},"end":{"line":74,"column":91}},"22":{"start":{"line":77,"column":8},"end":{"line":77,"column":44}},"23":{"start":{"line":80,"column":8},"end":{"line":87,"column":9}},"24":{"start":{"line":86,"column":12},"end":{"line":86,"column":62}},"25":{"start":{"line":90,"column":4},"end":{"line":97,"column":5}},"26":{"start":{"line":92,"column":8},"end":{"line":94,"column":9}},"27":{"start":{"line":93,"column":12},"end":{"line":93,"column":24}},"28":{"start":{"line":96,"column":8},"end":{"line":96,"column":58}},"29":{"start":{"line":100,"column":4},"end":{"line":112,"column":5}},"30":{"start":{"line":102,"column":8},"end":{"line":104,"column":9}},"31":{"start":{"line":103,"column":12},"end":{"line":103,"column":24}},"32":{"start":{"line":106,"column":21},"end":{"line":106,"column":58}},"33":{"start":{"line":107,"column":8},"end":{"line":107,"column":41}},"34":{"start":{"line":109,"column":8},"end":{"line":109,"column":44}},"35":{"start":{"line":111,"column":8},"end":{"line":111,"column":33}},"36":{"start":{"line":114,"column":4},"end":{"line":120,"column":5}},"37":{"start":{"line":115,"column":21},"end":{"line":115,"column":65}},"38":{"start":{"line":117,"column":8},"end":{"line":117,"column":28}},"39":{"start":{"line":119,"column":8},"end":{"line":119,"column":44}},"40":{"start":{"line":122,"column":4},"end":{"line":128,"column":5}},"41":{"start":{"line":123,"column":21},"end":{"line":123,"column":66}},"42":{"start":{"line":125,"column":8},"end":{"line":125,"column":29}},"43":{"start":{"line":127,"column":8},"end":{"line":127,"column":44}},"44":{"start":{"line":130,"column":4},"end":{"line":136,"column":5}},"45":{"start":{"line":131,"column":21},"end":{"line":131,"column":64}},"46":{"start":{"line":133,"column":8},"end":{"line":133,"column":41}},"47":{"start":{"line":135,"column":8},"end":{"line":135,"column":44}},"48":{"start":{"line":138,"column":4},"end":{"line":154,"column":5}},"49":{"start":{"line":139,"column":8},"end":{"line":139,"column":45}},"50":{"start":{"line":140,"column":8},"end":{"line":152,"column":10}},"51":{"start":{"line":141,"column":22},"end":{"line":141,"column":96}},"52":{"start":{"line":142,"column":12},"end":{"line":150,"column":13}},"53":{"start":{"line":144,"column":20},"end":{"line":144,"column":32}},"54":{"start":{"line":145,"column":20},"end":{"line":145,"column":26}},"55":{"start":{"line":147,"column":20},"end":{"line":147,"column":31}},"56":{"start":{"line":148,"column":20},"end":{"line":148,"column":26}},"57":{"start":{"line":151,"column":12},"end":{"line":151,"column":30}},"58":{"start":{"line":153,"column":8},"end":{"line":153,"column":46}},"59":{"start":{"line":156,"column":4},"end":{"line":156,"column":35}},"60":{"start":{"line":159,"column":28},"end":{"line":197,"column":1}},"61":{"start":{"line":162,"column":4},"end":{"line":164,"column":5}},"62":{"start":{"line":163,"column":8},"end":{"line":163,"column":20}},"63":{"start":{"line":167,"column":28},"end":{"line":167,"column":80}},"64":{"start":{"line":168,"column":4},"end":{"line":194,"column":5}},"65":{"start":{"line":170,"column":37},"end":{"line":170,"column":68}},"66":{"start":{"line":172,"column":31},"end":{"line":172,"column":75}},"67":{"start":{"line":173,"column":25},"end":{"line":173,"column":72}},"68":{"start":{"line":175,"column":32},"end":{"line":183,"column":18}},"69":{"start":{"line":177,"column":30},"end":{"line":182,"column":21}},"70":{"start":{"line":185,"column":8},"end":{"line":187,"column":9}},"71":{"start":{"line":186,"column":12},"end":{"line":186,"column":42}},"72":{"start":{"line":189,"column":8},"end":{"line":193,"column":9}},"73":{"start":{"line":196,"column":4},"end":{"line":196,"column":16}},"74":{"start":{"line":199,"column":36},"end":{"line":249,"column":1}},"75":{"start":{"line":201,"column":16},"end":{"line":201,"column":41}},"76":{"start":{"line":202,"column":30},"end":{"line":204,"column":6}},"77":{"start":{"line":206,"column":4},"end":{"line":214,"column":26}},"78":{"start":{"line":207,"column":8},"end":{"line":213,"column":9}},"79":{"start":{"line":208,"column":12},"end":{"line":208,"column":48}},"80":{"start":{"line":209,"column":12},"end":{"line":212,"column":18}},"81":{"start":{"line":211,"column":20},"end":{"line":211,"column":61}},"82":{"start":{"line":216,"column":4},"end":{"line":229,"column":25}},"83":{"start":{"line":217,"column":8},"end":{"line":227,"column":14}},"84":{"start":{"line":218,"column":28},"end":{"line":218,"column":62}},"85":{"start":{"line":220,"column":16},"end":{"line":220,"column":84}},"86":{"start":{"line":221,"column":16},"end":{"line":226,"column":18}},"87":{"start":{"line":222,"column":20},"end":{"line":222,"column":64}},"88":{"start":{"line":223,"column":20},"end":{"line":223,"column":33}},"89":{"start":{"line":225,"column":20},"end":{"line":225,"column":87}},"90":{"start":{"line":233,"column":4},"end":{"line":235,"column":10}},"91":{"start":{"line":234,"column":8},"end":{"line":234,"column":26}},"92":{"start":{"line":237,"column":4},"end":{"line":248,"column":2}},"93":{"start":{"line":251,"column":15},"end":{"line":256,"column":2}}},"fnMap":{"0":{"name":"(anonymous_0)","decl":{"start":{"line":37,"column":16},"end":{"line":37,"column":17}},"loc":{"start":{"line":37,"column":75},"end":{"line":157,"column":1}},"line":37},"1":{"name":"(anonymous_1)","decl":{"start":{"line":140,"column":29},"end":{"line":140,"column":30}},"loc":{"start":{"line":140,"column":37},"end":{"line":152,"column":9}},"line":140},"2":{"name":"(anonymous_2)","decl":{"start":{"line":159,"column":28},"end":{"line":159,"column":29}},"loc":{"start":{"line":159,"column":65},"end":{"line":197,"column":1}},"line":159},"3":{"name":"(anonymous_3)","decl":{"start":{"line":177,"column":21},"end":{"line":177,"column":22}},"loc":{"start":{"line":177,"column":28},"end":{"line":182,"column":22}},"line":177},"4":{"name":"(anonymous_4)","decl":{"start":{"line":199,"column":36},"end":{"line":199,"column":37}},"loc":{"start":{"line":199,"column":47},"end":{"line":249,"column":1}},"line":199},"5":{"name":"(anonymous_5)","decl":{"start":{"line":206,"column":14},"end":{"line":206,"column":15}},"loc":{"start":{"line":206,"column":20},"end":{"line":214,"column":5}},"line":206},"6":{"name":"(anonymous_6)","decl":{"start":{"line":210,"column":22},"end":{"line":210,"column":23}},"loc":{"start":{"line":210,"column":36},"end":{"line":212,"column":17}},"line":210},"7":{"name":"(anonymous_7)","decl":{"start":{"line":216,"column":14},"end":{"line":216,"column":15}},"loc":{"start":{"line":216,"column":20},"end":{"line":229,"column":5}},"line":216},"8":{"name":"(anonymous_8)","decl":{"start":{"line":218,"column":20},"end":{"line":218,"column":21}},"loc":{"start":{"line":218,"column":28},"end":{"line":218,"column":62}},"line":218},"9":{"name":"(anonymous_9)","decl":{"start":{"line":219,"column":21},"end":{"line":219,"column":22}},"loc":{"start":{"line":219,"column":29},"end":{"line":227,"column":13}},"line":219},"10":{"name":"(anonymous_10)","decl":{"start":{"line":221,"column":34},"end":{"line":221,"column":35}},"loc":{"start":{"line":221,"column":47},"end":{"line":224,"column":17}},"line":221},"11":{"name":"(anonymous_11)","decl":{"start":{"line":224,"column":24},"end":{"line":224,"column":25}},"loc":{"start":{"line":224,"column":32},"end":{"line":226,"column":17}},"line":224},"12":{"name":"(anonymous_12)","decl":{"start":{"line":233,"column":14},"end":{"line":233,"column":15}},"loc":{"start":{"line":233,"column":20},"end":{"line":235,"column":5}},"line":233}},"branchMap":{"0":{"loc":{"start":{"line":39,"column":4},"end":{"line":41,"column":5}},"type":"if","locations":[{"start":{"line":39,"column":4},"end":{"line":41,"column":5}},{"start":{"line":39,"column":4},"end":{"line":41,"column":5}}],"line":39},"1":{"loc":{"start":{"line":45,"column":4},"end":{"line":88,"column":5}},"type":"if","locations":[{"start":{"line":45,"column":4},"end":{"line":88,"column":5}},{"start":{"line":45,"column":4},"end":{"line":88,"column":5}}],"line":45},"2":{"loc":{"start":{"line":49,"column":22},"end":{"line":51,"column":71}},"type":"cond-expr","locations":[{"start":{"line":50,"column":14},"end":{"line":50,"column":72}},{"start":{"line":51,"column":14},"end":{"line":51,"column":71}}],"line":49},"3":{"loc":{"start":{"line":53,"column":8},"end":{"line":71,"column":9}},"type":"switch","locations":[{"start":{"line":54,"column":12},"end":{"line":54,"column":49}},{"start":{"line":55,"column":12},"end":{"line":57,"column":21}},{"start":{"line":58,"column":12},"end":{"line":58,"column":52}},{"start":{"line":59,"column":12},"end":{"line":61,"column":21}},{"start":{"line":62,"column":12},"end":{"line":64,"column":21}},{"start":{"line":65,"column":12},"end":{"line":67,"column":21}},{"start":{"line":68,"column":12},"end":{"line":70,"column":22}}],"line":53},"4":{"loc":{"start":{"line":80,"column":8},"end":{"line":87,"column":9}},"type":"if","locations":[{"start":{"line":80,"column":8},"end":{"line":87,"column":9}},{"start":{"line":80,"column":8},"end":{"line":87,"column":9}}],"line":80},"5":{"loc":{"start":{"line":80,"column":12},"end":{"line":83,"column":67}},"type":"binary-expr","locations":[{"start":{"line":80,"column":12},"end":{"line":80,"column":64}},{"start":{"line":81,"column":15},"end":{"line":81,"column":70}},{"start":{"line":82,"column":15},"end":{"line":82,"column":67}},{"start":{"line":83,"column":15},"end":{"line":83,"column":67}}],"line":80},"6":{"loc":{"start":{"line":90,"column":4},"end":{"line":97,"column":5}},"type":"if","locations":[{"start":{"line":90,"column":4},"end":{"line":97,"column":5}},{"start":{"line":90,"column":4},"end":{"line":97,"column":5}}],"line":90},"7":{"loc":{"start":{"line":92,"column":8},"end":{"line":94,"column":9}},"type":"if","locations":[{"start":{"line":92,"column":8},"end":{"line":94,"column":9}},{"start":{"line":92,"column":8},"end":{"line":94,"column":9}}],"line":92},"8":{"loc":{"start":{"line":100,"column":4},"end":{"line":112,"column":5}},"type":"if","locations":[{"start":{"line":100,"column":4},"end":{"line":112,"column":5}},{"start":{"line":100,"column":4},"end":{"line":112,"column":5}}],"line":100},"9":{"loc":{"start":{"line":102,"column":8},"end":{"line":104,"column":9}},"type":"if","locations":[{"start":{"line":102,"column":8},"end":{"line":104,"column":9}},{"start":{"line":102,"column":8},"end":{"line":104,"column":9}}],"line":102},"10":{"loc":{"start":{"line":114,"column":4},"end":{"line":120,"column":5}},"type":"if","locations":[{"start":{"line":114,"column":4},"end":{"line":120,"column":5}},{"start":{"line":114,"column":4},"end":{"line":120,"column":5}}],"line":114},"11":{"loc":{"start":{"line":122,"column":4},"end":{"line":128,"column":5}},"type":"if","locations":[{"start":{"line":122,"column":4},"end":{"line":128,"column":5}},{"start":{"line":122,"column":4},"end":{"line":128,"column":5}}],"line":122},"12":{"loc":{"start":{"line":130,"column":4},"end":{"line":136,"column":5}},"type":"if","locations":[{"start":{"line":130,"column":4},"end":{"line":136,"column":5}},{"start":{"line":130,"column":4},"end":{"line":136,"column":5}}],"line":130},"13":{"loc":{"start":{"line":138,"column":4},"end":{"line":154,"column":5}},"type":"if","locations":[{"start":{"line":138,"column":4},"end":{"line":154,"column":5}},{"start":{"line":138,"column":4},"end":{"line":154,"column":5}}],"line":138},"14":{"loc":{"start":{"line":141,"column":54},"end":{"line":141,"column":95}},"type":"cond-expr","locations":[{"start":{"line":141,"column":83},"end":{"line":141,"column":90}},{"start":{"line":141,"column":93},"end":{"line":141,"column":95}}],"line":141},"15":{"loc":{"start":{"line":142,"column":12},"end":{"line":150,"column":13}},"type":"switch","locations":[{"start":{"line":143,"column":16},"end":{"line":145,"column":26}},{"start":{"line":146,"column":16},"end":{"line":148,"column":26}}],"line":142},"16":{"loc":{"start":{"line":162,"column":4},"end":{"line":164,"column":5}},"type":"if","locations":[{"start":{"line":162,"column":4},"end":{"line":164,"column":5}},{"start":{"line":162,"column":4},"end":{"line":164,"column":5}}],"line":162},"17":{"loc":{"start":{"line":168,"column":4},"end":{"line":194,"column":5}},"type":"if","locations":[{"start":{"line":168,"column":4},"end":{"line":194,"column":5}},{"start":{"line":168,"column":4},"end":{"line":194,"column":5}}],"line":168},"18":{"loc":{"start":{"line":185,"column":8},"end":{"line":187,"column":9}},"type":"if","locations":[{"start":{"line":185,"column":8},"end":{"line":187,"column":9}},{"start":{"line":185,"column":8},"end":{"line":187,"column":9}}],"line":185},"19":{"loc":{"start":{"line":207,"column":8},"end":{"line":213,"column":9}},"type":"if","locations":[{"start":{"line":207,"column":8},"end":{"line":213,"column":9}},{"start":{"line":207,"column":8},"end":{"line":213,"column":9}}],"line":207}},"s":{"0":2,"1":2,"2":2,"3":2,"4":0,"5":0,"6":0,"7":0,"8":0,"9":0,"10":0,"11":0,"12":0,"13":0,"14":0,"15":0,"16":0,"17":0,"18":0,"19":0,"20":0,"21":0,"22":0,"23":0,"24":0,"25":0,"26":0,"27":0,"28":0,"29":0,"30":0,"31":0,"32":0,"33":0,"34":0,"35":0,"36":0,"37":0,"38":0,"39":0,"40":0,"41":0,"42":0,"43":0,"44":0,"45":0,"46":0,"47":0,"48":0,"49":0,"50":0,"51":0,"52":0,"53":0,"54":0,"55":0,"56":0,"57":0,"58":0,"59":0,"60":2,"61":0,"62":0,"63":0,"64":0,"65":0,"66":0,"67":0,"68":0,"69":0,"70":0,"71":0,"72":0,"73":0,"74":2,"75":0,"76":0,"77":0,"78":0,"79":0,"80":0,"81":0,"82":0,"83":0,"84":0,"85":0,"86":0,"87":0,"88":0,"89":0,"90":0,"91":0,"92":0,"93":2},"f":{"0":0,"1":0,"2":0,"3":0,"4":0,"5":0,"6":0,"7":0,"8":0,"9":0,"10":0,"11":0,"12":0},"b":{"0":[0,0],"1":[0,0],"2":[0,0],"3":[0,0,0,0,0,0,0],"4":[0,0],"5":[0,0,0,0],"6":[0,0],"7":[0,0],"8":[0,0],"9":[0,0],"10":[0,0],"11":[0,0],"12":[0,0],"13":[0,0],"14":[0,0],"15":[0,0],"16":[0,0],"17":[0,0],"18":[0,0],"19":[0,0]},"_coverageSchema":"1a1c01bbd47fc00a2c39e90264f33305004495a9","hash":"b9d32bbbd0db094656bea8fc3f153252da979072"}
,"/Users/zack/src/bingematch/ui/swipe/queue/QueueEvents.ts": {"path":"/Users/zack/src/bingematch/ui/swipe/queue/QueueEvents.ts","statementMap":{},"fnMap":{},"branchMap":{},"s":{},"f":{},"b":{},"_coverageSchema":"1a1c01bbd47fc00a2c39e90264f33305004495a9","hash":"7ced2a156739b27f68a9076d5b6fcd05ba2b4fb3"}
,"/Users/zack/src/bingematch/ui/swipe/queue/QueueUtils.ts": {"path":"/Users/zack/src/bingematch/ui/swipe/queue/QueueUtils.ts","statementMap":{"0":{"start":{"line":3,"column":23},"end":{"line":6,"column":1}},"1":{"start":{"line":4,"column":4},"end":{"line":5,"column":46}},"2":{"start":{"line":5,"column":24},"end":{"line":5,"column":42}},"3":{"start":{"line":8,"column":29},"end":{"line":12,"column":1}},"4":{"start":{"line":9,"column":4},"end":{"line":9,"column":67}},"5":{"start":{"line":11,"column":4},"end":{"line":11,"column":16}},"6":{"start":{"line":14,"column":24},"end":{"line":21,"column":1}},"7":{"start":{"line":15,"column":4},"end":{"line":17,"column":5}},"8":{"start":{"line":16,"column":8},"end":{"line":16,"column":23}},"9":{"start":{"line":18,"column":16},"end":{"line":18,"column":55}},"10":{"start":{"line":20,"column":4},"end":{"line":20,"column":21}},"11":{"start":{"line":23,"column":25},"end":{"line":29,"column":1}},"12":{"start":{"line":24,"column":4},"end":{"line":26,"column":5}},"13":{"start":{"line":25,"column":8},"end":{"line":25,"column":16}},"14":{"start":{"line":27,"column":4},"end":{"line":28,"column":48}},"15":{"start":{"line":28,"column":27},"end":{"line":28,"column":47}},"16":{"start":{"line":31,"column":28},"end":{"line":33,"column":1}},"17":{"start":{"line":32,"column":4},"end":{"line":32,"column":40}},"18":{"start":{"line":35,"column":23},"end":{"line":37,"column":1}},"19":{"start":{"line":36,"column":4},"end":{"line":36,"column":40}},"20":{"start":{"line":39,"column":20},"end":{"line":44,"column":1}},"21":{"start":{"line":40,"column":4},"end":{"line":42,"column":5}},"22":{"start":{"line":41,"column":8},"end":{"line":41,"column":23}},"23":{"start":{"line":43,"column":4},"end":{"line":43,"column":44}},"24":{"start":{"line":46,"column":24},"end":{"line":48,"column":1}},"25":{"start":{"line":47,"column":4},"end":{"line":47,"column":36}},"26":{"start":{"line":50,"column":34},"end":{"line":52,"column":1}},"27":{"start":{"line":51,"column":4},"end":{"line":51,"column":46}},"28":{"start":{"line":54,"column":39},"end":{"line":56,"column":1}},"29":{"start":{"line":55,"column":4},"end":{"line":55,"column":48}},"30":{"start":{"line":58,"column":35},"end":{"line":63,"column":1}},"31":{"start":{"line":59,"column":4},"end":{"line":61,"column":5}},"32":{"start":{"line":60,"column":8},"end":{"line":60,"column":17}},"33":{"start":{"line":62,"column":4},"end":{"line":62,"column":49}},"34":{"start":{"line":65,"column":40},"end":{"line":77,"column":1}},"35":{"start":{"line":67,"column":22},"end":{"line":67,"column":52}},"36":{"start":{"line":69,"column":4},"end":{"line":71,"column":5}},"37":{"start":{"line":70,"column":8},"end":{"line":70,"column":20}},"38":{"start":{"line":74,"column":4},"end":{"line":76,"column":39}},"39":{"start":{"line":75,"column":24},"end":{"line":75,"column":56}}},"fnMap":{"0":{"name":"(anonymous_0)","decl":{"start":{"line":3,"column":23},"end":{"line":3,"column":24}},"loc":{"start":{"line":3,"column":63},"end":{"line":6,"column":1}},"line":3},"1":{"name":"(anonymous_1)","decl":{"start":{"line":5,"column":16},"end":{"line":5,"column":17}},"loc":{"start":{"line":5,"column":24},"end":{"line":5,"column":42}},"line":5},"2":{"name":"(anonymous_2)","decl":{"start":{"line":8,"column":29},"end":{"line":8,"column":30}},"loc":{"start":{"line":8,"column":71},"end":{"line":12,"column":1}},"line":8},"3":{"name":"(anonymous_3)","decl":{"start":{"line":14,"column":24},"end":{"line":14,"column":25}},"loc":{"start":{"line":14,"column":66},"end":{"line":21,"column":1}},"line":14},"4":{"name":"(anonymous_4)","decl":{"start":{"line":23,"column":25},"end":{"line":23,"column":26}},"loc":{"start":{"line":23,"column":81},"end":{"line":29,"column":1}},"line":23},"5":{"name":"(anonymous_5)","decl":{"start":{"line":28,"column":19},"end":{"line":28,"column":20}},"loc":{"start":{"line":28,"column":27},"end":{"line":28,"column":47}},"line":28},"6":{"name":"(anonymous_6)","decl":{"start":{"line":31,"column":28},"end":{"line":31,"column":29}},"loc":{"start":{"line":31,"column":84},"end":{"line":33,"column":1}},"line":31},"7":{"name":"(anonymous_7)","decl":{"start":{"line":35,"column":23},"end":{"line":35,"column":24}},"loc":{"start":{"line":35,"column":65},"end":{"line":37,"column":1}},"line":35},"8":{"name":"(anonymous_8)","decl":{"start":{"line":39,"column":20},"end":{"line":39,"column":21}},"loc":{"start":{"line":39,"column":74},"end":{"line":44,"column":1}},"line":39},"9":{"name":"(anonymous_9)","decl":{"start":{"line":46,"column":24},"end":{"line":46,"column":25}},"loc":{"start":{"line":46,"column":80},"end":{"line":48,"column":1}},"line":46},"10":{"name":"(anonymous_10)","decl":{"start":{"line":50,"column":34},"end":{"line":50,"column":35}},"loc":{"start":{"line":50,"column":78},"end":{"line":52,"column":1}},"line":50},"11":{"name":"(anonymous_11)","decl":{"start":{"line":54,"column":39},"end":{"line":54,"column":40}},"loc":{"start":{"line":54,"column":83},"end":{"line":56,"column":1}},"line":54},"12":{"name":"(anonymous_12)","decl":{"start":{"line":58,"column":35},"end":{"line":58,"column":36}},"loc":{"start":{"line":58,"column":79},"end":{"line":63,"column":1}},"line":58},"13":{"name":"(anonymous_13)","decl":{"start":{"line":65,"column":40},"end":{"line":65,"column":41}},"loc":{"start":{"line":65,"column":100},"end":{"line":77,"column":1}},"line":65},"14":{"name":"(anonymous_14)","decl":{"start":{"line":75,"column":16},"end":{"line":75,"column":17}},"loc":{"start":{"line":75,"column":24},"end":{"line":75,"column":56}},"line":75}},"branchMap":{"0":{"loc":{"start":{"line":15,"column":4},"end":{"line":17,"column":5}},"type":"if","locations":[{"start":{"line":15,"column":4},"end":{"line":17,"column":5}},{"start":{"line":15,"column":4},"end":{"line":17,"column":5}}],"line":15},"1":{"loc":{"start":{"line":24,"column":4},"end":{"line":26,"column":5}},"type":"if","locations":[{"start":{"line":24,"column":4},"end":{"line":26,"column":5}},{"start":{"line":24,"column":4},"end":{"line":26,"column":5}}],"line":24},"2":{"loc":{"start":{"line":31,"column":45},"end":{"line":31,"column":70}},"type":"default-arg","locations":[{"start":{"line":31,"column":61},"end":{"line":31,"column":70}}],"line":31},"3":{"loc":{"start":{"line":39,"column":37},"end":{"line":39,"column":62}},"type":"default-arg","locations":[{"start":{"line":39,"column":53},"end":{"line":39,"column":62}}],"line":39},"4":{"loc":{"start":{"line":40,"column":4},"end":{"line":42,"column":5}},"type":"if","locations":[{"start":{"line":40,"column":4},"end":{"line":42,"column":5}},{"start":{"line":40,"column":4},"end":{"line":42,"column":5}}],"line":40},"5":{"loc":{"start":{"line":46,"column":41},"end":{"line":46,"column":66}},"type":"default-arg","locations":[{"start":{"line":46,"column":57},"end":{"line":46,"column":66}}],"line":46},"6":{"loc":{"start":{"line":59,"column":4},"end":{"line":61,"column":5}},"type":"if","locations":[{"start":{"line":59,"column":4},"end":{"line":61,"column":5}},{"start":{"line":59,"column":4},"end":{"line":61,"column":5}}],"line":59},"7":{"loc":{"start":{"line":69,"column":4},"end":{"line":71,"column":5}},"type":"if","locations":[{"start":{"line":69,"column":4},"end":{"line":71,"column":5}},{"start":{"line":69,"column":4},"end":{"line":71,"column":5}}],"line":69}},"s":{"0":3,"1":1,"2":10,"3":3,"4":0,"5":0,"6":3,"7":1,"8":0,"9":1,"10":1,"11":3,"12":10,"13":0,"14":10,"15":55,"16":3,"17":1,"18":3,"19":0,"20":3,"21":1,"22":0,"23":1,"24":3,"25":1,"26":3,"27":2,"28":3,"29":1,"30":3,"31":2,"32":0,"33":2,"34":3,"35":2,"36":2,"37":0,"38":2,"39":5},"f":{"0":1,"1":10,"2":0,"3":1,"4":10,"5":55,"6":1,"7":0,"8":1,"9":1,"10":2,"11":1,"12":2,"13":2,"14":5},"b":{"0":[0,1],"1":[0,10],"2":[0],"3":[0],"4":[0,1],"5":[0],"6":[0,2],"7":[0,2]},"_coverageSchema":"1a1c01bbd47fc00a2c39e90264f33305004495a9","hash":"366a43ca1ffb8a67d292d1f8b87576a6e8d97f51"}
}
