{"/Users/zack/src/bingematch/ui/App.tsx": {"path":"/Users/zack/src/bingematch/ui/App.tsx","statementMap":{"0":{"start":{"line":26,"column":34},"end":{"line":26,"column":76}},"1":{"start":{"line":29,"column":4},"end":{"line":29,"column":20}},"2":{"start":{"line":31,"column":4},"end":{"line":46,"column":6}}},"fnMap":{"0":{"name":"App","decl":{"start":{"line":24,"column":24},"end":{"line":24,"column":27}},"loc":{"start":{"line":24,"column":30},"end":{"line":47,"column":1}},"line":24}},"branchMap":{},"s":{"0":0,"1":0,"2":0},"f":{"0":0},"b":{}}
,"/Users/zack/src/bingematch/ui/swipe/Dependencies.ts": {"path":"/Users/zack/src/bingematch/ui/swipe/Dependencies.ts","statementMap":{"0":{"start":{"line":6,"column":22},"end":{"line":6,"column":40}},"1":{"start":{"line":8,"column":14},"end":{"line":8,"column":27}},"2":{"start":{"line":9,"column":10},"end":{"line":9,"column":31}}},"fnMap":{},"branchMap":{},"s":{"0":1,"1":1,"2":1},"f":{},"b":{},"_coverageSchema":"1a1c01bbd47fc00a2c39e90264f33305004495a9","hash":"4f10e8c1d005051eadfaba592c7dbbb18595d3b8"}
,"/Users/zack/src/bingematch/ui/swipe/Splash.tsx": {"path":"/Users/zack/src/bingematch/ui/swipe/Splash.tsx","statementMap":{"0":{"start":{"line":7,"column":37},"end":{"line":32,"column":1}},"1":{"start":{"line":9,"column":20},"end":{"line":9,"column":49}},"2":{"start":{"line":11,"column":4},"end":{"line":17,"column":10}},"3":{"start":{"line":12,"column":8},"end":{"line":16,"column":14}},"4":{"start":{"line":13,"column":24},"end":{"line":13,"column":47}},"5":{"start":{"line":15,"column":16},"end":{"line":15,"column":49}},"6":{"start":{"line":19,"column":4},"end":{"line":31,"column":5}}},"fnMap":{"0":{"name":"(anonymous_0)","decl":{"start":{"line":7,"column":37},"end":{"line":7,"column":38}},"loc":{"start":{"line":7,"column":48},"end":{"line":32,"column":1}},"line":7},"1":{"name":"(anonymous_1)","decl":{"start":{"line":11,"column":14},"end":{"line":11,"column":15}},"loc":{"start":{"line":11,"column":20},"end":{"line":17,"column":5}},"line":11},"2":{"name":"(anonymous_2)","decl":{"start":{"line":13,"column":18},"end":{"line":13,"column":19}},"loc":{"start":{"line":13,"column":24},"end":{"line":13,"column":47}},"line":13},"3":{"name":"(anonymous_3)","decl":{"start":{"line":14,"column":18},"end":{"line":14,"column":19}},"loc":{"start":{"line":14,"column":27},"end":{"line":16,"column":13}},"line":14}},"branchMap":{"0":{"loc":{"start":{"line":13,"column":24},"end":{"line":13,"column":47}},"type":"cond-expr","locations":[{"start":{"line":13,"column":29},"end":{"line":13,"column":36}},{"start":{"line":13,"column":39},"end":{"line":13,"column":47}}],"line":13}},"s":{"0":0,"1":0,"2":0,"3":0,"4":0,"5":0,"6":0},"f":{"0":0,"1":0,"2":0,"3":0},"b":{"0":[0,0]}}
,"/Users/zack/src/bingematch/ui/swipe/Storage.ts": {"path":"/Users/zack/src/bingematch/ui/swipe/Storage.ts","statementMap":{"0":{"start":{"line":4,"column":17},"end":{"line":4,"column":24}},"1":{"start":{"line":8,"column":17},"end":{"line":11,"column":5}},"2":{"start":{"line":9,"column":8},"end":{"line":10,"column":41}},"3":{"start":{"line":10,"column":24},"end":{"line":10,"column":40}},"4":{"start":{"line":13,"column":17},"end":{"line":15,"column":5}},"5":{"start":{"line":14,"column":8},"end":{"line":14,"column":36}},"6":{"start":{"line":17,"column":15},"end":{"line":19,"column":5}},"7":{"start":{"line":18,"column":8},"end":{"line":18,"column":41}},"8":{"start":{"line":21,"column":15},"end":{"line":29,"column":5}},"9":{"start":{"line":22,"column":8},"end":{"line":28,"column":14}},"10":{"start":{"line":24,"column":16},"end":{"line":26,"column":17}},"11":{"start":{"line":25,"column":20},"end":{"line":25,"column":26}},"12":{"start":{"line":27,"column":16},"end":{"line":27,"column":28}},"13":{"start":{"line":31,"column":23},"end":{"line":35,"column":5}},"14":{"start":{"line":32,"column":24},"end":{"line":32,"column":41}},"15":{"start":{"line":34,"column":8},"end":{"line":34,"column":25}},"16":{"start":{"line":37,"column":14},"end":{"line":46,"column":5}},"17":{"start":{"line":38,"column":8},"end":{"line":45,"column":14}},"18":{"start":{"line":40,"column":16},"end":{"line":42,"column":17}},"19":{"start":{"line":41,"column":20},"end":{"line":41,"column":26}},"20":{"start":{"line":44,"column":16},"end":{"line":44,"column":51}},"21":{"start":{"line":48,"column":18},"end":{"line":52,"column":5}},"22":{"start":{"line":49,"column":26},"end":{"line":49,"column":47}},"23":{"start":{"line":51,"column":8},"end":{"line":51,"column":50}},"24":{"start":{"line":55,"column":18},"end":{"line":59,"column":5}},"25":{"start":{"line":56,"column":26},"end":{"line":56,"column":57}},"26":{"start":{"line":58,"column":8},"end":{"line":58,"column":64}},"27":{"start":{"line":61,"column":13},"end":{"line":63,"column":5}},"28":{"start":{"line":62,"column":8},"end":{"line":62,"column":42}}},"fnMap":{"0":{"name":"(anonymous_0)","decl":{"start":{"line":8,"column":17},"end":{"line":8,"column":18}},"loc":{"start":{"line":8,"column":48},"end":{"line":11,"column":5}},"line":8},"1":{"name":"(anonymous_1)","decl":{"start":{"line":10,"column":18},"end":{"line":10,"column":19}},"loc":{"start":{"line":10,"column":24},"end":{"line":10,"column":40}},"line":10},"2":{"name":"(anonymous_2)","decl":{"start":{"line":13,"column":17},"end":{"line":13,"column":18}},"loc":{"start":{"line":13,"column":29},"end":{"line":15,"column":5}},"line":13},"3":{"name":"(anonymous_3)","decl":{"start":{"line":17,"column":15},"end":{"line":17,"column":16}},"loc":{"start":{"line":17,"column":40},"end":{"line":19,"column":5}},"line":17},"4":{"name":"(anonymous_4)","decl":{"start":{"line":21,"column":15},"end":{"line":21,"column":16}},"loc":{"start":{"line":21,"column":52},"end":{"line":29,"column":5}},"line":21},"5":{"name":"(anonymous_5)","decl":{"start":{"line":23,"column":18},"end":{"line":23,"column":19}},"loc":{"start":{"line":23,"column":27},"end":{"line":28,"column":13}},"line":23},"6":{"name":"(anonymous_6)","decl":{"start":{"line":31,"column":23},"end":{"line":31,"column":24}},"loc":{"start":{"line":31,"column":52},"end":{"line":35,"column":5}},"line":31},"7":{"name":"(anonymous_7)","decl":{"start":{"line":37,"column":14},"end":{"line":37,"column":15}},"loc":{"start":{"line":37,"column":51},"end":{"line":46,"column":5}},"line":37},"8":{"name":"(anonymous_8)","decl":{"start":{"line":39,"column":18},"end":{"line":39,"column":19}},"loc":{"start":{"line":39,"column":27},"end":{"line":45,"column":13}},"line":39},"9":{"name":"(anonymous_9)","decl":{"start":{"line":48,"column":18},"end":{"line":48,"column":19}},"loc":{"start":{"line":48,"column":55},"end":{"line":52,"column":5}},"line":48},"10":{"name":"(anonymous_10)","decl":{"start":{"line":55,"column":18},"end":{"line":55,"column":19}},"loc":{"start":{"line":55,"column":60},"end":{"line":59,"column":5}},"line":55},"11":{"name":"(anonymous_11)","decl":{"start":{"line":61,"column":13},"end":{"line":61,"column":14}},"loc":{"start":{"line":61,"column":37},"end":{"line":63,"column":5}},"line":61}},"branchMap":{"0":{"loc":{"start":{"line":24,"column":16},"end":{"line":26,"column":17}},"type":"if","locations":[{"start":{"line":24,"column":16},"end":{"line":26,"column":17}},{"start":{"line":24,"column":16},"end":{"line":26,"column":17}}],"line":24},"1":{"loc":{"start":{"line":40,"column":16},"end":{"line":42,"column":17}},"type":"if","locations":[{"start":{"line":40,"column":16},"end":{"line":42,"column":17}},{"start":{"line":40,"column":16},"end":{"line":42,"column":17}}],"line":40},"2":{"loc":{"start":{"line":58,"column":15},"end":{"line":58,"column":63}},"type":"cond-expr","locations":[{"start":{"line":58,"column":35},"end":{"line":58,"column":56}},{"start":{"line":58,"column":59},"end":{"line":58,"column":63}}],"line":58}},"s":{"0":2,"1":3,"2":0,"3":0,"4":3,"5":0,"6":3,"7":4,"8":3,"9":13,"10":11,"11":4,"12":7,"13":3,"14":3,"15":3,"16":3,"17":2,"18":2,"19":0,"20":2,"21":3,"22":4,"23":4,"24":3,"25":13,"26":11,"27":3,"28":0},"f":{"0":0,"1":0,"2":0,"3":4,"4":13,"5":11,"6":3,"7":2,"8":2,"9":4,"10":13,"11":0},"b":{"0":[4,7],"1":[0,2],"2":[7,4]},"_coverageSchema":"1a1c01bbd47fc00a2c39e90264f33305004495a9","hash":"90a1eaca95f69ee7f38c7f3ceeec0075786ebffe"}
,"/Users/zack/src/bingematch/ui/swipe/api/API.ts": {"path":"/Users/zack/src/bingematch/ui/swipe/api/API.ts","statementMap":{"0":{"start":{"line":7,"column":19},"end":{"line":7,"column":31}},"1":{"start":{"line":11,"column":20},"end":{"line":11,"column":44}},"2":{"start":{"line":12,"column":26},"end":{"line":12,"column":48}},"3":{"start":{"line":13,"column":27},"end":{"line":13,"column":52}},"4":{"start":{"line":18,"column":8},"end":{"line":18,"column":30}},"5":{"start":{"line":21,"column":14},"end":{"line":23,"column":5}},"6":{"start":{"line":22,"column":8},"end":{"line":22,"column":67}},"7":{"start":{"line":25,"column":13},"end":{"line":33,"column":5}},"8":{"start":{"line":26,"column":8},"end":{"line":32,"column":13}},"9":{"start":{"line":27,"column":23},"end":{"line":27,"column":29}},"10":{"start":{"line":28,"column":26},"end":{"line":28,"column":62}},"11":{"start":{"line":30,"column":16},"end":{"line":31,"column":36}},"12":{"start":{"line":31,"column":32},"end":{"line":31,"column":35}},"13":{"start":{"line":35,"column":24},"end":{"line":44,"column":5}},"14":{"start":{"line":36,"column":8},"end":{"line":43,"column":50}},"15":{"start":{"line":38,"column":16},"end":{"line":40,"column":17}},"16":{"start":{"line":39,"column":20},"end":{"line":39,"column":26}},"17":{"start":{"line":41,"column":16},"end":{"line":41,"column":42}},"18":{"start":{"line":43,"column":24},"end":{"line":43,"column":49}},"19":{"start":{"line":46,"column":21},"end":{"line":67,"column":5}},"20":{"start":{"line":47,"column":8},"end":{"line":66,"column":14}},"21":{"start":{"line":49,"column":16},"end":{"line":49,"column":68}},"22":{"start":{"line":51,"column":27},"end":{"line":51,"column":63}},"23":{"start":{"line":52,"column":16},"end":{"line":52,"column":42}},"24":{"start":{"line":56,"column":16},"end":{"line":58,"column":17}},"25":{"start":{"line":57,"column":20},"end":{"line":57,"column":26}},"26":{"start":{"line":59,"column":16},"end":{"line":59,"column":23}},"27":{"start":{"line":62,"column":16},"end":{"line":65,"column":22}},"28":{"start":{"line":64,"column":24},"end":{"line":64,"column":70}},"29":{"start":{"line":69,"column":17},"end":{"line":72,"column":5}},"30":{"start":{"line":70,"column":8},"end":{"line":71,"column":33}},"31":{"start":{"line":71,"column":25},"end":{"line":71,"column":31}},"32":{"start":{"line":74,"column":12},"end":{"line":81,"column":5}},"33":{"start":{"line":75,"column":8},"end":{"line":80,"column":14}},"34":{"start":{"line":76,"column":23},"end":{"line":76,"column":29}},"35":{"start":{"line":78,"column":16},"end":{"line":79,"column":38}},"36":{"start":{"line":79,"column":32},"end":{"line":79,"column":37}},"37":{"start":{"line":83,"column":14},"end":{"line":87,"column":5}},"38":{"start":{"line":84,"column":8},"end":{"line":86,"column":58}},"39":{"start":{"line":85,"column":23},"end":{"line":85,"column":29}},"40":{"start":{"line":86,"column":26},"end":{"line":86,"column":57}},"41":{"start":{"line":93,"column":13},"end":{"line":109,"column":5}},"42":{"start":{"line":94,"column":8},"end":{"line":108,"column":14}},"43":{"start":{"line":96,"column":32},"end":{"line":96,"column":34}},"44":{"start":{"line":98,"column":16},"end":{"line":100,"column":17}},"45":{"start":{"line":99,"column":20},"end":{"line":99,"column":64}},"46":{"start":{"line":102,"column":16},"end":{"line":107,"column":18}},"47":{"start":{"line":111,"column":10},"end":{"line":129,"column":5}},"48":{"start":{"line":112,"column":8},"end":{"line":128,"column":14}},"49":{"start":{"line":114,"column":32},"end":{"line":116,"column":17}},"50":{"start":{"line":118,"column":16},"end":{"line":120,"column":17}},"51":{"start":{"line":119,"column":20},"end":{"line":119,"column":64}},"52":{"start":{"line":122,"column":16},"end":{"line":127,"column":18}},"53":{"start":{"line":131,"column":11},"end":{"line":151,"column":5}},"54":{"start":{"line":132,"column":8},"end":{"line":150,"column":14}},"55":{"start":{"line":134,"column":32},"end":{"line":137,"column":17}},"56":{"start":{"line":139,"column":16},"end":{"line":141,"column":17}},"57":{"start":{"line":140,"column":20},"end":{"line":140,"column":64}},"58":{"start":{"line":143,"column":16},"end":{"line":149,"column":18}},"59":{"start":{"line":153,"column":10},"end":{"line":173,"column":5}},"60":{"start":{"line":154,"column":8},"end":{"line":172,"column":14}},"61":{"start":{"line":156,"column":32},"end":{"line":159,"column":17}},"62":{"start":{"line":161,"column":16},"end":{"line":163,"column":17}},"63":{"start":{"line":162,"column":20},"end":{"line":162,"column":64}},"64":{"start":{"line":165,"column":16},"end":{"line":171,"column":19}}},"fnMap":{"0":{"name":"(anonymous_0)","decl":{"start":{"line":17,"column":4},"end":{"line":17,"column":5}},"loc":{"start":{"line":17,"column":34},"end":{"line":19,"column":5}},"line":17},"1":{"name":"(anonymous_1)","decl":{"start":{"line":21,"column":14},"end":{"line":21,"column":15}},"loc":{"start":{"line":21,"column":20},"end":{"line":23,"column":5}},"line":21},"2":{"name":"(anonymous_2)","decl":{"start":{"line":25,"column":13},"end":{"line":25,"column":14}},"loc":{"start":{"line":25,"column":78},"end":{"line":33,"column":5}},"line":25},"3":{"name":"(anonymous_3)","decl":{"start":{"line":27,"column":18},"end":{"line":27,"column":19}},"loc":{"start":{"line":27,"column":23},"end":{"line":27,"column":29}},"line":27},"4":{"name":"(anonymous_4)","decl":{"start":{"line":28,"column":18},"end":{"line":28,"column":19}},"loc":{"start":{"line":28,"column":26},"end":{"line":28,"column":62}},"line":28},"5":{"name":"(anonymous_5)","decl":{"start":{"line":29,"column":18},"end":{"line":29,"column":19}},"loc":{"start":{"line":30,"column":16},"end":{"line":31,"column":36}},"line":30},"6":{"name":"(anonymous_6)","decl":{"start":{"line":31,"column":26},"end":{"line":31,"column":27}},"loc":{"start":{"line":31,"column":32},"end":{"line":31,"column":35}},"line":31},"7":{"name":"(anonymous_7)","decl":{"start":{"line":35,"column":24},"end":{"line":35,"column":25}},"loc":{"start":{"line":35,"column":52},"end":{"line":44,"column":5}},"line":35},"8":{"name":"(anonymous_8)","decl":{"start":{"line":37,"column":18},"end":{"line":37,"column":19}},"loc":{"start":{"line":37,"column":24},"end":{"line":42,"column":13}},"line":37},"9":{"name":"(anonymous_9)","decl":{"start":{"line":43,"column":18},"end":{"line":43,"column":19}},"loc":{"start":{"line":43,"column":24},"end":{"line":43,"column":49}},"line":43},"10":{"name":"(anonymous_10)","decl":{"start":{"line":46,"column":21},"end":{"line":46,"column":22}},"loc":{"start":{"line":46,"column":68},"end":{"line":67,"column":5}},"line":46},"11":{"name":"(anonymous_11)","decl":{"start":{"line":48,"column":18},"end":{"line":48,"column":19}},"loc":{"start":{"line":48,"column":27},"end":{"line":53,"column":13}},"line":48},"12":{"name":"(anonymous_12)","decl":{"start":{"line":54,"column":19},"end":{"line":54,"column":20}},"loc":{"start":{"line":54,"column":24},"end":{"line":60,"column":13}},"line":54},"13":{"name":"(anonymous_13)","decl":{"start":{"line":61,"column":18},"end":{"line":61,"column":19}},"loc":{"start":{"line":61,"column":24},"end":{"line":66,"column":13}},"line":61},"14":{"name":"(anonymous_14)","decl":{"start":{"line":63,"column":26},"end":{"line":63,"column":27}},"loc":{"start":{"line":63,"column":35},"end":{"line":65,"column":21}},"line":63},"15":{"name":"(anonymous_15)","decl":{"start":{"line":69,"column":17},"end":{"line":69,"column":18}},"loc":{"start":{"line":69,"column":56},"end":{"line":72,"column":5}},"line":69},"16":{"name":"(anonymous_16)","decl":{"start":{"line":71,"column":18},"end":{"line":71,"column":19}},"loc":{"start":{"line":71,"column":24},"end":{"line":71,"column":32}},"line":71},"17":{"name":"(anonymous_17)","decl":{"start":{"line":74,"column":12},"end":{"line":74,"column":13}},"loc":{"start":{"line":74,"column":60},"end":{"line":81,"column":5}},"line":74},"18":{"name":"(anonymous_18)","decl":{"start":{"line":76,"column":18},"end":{"line":76,"column":19}},"loc":{"start":{"line":76,"column":23},"end":{"line":76,"column":29}},"line":76},"19":{"name":"(anonymous_19)","decl":{"start":{"line":77,"column":18},"end":{"line":77,"column":19}},"loc":{"start":{"line":77,"column":27},"end":{"line":80,"column":13}},"line":77},"20":{"name":"(anonymous_20)","decl":{"start":{"line":79,"column":26},"end":{"line":79,"column":27}},"loc":{"start":{"line":79,"column":32},"end":{"line":79,"column":37}},"line":79},"21":{"name":"(anonymous_21)","decl":{"start":{"line":83,"column":14},"end":{"line":83,"column":15}},"loc":{"start":{"line":83,"column":52},"end":{"line":87,"column":5}},"line":83},"22":{"name":"(anonymous_22)","decl":{"start":{"line":85,"column":18},"end":{"line":85,"column":19}},"loc":{"start":{"line":85,"column":23},"end":{"line":85,"column":29}},"line":85},"23":{"name":"(anonymous_23)","decl":{"start":{"line":86,"column":18},"end":{"line":86,"column":19}},"loc":{"start":{"line":86,"column":26},"end":{"line":86,"column":57}},"line":86},"24":{"name":"(anonymous_24)","decl":{"start":{"line":93,"column":13},"end":{"line":93,"column":14}},"loc":{"start":{"line":93,"column":60},"end":{"line":109,"column":5}},"line":93},"25":{"name":"(anonymous_25)","decl":{"start":{"line":95,"column":18},"end":{"line":95,"column":19}},"loc":{"start":{"line":95,"column":27},"end":{"line":108,"column":13}},"line":95},"26":{"name":"(anonymous_26)","decl":{"start":{"line":111,"column":10},"end":{"line":111,"column":11}},"loc":{"start":{"line":111,"column":57},"end":{"line":129,"column":5}},"line":111},"27":{"name":"(anonymous_27)","decl":{"start":{"line":113,"column":18},"end":{"line":113,"column":19}},"loc":{"start":{"line":113,"column":27},"end":{"line":128,"column":13}},"line":113},"28":{"name":"(anonymous_28)","decl":{"start":{"line":131,"column":11},"end":{"line":131,"column":12}},"loc":{"start":{"line":131,"column":72},"end":{"line":151,"column":5}},"line":131},"29":{"name":"(anonymous_29)","decl":{"start":{"line":133,"column":18},"end":{"line":133,"column":19}},"loc":{"start":{"line":133,"column":27},"end":{"line":150,"column":13}},"line":133},"30":{"name":"(anonymous_30)","decl":{"start":{"line":153,"column":10},"end":{"line":153,"column":11}},"loc":{"start":{"line":153,"column":71},"end":{"line":173,"column":5}},"line":153},"31":{"name":"(anonymous_31)","decl":{"start":{"line":155,"column":18},"end":{"line":155,"column":19}},"loc":{"start":{"line":155,"column":27},"end":{"line":172,"column":13}},"line":155}},"branchMap":{"0":{"loc":{"start":{"line":38,"column":16},"end":{"line":40,"column":17}},"type":"if","locations":[{"start":{"line":38,"column":16},"end":{"line":40,"column":17}},{"start":{"line":38,"column":16},"end":{"line":40,"column":17}}],"line":38},"1":{"loc":{"start":{"line":56,"column":16},"end":{"line":58,"column":17}},"type":"if","locations":[{"start":{"line":56,"column":16},"end":{"line":58,"column":17}},{"start":{"line":56,"column":16},"end":{"line":58,"column":17}}],"line":56},"2":{"loc":{"start":{"line":98,"column":16},"end":{"line":100,"column":17}},"type":"if","locations":[{"start":{"line":98,"column":16},"end":{"line":100,"column":17}},{"start":{"line":98,"column":16},"end":{"line":100,"column":17}}],"line":98},"3":{"loc":{"start":{"line":118,"column":16},"end":{"line":120,"column":17}},"type":"if","locations":[{"start":{"line":118,"column":16},"end":{"line":120,"column":17}},{"start":{"line":118,"column":16},"end":{"line":120,"column":17}}],"line":118},"4":{"loc":{"start":{"line":139,"column":16},"end":{"line":141,"column":17}},"type":"if","locations":[{"start":{"line":139,"column":16},"end":{"line":141,"column":17}},{"start":{"line":139,"column":16},"end":{"line":141,"column":17}}],"line":139},"5":{"loc":{"start":{"line":161,"column":16},"end":{"line":163,"column":17}},"type":"if","locations":[{"start":{"line":161,"column":16},"end":{"line":163,"column":17}},{"start":{"line":161,"column":16},"end":{"line":163,"column":17}}],"line":161}},"s":{"0":2,"1":3,"2":3,"3":3,"4":3,"5":3,"6":1,"7":3,"8":3,"9":2,"10":2,"11":2,"12":2,"13":3,"14":2,"15":2,"16":0,"17":2,"18":0,"19":3,"20":2,"21":1,"22":1,"23":1,"24":1,"25":1,"26":0,"27":2,"28":1,"29":3,"30":3,"31":1,"32":3,"33":3,"34":2,"35":2,"36":2,"37":3,"38":2,"39":1,"40":1,"41":3,"42":3,"43":1,"44":1,"45":1,"46":1,"47":3,"48":2,"49":2,"50":2,"51":2,"52":2,"53":3,"54":6,"55":6,"56":6,"57":2,"58":6,"59":3,"60":0,"61":0,"62":0,"63":0,"64":0},"f":{"0":3,"1":1,"2":3,"3":2,"4":2,"5":2,"6":2,"7":2,"8":2,"9":0,"10":2,"11":1,"12":1,"13":2,"14":1,"15":3,"16":1,"17":3,"18":2,"19":2,"20":2,"21":2,"22":1,"23":1,"24":3,"25":1,"26":2,"27":2,"28":6,"29":6,"30":0,"31":0},"b":{"0":[0,2],"1":[1,0],"2":[1,0],"3":[2,0],"4":[2,4],"5":[0,0]},"_coverageSchema":"1a1c01bbd47fc00a2c39e90264f33305004495a9","hash":"fa6b2e6618a3d89237d73d6cb08dadd943f8af03"}
,"/Users/zack/src/bingematch/ui/swipe/etc/BaseProps.ts": {"path":"/Users/zack/src/bingematch/ui/swipe/etc/BaseProps.ts","statementMap":{},"fnMap":{},"branchMap":{},"s":{},"f":{},"b":{}}
,"/Users/zack/src/bingematch/ui/swipe/etc/Icons.tsx": {"path":"/Users/zack/src/bingematch/ui/swipe/etc/Icons.tsx","statementMap":{"0":{"start":{"line":5,"column":28},"end":{"line":7,"column":1}},"1":{"start":{"line":6,"column":4},"end":{"line":6,"column":38}},"2":{"start":{"line":9,"column":26},"end":{"line":11,"column":1}},"3":{"start":{"line":10,"column":4},"end":{"line":10,"column":36}},"4":{"start":{"line":13,"column":27},"end":{"line":15,"column":1}},"5":{"start":{"line":14,"column":4},"end":{"line":14,"column":37}},"6":{"start":{"line":17,"column":25},"end":{"line":19,"column":1}},"7":{"start":{"line":18,"column":4},"end":{"line":18,"column":35}},"8":{"start":{"line":21,"column":28},"end":{"line":23,"column":1}},"9":{"start":{"line":22,"column":4},"end":{"line":22,"column":34}},"10":{"start":{"line":25,"column":26},"end":{"line":27,"column":1}},"11":{"start":{"line":26,"column":4},"end":{"line":26,"column":36}},"12":{"start":{"line":29,"column":24},"end":{"line":31,"column":1}},"13":{"start":{"line":30,"column":4},"end":{"line":30,"column":34}}},"fnMap":{"0":{"name":"(anonymous_0)","decl":{"start":{"line":5,"column":28},"end":{"line":5,"column":29}},"loc":{"start":{"line":6,"column":4},"end":{"line":6,"column":38}},"line":6},"1":{"name":"(anonymous_1)","decl":{"start":{"line":9,"column":26},"end":{"line":9,"column":27}},"loc":{"start":{"line":10,"column":4},"end":{"line":10,"column":36}},"line":10},"2":{"name":"(anonymous_2)","decl":{"start":{"line":13,"column":27},"end":{"line":13,"column":28}},"loc":{"start":{"line":14,"column":4},"end":{"line":14,"column":37}},"line":14},"3":{"name":"(anonymous_3)","decl":{"start":{"line":17,"column":25},"end":{"line":17,"column":26}},"loc":{"start":{"line":18,"column":4},"end":{"line":18,"column":35}},"line":18},"4":{"name":"(anonymous_4)","decl":{"start":{"line":21,"column":28},"end":{"line":21,"column":29}},"loc":{"start":{"line":22,"column":4},"end":{"line":22,"column":34}},"line":22},"5":{"name":"(anonymous_5)","decl":{"start":{"line":25,"column":26},"end":{"line":25,"column":27}},"loc":{"start":{"line":26,"column":4},"end":{"line":26,"column":36}},"line":26},"6":{"name":"(anonymous_6)","decl":{"start":{"line":29,"column":24},"end":{"line":29,"column":25}},"loc":{"start":{"line":30,"column":4},"end":{"line":30,"column":34}},"line":30}},"branchMap":{},"s":{"0":2,"1":1,"2":2,"3":1,"4":2,"5":1,"6":2,"7":8,"8":2,"9":22,"10":2,"11":0,"12":2,"13":0},"f":{"0":1,"1":1,"2":1,"3":8,"4":22,"5":0,"6":0},"b":{},"_coverageSchema":"1a1c01bbd47fc00a2c39e90264f33305004495a9","hash":"afd8f5dd9ed9436c847594916433b07591770099"}
,"/Users/zack/src/bingematch/ui/swipe/etc/ImageOverlay.tsx": {"path":"/Users/zack/src/bingematch/ui/swipe/etc/ImageOverlay.tsx","statementMap":{"0":{"start":{"line":13,"column":30},"end":{"line":13,"column":51}},"1":{"start":{"line":15,"column":28},"end":{"line":31,"column":1}},"2":{"start":{"line":17,"column":55},"end":{"line":17,"column":60}},"3":{"start":{"line":18,"column":52},"end":{"line":18,"column":77}},"4":{"start":{"line":20,"column":2},"end":{"line":30,"column":4}}},"fnMap":{"0":{"name":"(anonymous_0)","decl":{"start":{"line":15,"column":28},"end":{"line":15,"column":29}},"loc":{"start":{"line":15,"column":101},"end":{"line":31,"column":1}},"line":15}},"branchMap":{"0":{"loc":{"start":{"line":26,"column":27},"end":{"line":26,"column":64}},"type":"binary-expr","locations":[{"start":{"line":26,"column":27},"end":{"line":26,"column":39}},{"start":{"line":26,"column":43},"end":{"line":26,"column":64}}],"line":26}},"s":{"0":1,"1":1,"2":1,"3":1,"4":1},"f":{"0":1},"b":{"0":[1,1]},"_coverageSchema":"1a1c01bbd47fc00a2c39e90264f33305004495a9","hash":"2c86950a279e9ef4daa5a8e2ea4a78b94c36311b"}
,"/Users/zack/src/bingematch/ui/swipe/onboard/ForgotPassword.tsx": {"path":"/Users/zack/src/bingematch/ui/swipe/onboard/ForgotPassword.tsx","statementMap":{"0":{"start":{"line":6,"column":45},"end":{"line":22,"column":1}},"1":{"start":{"line":8,"column":21},"end":{"line":10,"column":5}},"2":{"start":{"line":9,"column":8},"end":{"line":9,"column":44}},"3":{"start":{"line":12,"column":23},"end":{"line":14,"column":5}},"4":{"start":{"line":13,"column":8},"end":{"line":13,"column":97}},"5":{"start":{"line":13,"column":60},"end":{"line":13,"column":94}},"6":{"start":{"line":16,"column":4},"end":{"line":21,"column":5}}},"fnMap":{"0":{"name":"(anonymous_0)","decl":{"start":{"line":6,"column":45},"end":{"line":6,"column":46}},"loc":{"start":{"line":6,"column":56},"end":{"line":22,"column":1}},"line":6},"1":{"name":"(anonymous_1)","decl":{"start":{"line":8,"column":21},"end":{"line":8,"column":22}},"loc":{"start":{"line":9,"column":8},"end":{"line":9,"column":44}},"line":9},"2":{"name":"(anonymous_2)","decl":{"start":{"line":12,"column":23},"end":{"line":12,"column":24}},"loc":{"start":{"line":13,"column":8},"end":{"line":13,"column":97}},"line":13},"3":{"name":"(anonymous_3)","decl":{"start":{"line":13,"column":54},"end":{"line":13,"column":55}},"loc":{"start":{"line":13,"column":60},"end":{"line":13,"column":94}},"line":13}},"branchMap":{},"s":{"0":0,"1":0,"2":0,"3":0,"4":0,"5":0,"6":0},"f":{"0":0,"1":0,"2":0,"3":0},"b":{}}
,"/Users/zack/src/bingematch/ui/swipe/onboard/Login.tsx": {"path":"/Users/zack/src/bingematch/ui/swipe/onboard/Login.tsx","statementMap":{"0":{"start":{"line":11,"column":36},"end":{"line":107,"column":1}},"1":{"start":{"line":13,"column":16},"end":{"line":13,"column":41}},"2":{"start":{"line":15,"column":21},"end":{"line":15,"column":61}},"3":{"start":{"line":16,"column":29},"end":{"line":18,"column":5}},"4":{"start":{"line":17,"column":8},"end":{"line":17,"column":38}},"5":{"start":{"line":20,"column":24},"end":{"line":20,"column":64}},"6":{"start":{"line":21,"column":32},"end":{"line":23,"column":5}},"7":{"start":{"line":22,"column":8},"end":{"line":22,"column":41}},"8":{"start":{"line":25,"column":31},"end":{"line":39,"column":5}},"9":{"start":{"line":26,"column":22},"end":{"line":26,"column":40}},"10":{"start":{"line":27,"column":25},"end":{"line":27,"column":46}},"11":{"start":{"line":29,"column":8},"end":{"line":31,"column":9}},"12":{"start":{"line":30,"column":12},"end":{"line":30,"column":18}},"13":{"start":{"line":33,"column":8},"end":{"line":38,"column":10}},"14":{"start":{"line":37,"column":12},"end":{"line":37,"column":47}},"15":{"start":{"line":41,"column":32},"end":{"line":43,"column":5}},"16":{"start":{"line":42,"column":8},"end":{"line":42,"column":44}},"17":{"start":{"line":45,"column":40},"end":{"line":47,"column":5}},"18":{"start":{"line":46,"column":8},"end":{"line":46,"column":52}},"19":{"start":{"line":49,"column":4},"end":{"line":106,"column":6}},"20":{"start":{"line":109,"column":15},"end":{"line":142,"column":2}}},"fnMap":{"0":{"name":"(anonymous_0)","decl":{"start":{"line":11,"column":36},"end":{"line":11,"column":37}},"loc":{"start":{"line":11,"column":47},"end":{"line":107,"column":1}},"line":11},"1":{"name":"(anonymous_1)","decl":{"start":{"line":16,"column":29},"end":{"line":16,"column":30}},"loc":{"start":{"line":16,"column":72},"end":{"line":18,"column":5}},"line":16},"2":{"name":"(anonymous_2)","decl":{"start":{"line":21,"column":32},"end":{"line":21,"column":33}},"loc":{"start":{"line":21,"column":75},"end":{"line":23,"column":5}},"line":21},"3":{"name":"(anonymous_3)","decl":{"start":{"line":25,"column":31},"end":{"line":25,"column":32}},"loc":{"start":{"line":25,"column":44},"end":{"line":39,"column":5}},"line":25},"4":{"name":"(anonymous_4)","decl":{"start":{"line":36,"column":16},"end":{"line":36,"column":17}},"loc":{"start":{"line":36,"column":22},"end":{"line":38,"column":9}},"line":36},"5":{"name":"(anonymous_5)","decl":{"start":{"line":41,"column":32},"end":{"line":41,"column":33}},"loc":{"start":{"line":41,"column":44},"end":{"line":43,"column":5}},"line":41},"6":{"name":"(anonymous_6)","decl":{"start":{"line":45,"column":40},"end":{"line":45,"column":41}},"loc":{"start":{"line":45,"column":52},"end":{"line":47,"column":5}},"line":45}},"branchMap":{"0":{"loc":{"start":{"line":29,"column":8},"end":{"line":31,"column":9}},"type":"if","locations":[{"start":{"line":29,"column":8},"end":{"line":31,"column":9}},{"start":{"line":29,"column":8},"end":{"line":31,"column":9}}],"line":29},"1":{"loc":{"start":{"line":29,"column":12},"end":{"line":29,"column":31}},"type":"binary-expr","locations":[{"start":{"line":29,"column":12},"end":{"line":29,"column":18}},{"start":{"line":29,"column":22},"end":{"line":29,"column":31}}],"line":29}},"s":{"0":0,"1":0,"2":0,"3":0,"4":0,"5":0,"6":0,"7":0,"8":0,"9":0,"10":0,"11":0,"12":0,"13":0,"14":0,"15":0,"16":0,"17":0,"18":0,"19":0,"20":0},"f":{"0":0,"1":0,"2":0,"3":0,"4":0,"5":0,"6":0},"b":{"0":[0,0],"1":[0,0]}}
,"/Users/zack/src/bingematch/ui/swipe/onboard/SignUp.tsx": {"path":"/Users/zack/src/bingematch/ui/swipe/onboard/SignUp.tsx","statementMap":{"0":{"start":{"line":11,"column":37},"end":{"line":91,"column":1}},"1":{"start":{"line":13,"column":16},"end":{"line":13,"column":41}},"2":{"start":{"line":15,"column":21},"end":{"line":15,"column":61}},"3":{"start":{"line":16,"column":29},"end":{"line":18,"column":5}},"4":{"start":{"line":17,"column":8},"end":{"line":17,"column":38}},"5":{"start":{"line":20,"column":24},"end":{"line":20,"column":64}},"6":{"start":{"line":21,"column":32},"end":{"line":23,"column":5}},"7":{"start":{"line":22,"column":8},"end":{"line":22,"column":41}},"8":{"start":{"line":25,"column":32},"end":{"line":40,"column":5}},"9":{"start":{"line":26,"column":22},"end":{"line":26,"column":40}},"10":{"start":{"line":27,"column":25},"end":{"line":27,"column":46}},"11":{"start":{"line":29,"column":8},"end":{"line":31,"column":9}},"12":{"start":{"line":30,"column":12},"end":{"line":30,"column":18}},"13":{"start":{"line":33,"column":8},"end":{"line":39,"column":10}},"14":{"start":{"line":38,"column":12},"end":{"line":38,"column":47}},"15":{"start":{"line":42,"column":31},"end":{"line":44,"column":5}},"16":{"start":{"line":43,"column":8},"end":{"line":43,"column":43}},"17":{"start":{"line":46,"column":4},"end":{"line":90,"column":5}},"18":{"start":{"line":93,"column":15},"end":{"line":113,"column":2}}},"fnMap":{"0":{"name":"(anonymous_0)","decl":{"start":{"line":11,"column":37},"end":{"line":11,"column":38}},"loc":{"start":{"line":11,"column":48},"end":{"line":91,"column":1}},"line":11},"1":{"name":"(anonymous_1)","decl":{"start":{"line":16,"column":29},"end":{"line":16,"column":30}},"loc":{"start":{"line":16,"column":72},"end":{"line":18,"column":5}},"line":16},"2":{"name":"(anonymous_2)","decl":{"start":{"line":21,"column":32},"end":{"line":21,"column":33}},"loc":{"start":{"line":21,"column":75},"end":{"line":23,"column":5}},"line":21},"3":{"name":"(anonymous_3)","decl":{"start":{"line":25,"column":32},"end":{"line":25,"column":33}},"loc":{"start":{"line":25,"column":44},"end":{"line":40,"column":5}},"line":25},"4":{"name":"(anonymous_4)","decl":{"start":{"line":37,"column":16},"end":{"line":37,"column":17}},"loc":{"start":{"line":37,"column":22},"end":{"line":39,"column":9}},"line":37},"5":{"name":"(anonymous_5)","decl":{"start":{"line":42,"column":31},"end":{"line":42,"column":32}},"loc":{"start":{"line":42,"column":43},"end":{"line":44,"column":5}},"line":42}},"branchMap":{"0":{"loc":{"start":{"line":29,"column":8},"end":{"line":31,"column":9}},"type":"if","locations":[{"start":{"line":29,"column":8},"end":{"line":31,"column":9}},{"start":{"line":29,"column":8},"end":{"line":31,"column":9}}],"line":29},"1":{"loc":{"start":{"line":29,"column":12},"end":{"line":29,"column":31}},"type":"binary-expr","locations":[{"start":{"line":29,"column":12},"end":{"line":29,"column":18}},{"start":{"line":29,"column":22},"end":{"line":29,"column":31}}],"line":29}},"s":{"0":1,"1":1,"2":1,"3":1,"4":3,"5":1,"6":1,"7":4,"8":1,"9":1,"10":1,"11":1,"12":0,"13":1,"14":1,"15":1,"16":0,"17":1,"18":1},"f":{"0":1,"1":3,"2":4,"3":1,"4":1,"5":0},"b":{"0":[0,1],"1":[1,1]},"_coverageSchema":"1a1c01bbd47fc00a2c39e90264f33305004495a9","hash":"7fe9993bd2c1e628891bcefaf026e6333a98cc49"}
,"/Users/zack/src/bingematch/ui/swipe/onboard/components/EmailInput.tsx": {"path":"/Users/zack/src/bingematch/ui/swipe/onboard/components/EmailInput.tsx","statementMap":{"0":{"start":{"line":7,"column":19},"end":{"line":7,"column":77}},"1":{"start":{"line":15,"column":37},"end":{"line":60,"column":1}},"2":{"start":{"line":17,"column":30},"end":{"line":17,"column":65}},"3":{"start":{"line":18,"column":34},"end":{"line":18,"column":59}},"4":{"start":{"line":19,"column":32},"end":{"line":19,"column":68}},"5":{"start":{"line":21,"column":23},"end":{"line":31,"column":5}},"6":{"start":{"line":22,"column":8},"end":{"line":30,"column":9}},"7":{"start":{"line":23,"column":12},"end":{"line":23,"column":28}},"8":{"start":{"line":24,"column":12},"end":{"line":24,"column":31}},"9":{"start":{"line":25,"column":12},"end":{"line":25,"column":28}},"10":{"start":{"line":27,"column":12},"end":{"line":27,"column":29}},"11":{"start":{"line":28,"column":12},"end":{"line":28,"column":32}},"12":{"start":{"line":29,"column":12},"end":{"line":29,"column":24}},"13":{"start":{"line":33,"column":4},"end":{"line":33,"column":35}},"14":{"start":{"line":35,"column":4},"end":{"line":59,"column":1}},"15":{"start":{"line":62,"column":15},"end":{"line":63,"column":2}}},"fnMap":{"0":{"name":"(anonymous_0)","decl":{"start":{"line":15,"column":37},"end":{"line":15,"column":38}},"loc":{"start":{"line":15,"column":48},"end":{"line":60,"column":1}},"line":15},"1":{"name":"(anonymous_1)","decl":{"start":{"line":21,"column":23},"end":{"line":21,"column":24}},"loc":{"start":{"line":21,"column":50},"end":{"line":31,"column":5}},"line":21}},"branchMap":{"0":{"loc":{"start":{"line":22,"column":8},"end":{"line":30,"column":9}},"type":"if","locations":[{"start":{"line":22,"column":8},"end":{"line":30,"column":9}},{"start":{"line":22,"column":8},"end":{"line":30,"column":9}}],"line":22},"1":{"loc":{"start":{"line":22,"column":12},"end":{"line":22,"column":65}},"type":"binary-expr","locations":[{"start":{"line":22,"column":12},"end":{"line":22,"column":18}},{"start":{"line":22,"column":22},"end":{"line":22,"column":38}},{"start":{"line":22,"column":42},"end":{"line":22,"column":65}}],"line":22},"2":{"loc":{"start":{"line":40,"column":17},"end":{"line":40,"column":61}},"type":"cond-expr","locations":[{"start":{"line":40,"column":27},"end":{"line":40,"column":55}},{"start":{"line":40,"column":58},"end":{"line":40,"column":61}}],"line":40}},"s":{"0":2,"1":2,"2":9,"3":9,"4":9,"5":9,"6":4,"7":1,"8":1,"9":1,"10":3,"11":3,"12":3,"13":9,"14":9,"15":2},"f":{"0":9,"1":4},"b":{"0":[1,3],"1":[4,4,4],"2":[2,7]},"_coverageSchema":"1a1c01bbd47fc00a2c39e90264f33305004495a9","hash":"c583f129b18e08b81747d114b752c1fc2e1b63ef"}
,"/Users/zack/src/bingematch/ui/swipe/onboard/components/PasswordInput.tsx": {"path":"/Users/zack/src/bingematch/ui/swipe/onboard/components/PasswordInput.tsx","statementMap":{"0":{"start":{"line":7,"column":17},"end":{"line":7,"column":20}},"1":{"start":{"line":16,"column":40},"end":{"line":126,"column":1}},"2":{"start":{"line":18,"column":36},"end":{"line":18,"column":71}},"3":{"start":{"line":19,"column":42},"end":{"line":19,"column":74}},"4":{"start":{"line":20,"column":48},"end":{"line":20,"column":84}},"5":{"start":{"line":22,"column":32},"end":{"line":22,"column":67}},"6":{"start":{"line":23,"column":44},"end":{"line":23,"column":77}},"7":{"start":{"line":25,"column":21},"end":{"line":31,"column":5}},"8":{"start":{"line":26,"column":22},"end":{"line":28,"column":29}},"9":{"start":{"line":30,"column":8},"end":{"line":30,"column":43}},"10":{"start":{"line":33,"column":4},"end":{"line":33,"column":33}},"11":{"start":{"line":35,"column":24},"end":{"line":46,"column":5}},"12":{"start":{"line":36,"column":8},"end":{"line":40,"column":9}},"13":{"start":{"line":37,"column":12},"end":{"line":37,"column":79}},"14":{"start":{"line":38,"column":12},"end":{"line":38,"column":37}},"15":{"start":{"line":39,"column":12},"end":{"line":39,"column":24}},"16":{"start":{"line":42,"column":8},"end":{"line":42,"column":32}},"17":{"start":{"line":43,"column":8},"end":{"line":43,"column":34}},"18":{"start":{"line":45,"column":8},"end":{"line":45,"column":19}},"19":{"start":{"line":48,"column":26},"end":{"line":70,"column":5}},"20":{"start":{"line":50,"column":8},"end":{"line":54,"column":9}},"21":{"start":{"line":51,"column":12},"end":{"line":51,"column":56}},"22":{"start":{"line":52,"column":12},"end":{"line":52,"column":39}},"23":{"start":{"line":53,"column":12},"end":{"line":53,"column":24}},"24":{"start":{"line":57,"column":8},"end":{"line":64,"column":9}},"25":{"start":{"line":59,"column":12},"end":{"line":63,"column":13}},"26":{"start":{"line":60,"column":16},"end":{"line":60,"column":81}},"27":{"start":{"line":61,"column":16},"end":{"line":61,"column":43}},"28":{"start":{"line":62,"column":16},"end":{"line":62,"column":28}},"29":{"start":{"line":67,"column":8},"end":{"line":67,"column":32}},"30":{"start":{"line":68,"column":8},"end":{"line":68,"column":36}},"31":{"start":{"line":69,"column":8},"end":{"line":69,"column":19}},"32":{"start":{"line":73,"column":8},"end":{"line":87,"column":10}},"33":{"start":{"line":90,"column":8},"end":{"line":94,"column":15}},"34":{"start":{"line":98,"column":8},"end":{"line":111,"column":10}},"35":{"start":{"line":114,"column":4},"end":{"line":125,"column":5}},"36":{"start":{"line":128,"column":15},"end":{"line":129,"column":2}}},"fnMap":{"0":{"name":"(anonymous_0)","decl":{"start":{"line":16,"column":40},"end":{"line":16,"column":41}},"loc":{"start":{"line":16,"column":51},"end":{"line":126,"column":1}},"line":16},"1":{"name":"(anonymous_1)","decl":{"start":{"line":25,"column":21},"end":{"line":25,"column":22}},"loc":{"start":{"line":25,"column":48},"end":{"line":31,"column":5}},"line":25},"2":{"name":"(anonymous_2)","decl":{"start":{"line":35,"column":24},"end":{"line":35,"column":25}},"loc":{"start":{"line":35,"column":40},"end":{"line":46,"column":5}},"line":35},"3":{"name":"(anonymous_3)","decl":{"start":{"line":48,"column":26},"end":{"line":48,"column":27}},"loc":{"start":{"line":48,"column":42},"end":{"line":70,"column":5}},"line":48}},"branchMap":{"0":{"loc":{"start":{"line":26,"column":22},"end":{"line":28,"column":29}},"type":"cond-expr","locations":[{"start":{"line":27,"column":12},"end":{"line":27,"column":44}},{"start":{"line":28,"column":14},"end":{"line":28,"column":29}}],"line":26},"1":{"loc":{"start":{"line":27,"column":12},"end":{"line":27,"column":44}},"type":"binary-expr","locations":[{"start":{"line":27,"column":12},"end":{"line":27,"column":27}},{"start":{"line":27,"column":31},"end":{"line":27,"column":44}}],"line":27},"2":{"loc":{"start":{"line":30,"column":15},"end":{"line":30,"column":43}},"type":"cond-expr","locations":[{"start":{"line":30,"column":23},"end":{"line":30,"column":31}},{"start":{"line":30,"column":34},"end":{"line":30,"column":43}}],"line":30},"3":{"loc":{"start":{"line":36,"column":8},"end":{"line":40,"column":9}},"type":"if","locations":[{"start":{"line":36,"column":8},"end":{"line":40,"column":9}},{"start":{"line":36,"column":8},"end":{"line":40,"column":9}}],"line":36},"4":{"loc":{"start":{"line":50,"column":8},"end":{"line":54,"column":9}},"type":"if","locations":[{"start":{"line":50,"column":8},"end":{"line":54,"column":9}},{"start":{"line":50,"column":8},"end":{"line":54,"column":9}}],"line":50},"5":{"loc":{"start":{"line":57,"column":8},"end":{"line":64,"column":9}},"type":"if","locations":[{"start":{"line":57,"column":8},"end":{"line":64,"column":9}},{"start":{"line":57,"column":8},"end":{"line":64,"column":9}}],"line":57},"6":{"loc":{"start":{"line":59,"column":12},"end":{"line":63,"column":13}},"type":"if","locations":[{"start":{"line":59,"column":12},"end":{"line":63,"column":13}},{"start":{"line":59,"column":12},"end":{"line":63,"column":13}}],"line":59},"7":{"loc":{"start":{"line":59,"column":16},"end":{"line":59,"column":48}},"type":"binary-expr","locations":[{"start":{"line":59,"column":16},"end":{"line":59,"column":25}},{"start":{"line":59,"column":29},"end":{"line":59,"column":48}}],"line":59},"8":{"loc":{"start":{"line":114,"column":11},"end":{"line":125,"column":5}},"type":"cond-expr","locations":[{"start":{"line":115,"column":8},"end":{"line":119,"column":15}},{"start":{"line":121,"column":8},"end":{"line":124,"column":15}}],"line":114}},"s":{"0":2,"1":2,"2":12,"3":12,"4":12,"5":12,"6":12,"7":12,"8":5,"9":5,"10":12,"11":12,"12":3,"13":1,"14":1,"15":1,"16":2,"17":2,"18":2,"19":12,"20":5,"21":1,"22":1,"23":1,"24":4,"25":4,"26":1,"27":1,"28":1,"29":3,"30":3,"31":3,"32":12,"33":12,"34":12,"35":12,"36":2},"f":{"0":12,"1":5,"2":3,"3":5},"b":{"0":[5,0],"1":[5,3],"2":[2,3],"3":[1,2],"4":[1,4],"5":[4,0],"6":[1,3],"7":[4,4],"8":[12,0]},"_coverageSchema":"1a1c01bbd47fc00a2c39e90264f33305004495a9","hash":"5e26cc5bfbf2b562f3f0b9f77badc4ee4c656d77"}
,"/Users/zack/src/bingematch/ui/swipe/onboard/components/Social.tsx": {"path":"/Users/zack/src/bingematch/ui/swipe/onboard/components/Social.tsx","statementMap":{"0":{"start":{"line":10,"column":33},"end":{"line":40,"column":1}},"1":{"start":{"line":11,"column":4},"end":{"line":39,"column":5}},"2":{"start":{"line":42,"column":15},"end":{"line":56,"column":2}}},"fnMap":{"0":{"name":"(anonymous_0)","decl":{"start":{"line":10,"column":33},"end":{"line":10,"column":34}},"loc":{"start":{"line":10,"column":44},"end":{"line":40,"column":1}},"line":10}},"branchMap":{},"s":{"0":1,"1":1,"2":1},"f":{"0":1},"b":{},"_coverageSchema":"1a1c01bbd47fc00a2c39e90264f33305004495a9","hash":"c741b08c44dd203ace91f28815230779c099f99e"}
,"/Users/zack/src/bingematch/ui/swipe/queue/Card.tsx": {"path":"/Users/zack/src/bingematch/ui/swipe/queue/Card.tsx","statementMap":{"0":{"start":{"line":27,"column":31},"end":{"line":245,"column":1}},"1":{"start":{"line":28,"column":17},"end":{"line":28,"column":55}},"2":{"start":{"line":29,"column":18},"end":{"line":29,"column":55}},"3":{"start":{"line":30,"column":19},"end":{"line":30,"column":56}},"4":{"start":{"line":31,"column":17},"end":{"line":31,"column":54}},"5":{"start":{"line":32,"column":18},"end":{"line":32,"column":55}},"6":{"start":{"line":34,"column":19},"end":{"line":34,"column":40}},"7":{"start":{"line":35,"column":23},"end":{"line":35,"column":39}},"8":{"start":{"line":36,"column":24},"end":{"line":36,"column":41}},"9":{"start":{"line":37,"column":18},"end":{"line":39,"column":5}},"10":{"start":{"line":38,"column":8},"end":{"line":38,"column":79}},"11":{"start":{"line":41,"column":25},"end":{"line":47,"column":5}},"12":{"start":{"line":42,"column":8},"end":{"line":46,"column":10}},"13":{"start":{"line":49,"column":25},"end":{"line":171,"column":13}},"14":{"start":{"line":54,"column":64},"end":{"line":54,"column":68}},"15":{"start":{"line":55,"column":71},"end":{"line":55,"column":75}},"16":{"start":{"line":58,"column":16},"end":{"line":61,"column":27}},"17":{"start":{"line":69,"column":16},"end":{"line":72,"column":19}},"18":{"start":{"line":74,"column":16},"end":{"line":74,"column":69}},"19":{"start":{"line":76,"column":30},"end":{"line":76,"column":64}},"20":{"start":{"line":77,"column":16},"end":{"line":83,"column":17}},"21":{"start":{"line":78,"column":20},"end":{"line":78,"column":58}},"22":{"start":{"line":79,"column":20},"end":{"line":79,"column":37}},"23":{"start":{"line":81,"column":20},"end":{"line":81,"column":63}},"24":{"start":{"line":82,"column":20},"end":{"line":82,"column":38}},"25":{"start":{"line":85,"column":69},"end":{"line":85,"column":73}},"26":{"start":{"line":88,"column":16},"end":{"line":91,"column":27}},"27":{"start":{"line":92,"column":16},"end":{"line":95,"column":27}},"28":{"start":{"line":97,"column":16},"end":{"line":100,"column":27}},"29":{"start":{"line":101,"column":16},"end":{"line":104,"column":27}},"30":{"start":{"line":111,"column":30},"end":{"line":111,"column":64}},"31":{"start":{"line":112,"column":32},"end":{"line":112,"column":67}},"32":{"start":{"line":114,"column":16},"end":{"line":159,"column":17}},"33":{"start":{"line":115,"column":20},"end":{"line":121,"column":31}},"34":{"start":{"line":122,"column":20},"end":{"line":122,"column":75}},"35":{"start":{"line":122,"column":37},"end":{"line":122,"column":62}},"36":{"start":{"line":124,"column":23},"end":{"line":159,"column":17}},"37":{"start":{"line":125,"column":20},"end":{"line":131,"column":31}},"38":{"start":{"line":132,"column":20},"end":{"line":132,"column":78}},"39":{"start":{"line":132,"column":37},"end":{"line":132,"column":65}},"40":{"start":{"line":134,"column":23},"end":{"line":159,"column":17}},"41":{"start":{"line":135,"column":20},"end":{"line":141,"column":31}},"42":{"start":{"line":142,"column":20},"end":{"line":142,"column":75}},"43":{"start":{"line":142,"column":37},"end":{"line":142,"column":62}},"44":{"start":{"line":144,"column":23},"end":{"line":159,"column":17}},"45":{"start":{"line":145,"column":20},"end":{"line":151,"column":31}},"46":{"start":{"line":152,"column":20},"end":{"line":152,"column":75}},"47":{"start":{"line":152,"column":37},"end":{"line":152,"column":62}},"48":{"start":{"line":155,"column":20},"end":{"line":158,"column":31}},"49":{"start":{"line":168,"column":16},"end":{"line":168,"column":28}},"50":{"start":{"line":173,"column":55},"end":{"line":184,"column":6}},"51":{"start":{"line":185,"column":57},"end":{"line":190,"column":6}},"52":{"start":{"line":192,"column":20},"end":{"line":211,"column":5}},"53":{"start":{"line":193,"column":8},"end":{"line":210,"column":18}},"54":{"start":{"line":213,"column":4},"end":{"line":221,"column":22}},"55":{"start":{"line":214,"column":8},"end":{"line":220,"column":10}},"56":{"start":{"line":215,"column":12},"end":{"line":219,"column":13}},"57":{"start":{"line":216,"column":16},"end":{"line":216,"column":37}},"58":{"start":{"line":218,"column":16},"end":{"line":218,"column":72}},"59":{"start":{"line":218,"column":33},"end":{"line":218,"column":59}},"60":{"start":{"line":223,"column":4},"end":{"line":244,"column":6}}},"fnMap":{"0":{"name":"(anonymous_0)","decl":{"start":{"line":27,"column":31},"end":{"line":27,"column":32}},"loc":{"start":{"line":27,"column":42},"end":{"line":245,"column":1}},"line":27},"1":{"name":"(anonymous_1)","decl":{"start":{"line":37,"column":18},"end":{"line":37,"column":19}},"loc":{"start":{"line":37,"column":92},"end":{"line":39,"column":5}},"line":37},"2":{"name":"(anonymous_2)","decl":{"start":{"line":41,"column":25},"end":{"line":41,"column":26}},"loc":{"start":{"line":41,"column":46},"end":{"line":47,"column":5}},"line":41},"3":{"name":"(anonymous_3)","decl":{"start":{"line":54,"column":41},"end":{"line":54,"column":42}},"loc":{"start":{"line":54,"column":64},"end":{"line":54,"column":68}},"line":54},"4":{"name":"(anonymous_4)","decl":{"start":{"line":55,"column":48},"end":{"line":55,"column":49}},"loc":{"start":{"line":55,"column":71},"end":{"line":55,"column":75}},"line":55},"5":{"name":"(anonymous_5)","decl":{"start":{"line":56,"column":33},"end":{"line":56,"column":34}},"loc":{"start":{"line":56,"column":56},"end":{"line":65,"column":13}},"line":56},"6":{"name":"(anonymous_6)","decl":{"start":{"line":66,"column":32},"end":{"line":66,"column":33}},"loc":{"start":{"line":66,"column":55},"end":{"line":84,"column":13}},"line":66},"7":{"name":"(anonymous_7)","decl":{"start":{"line":85,"column":46},"end":{"line":85,"column":47}},"loc":{"start":{"line":85,"column":69},"end":{"line":85,"column":73}},"line":85},"8":{"name":"(anonymous_8)","decl":{"start":{"line":86,"column":35},"end":{"line":86,"column":36}},"loc":{"start":{"line":86,"column":58},"end":{"line":160,"column":13}},"line":86},"9":{"name":"(anonymous_9)","decl":{"start":{"line":122,"column":31},"end":{"line":122,"column":32}},"loc":{"start":{"line":122,"column":37},"end":{"line":122,"column":62}},"line":122},"10":{"name":"(anonymous_10)","decl":{"start":{"line":132,"column":31},"end":{"line":132,"column":32}},"loc":{"start":{"line":132,"column":37},"end":{"line":132,"column":65}},"line":132},"11":{"name":"(anonymous_11)","decl":{"start":{"line":142,"column":31},"end":{"line":142,"column":32}},"loc":{"start":{"line":142,"column":37},"end":{"line":142,"column":62}},"line":142},"12":{"name":"(anonymous_12)","decl":{"start":{"line":152,"column":31},"end":{"line":152,"column":32}},"loc":{"start":{"line":152,"column":37},"end":{"line":152,"column":62}},"line":152},"13":{"name":"(anonymous_13)","decl":{"start":{"line":161,"column":37},"end":{"line":161,"column":38}},"loc":{"start":{"line":161,"column":60},"end":{"line":164,"column":13}},"line":161},"14":{"name":"(anonymous_14)","decl":{"start":{"line":165,"column":42},"end":{"line":165,"column":43}},"loc":{"start":{"line":165,"column":65},"end":{"line":169,"column":13}},"line":165},"15":{"name":"(anonymous_15)","decl":{"start":{"line":192,"column":20},"end":{"line":192,"column":21}},"loc":{"start":{"line":192,"column":41},"end":{"line":211,"column":5}},"line":192},"16":{"name":"(anonymous_16)","decl":{"start":{"line":213,"column":14},"end":{"line":213,"column":15}},"loc":{"start":{"line":213,"column":20},"end":{"line":221,"column":5}},"line":213},"17":{"name":"(anonymous_17)","decl":{"start":{"line":214,"column":29},"end":{"line":214,"column":30}},"loc":{"start":{"line":214,"column":38},"end":{"line":220,"column":9}},"line":214},"18":{"name":"(anonymous_18)","decl":{"start":{"line":218,"column":27},"end":{"line":218,"column":28}},"loc":{"start":{"line":218,"column":33},"end":{"line":218,"column":59}},"line":218}},"branchMap":{"0":{"loc":{"start":{"line":38,"column":15},"end":{"line":38,"column":79}},"type":"binary-expr","locations":[{"start":{"line":38,"column":15},"end":{"line":38,"column":45}},{"start":{"line":38,"column":49},"end":{"line":38,"column":79}}],"line":38},"1":{"loc":{"start":{"line":77,"column":16},"end":{"line":83,"column":17}},"type":"if","locations":[{"start":{"line":77,"column":16},"end":{"line":83,"column":17}},{"start":{"line":77,"column":16},"end":{"line":83,"column":17}}],"line":77},"2":{"loc":{"start":{"line":78,"column":35},"end":{"line":78,"column":56}},"type":"cond-expr","locations":[{"start":{"line":78,"column":47},"end":{"line":78,"column":48}},{"start":{"line":78,"column":51},"end":{"line":78,"column":56}}],"line":78},"3":{"loc":{"start":{"line":81,"column":34},"end":{"line":81,"column":61}},"type":"cond-expr","locations":[{"start":{"line":81,"column":47},"end":{"line":81,"column":48}},{"start":{"line":81,"column":51},"end":{"line":81,"column":61}}],"line":81},"4":{"loc":{"start":{"line":114,"column":16},"end":{"line":159,"column":17}},"type":"if","locations":[{"start":{"line":114,"column":16},"end":{"line":159,"column":17}},{"start":{"line":114,"column":16},"end":{"line":159,"column":17}}],"line":114},"5":{"loc":{"start":{"line":124,"column":23},"end":{"line":159,"column":17}},"type":"if","locations":[{"start":{"line":124,"column":23},"end":{"line":159,"column":17}},{"start":{"line":124,"column":23},"end":{"line":159,"column":17}}],"line":124},"6":{"loc":{"start":{"line":134,"column":23},"end":{"line":159,"column":17}},"type":"if","locations":[{"start":{"line":134,"column":23},"end":{"line":159,"column":17}},{"start":{"line":134,"column":23},"end":{"line":159,"column":17}}],"line":134},"7":{"loc":{"start":{"line":144,"column":23},"end":{"line":159,"column":17}},"type":"if","locations":[{"start":{"line":144,"column":23},"end":{"line":159,"column":17}},{"start":{"line":144,"column":23},"end":{"line":159,"column":17}}],"line":144},"8":{"loc":{"start":{"line":215,"column":12},"end":{"line":219,"column":13}},"type":"if","locations":[{"start":{"line":215,"column":12},"end":{"line":219,"column":13}},{"start":{"line":215,"column":12},"end":{"line":219,"column":13}}],"line":215},"9":{"loc":{"start":{"line":215,"column":16},"end":{"line":215,"column":75}},"type":"binary-expr","locations":[{"start":{"line":215,"column":16},"end":{"line":215,"column":41}},{"start":{"line":215,"column":45},"end":{"line":215,"column":75}}],"line":215}},"s":{"0":1,"1":0,"2":0,"3":0,"4":0,"5":0,"6":0,"7":0,"8":0,"9":0,"10":0,"11":0,"12":0,"13":0,"14":0,"15":0,"16":0,"17":0,"18":0,"19":0,"20":0,"21":0,"22":0,"23":0,"24":0,"25":0,"26":0,"27":0,"28":0,"29":0,"30":0,"31":0,"32":0,"33":0,"34":0,"35":0,"36":0,"37":0,"38":0,"39":0,"40":0,"41":0,"42":0,"43":0,"44":0,"45":0,"46":0,"47":0,"48":0,"49":0,"50":0,"51":0,"52":0,"53":0,"54":0,"55":0,"56":0,"57":0,"58":0,"59":0,"60":0},"f":{"0":0,"1":0,"2":0,"3":0,"4":0,"5":0,"6":0,"7":0,"8":0,"9":0,"10":0,"11":0,"12":0,"13":0,"14":0,"15":0,"16":0,"17":0,"18":0},"b":{"0":[0,0],"1":[0,0],"2":[0,0],"3":[0,0],"4":[0,0],"5":[0,0],"6":[0,0],"7":[0,0],"8":[0,0],"9":[0,0]},"_coverageSchema":"1a1c01bbd47fc00a2c39e90264f33305004495a9","hash":"bd81b1ea1c00e3cd44c19eb11ba8497403ead8ab"}
,"/Users/zack/src/bingematch/ui/swipe/queue/Deck.tsx": {"path":"/Users/zack/src/bingematch/ui/swipe/queue/Deck.tsx","statementMap":{"0":{"start":{"line":14,"column":31},"end":{"line":44,"column":1}},"1":{"start":{"line":16,"column":19},"end":{"line":16,"column":40}},"2":{"start":{"line":17,"column":23},"end":{"line":17,"column":42}},"3":{"start":{"line":18,"column":22},"end":{"line":18,"column":40}},"4":{"start":{"line":20,"column":4},"end":{"line":43,"column":5}},"5":{"start":{"line":26,"column":20},"end":{"line":40,"column":22}},"6":{"start":{"line":48,"column":15},"end":{"line":82,"column":2}}},"fnMap":{"0":{"name":"(anonymous_0)","decl":{"start":{"line":14,"column":31},"end":{"line":14,"column":32}},"loc":{"start":{"line":14,"column":42},"end":{"line":44,"column":1}},"line":14},"1":{"name":"(anonymous_1)","decl":{"start":{"line":24,"column":21},"end":{"line":24,"column":22}},"loc":{"start":{"line":24,"column":29},"end":{"line":41,"column":17}},"line":24}},"branchMap":{},"s":{"0":1,"1":1,"2":1,"3":1,"4":1,"5":0,"6":1},"f":{"0":1,"1":0},"b":{},"_coverageSchema":"1a1c01bbd47fc00a2c39e90264f33305004495a9","hash":"c9039b0b95342c61f8170802c703abdf416dc794"}
,"/Users/zack/src/bingematch/ui/swipe/queue/Queue.tsx": {"path":"/Users/zack/src/bingematch/ui/swipe/queue/Queue.tsx","statementMap":{"0":{"start":{"line":27,"column":22},"end":{"line":27,"column":23}},"1":{"start":{"line":28,"column":21},"end":{"line":28,"column":22}},"2":{"start":{"line":30,"column":16},"end":{"line":63,"column":1}},"3":{"start":{"line":32,"column":4},"end":{"line":51,"column":5}},"4":{"start":{"line":35,"column":8},"end":{"line":40,"column":9}},"5":{"start":{"line":36,"column":12},"end":{"line":39,"column":13}},"6":{"start":{"line":44,"column":32},"end":{"line":44,"column":60}},"7":{"start":{"line":46,"column":8},"end":{"line":50,"column":10}},"8":{"start":{"line":53,"column":4},"end":{"line":58,"column":5}},"9":{"start":{"line":54,"column":8},"end":{"line":57,"column":9}},"10":{"start":{"line":60,"column":4},"end":{"line":62,"column":5}},"11":{"start":{"line":61,"column":8},"end":{"line":61,"column":41}},"12":{"start":{"line":65,"column":28},"end":{"line":86,"column":1}},"13":{"start":{"line":67,"column":4},"end":{"line":83,"column":5}},"14":{"start":{"line":69,"column":37},"end":{"line":69,"column":75}},"15":{"start":{"line":71,"column":31},"end":{"line":71,"column":75}},"16":{"start":{"line":72,"column":25},"end":{"line":72,"column":72}},"17":{"start":{"line":74,"column":23},"end":{"line":76,"column":59}},"18":{"start":{"line":78,"column":8},"end":{"line":82,"column":9}},"19":{"start":{"line":85,"column":4},"end":{"line":85,"column":16}},"20":{"start":{"line":88,"column":36},"end":{"line":204,"column":1}},"21":{"start":{"line":90,"column":16},"end":{"line":90,"column":41}},"22":{"start":{"line":92,"column":63},"end":{"line":96,"column":6}},"23":{"start":{"line":98,"column":26},"end":{"line":111,"column":5}},"24":{"start":{"line":99,"column":24},"end":{"line":99,"column":56}},"25":{"start":{"line":100,"column":8},"end":{"line":110,"column":19}},"26":{"start":{"line":113,"column":30},"end":{"line":114,"column":51}},"27":{"start":{"line":116,"column":4},"end":{"line":125,"column":26}},"28":{"start":{"line":117,"column":8},"end":{"line":124,"column":9}},"29":{"start":{"line":118,"column":12},"end":{"line":118,"column":48}},"30":{"start":{"line":119,"column":12},"end":{"line":123,"column":18}},"31":{"start":{"line":121,"column":20},"end":{"line":121,"column":61}},"32":{"start":{"line":122,"column":20},"end":{"line":122,"column":58}},"33":{"start":{"line":127,"column":4},"end":{"line":132,"column":22}},"34":{"start":{"line":128,"column":26},"end":{"line":128,"column":63}},"35":{"start":{"line":129,"column":8},"end":{"line":131,"column":9}},"36":{"start":{"line":130,"column":12},"end":{"line":130,"column":43}},"37":{"start":{"line":135,"column":4},"end":{"line":137,"column":10}},"38":{"start":{"line":136,"column":8},"end":{"line":136,"column":26}},"39":{"start":{"line":139,"column":25},"end":{"line":152,"column":5}},"40":{"start":{"line":141,"column":23},"end":{"line":143,"column":9}},"41":{"start":{"line":142,"column":12},"end":{"line":142,"column":43}},"42":{"start":{"line":144,"column":8},"end":{"line":151,"column":41}},"43":{"start":{"line":146,"column":27},"end":{"line":150,"column":29}},"44":{"start":{"line":154,"column":26},"end":{"line":158,"column":5}},"45":{"start":{"line":155,"column":8},"end":{"line":157,"column":10}},"46":{"start":{"line":155,"column":43},"end":{"line":155,"column":110}},"47":{"start":{"line":156,"column":28},"end":{"line":156,"column":62}},"48":{"start":{"line":160,"column":22},"end":{"line":164,"column":5}},"49":{"start":{"line":161,"column":8},"end":{"line":163,"column":10}},"50":{"start":{"line":161,"column":43},"end":{"line":161,"column":112}},"51":{"start":{"line":162,"column":45},"end":{"line":162,"column":79}},"52":{"start":{"line":166,"column":4},"end":{"line":203,"column":2}},"53":{"start":{"line":169,"column":46},"end":{"line":169,"column":107}},"54":{"start":{"line":177,"column":35},"end":{"line":177,"column":62}},"55":{"start":{"line":206,"column":15},"end":{"line":244,"column":2}}},"fnMap":{"0":{"name":"(anonymous_0)","decl":{"start":{"line":30,"column":16},"end":{"line":30,"column":17}},"loc":{"start":{"line":30,"column":75},"end":{"line":63,"column":1}},"line":30},"1":{"name":"(anonymous_1)","decl":{"start":{"line":65,"column":28},"end":{"line":65,"column":29}},"loc":{"start":{"line":65,"column":65},"end":{"line":86,"column":1}},"line":65},"2":{"name":"(anonymous_2)","decl":{"start":{"line":88,"column":36},"end":{"line":88,"column":37}},"loc":{"start":{"line":88,"column":47},"end":{"line":204,"column":1}},"line":88},"3":{"name":"(anonymous_3)","decl":{"start":{"line":98,"column":26},"end":{"line":98,"column":27}},"loc":{"start":{"line":98,"column":47},"end":{"line":111,"column":5}},"line":98},"4":{"name":"(anonymous_4)","decl":{"start":{"line":116,"column":14},"end":{"line":116,"column":15}},"loc":{"start":{"line":116,"column":20},"end":{"line":125,"column":5}},"line":116},"5":{"name":"(anonymous_5)","decl":{"start":{"line":120,"column":22},"end":{"line":120,"column":23}},"loc":{"start":{"line":120,"column":36},"end":{"line":123,"column":17}},"line":120},"6":{"name":"(anonymous_6)","decl":{"start":{"line":127,"column":14},"end":{"line":127,"column":15}},"loc":{"start":{"line":127,"column":20},"end":{"line":132,"column":5}},"line":127},"7":{"name":"(anonymous_7)","decl":{"start":{"line":135,"column":14},"end":{"line":135,"column":15}},"loc":{"start":{"line":135,"column":20},"end":{"line":137,"column":5}},"line":135},"8":{"name":"(anonymous_8)","decl":{"start":{"line":139,"column":25},"end":{"line":139,"column":26}},"loc":{"start":{"line":139,"column":93},"end":{"line":152,"column":5}},"line":139},"9":{"name":"(anonymous_9)","decl":{"start":{"line":141,"column":23},"end":{"line":141,"column":24}},"loc":{"start":{"line":142,"column":12},"end":{"line":142,"column":43}},"line":142},"10":{"name":"(anonymous_10)","decl":{"start":{"line":145,"column":32},"end":{"line":145,"column":33}},"loc":{"start":{"line":145,"column":38},"end":{"line":151,"column":24}},"line":145},"11":{"name":"(anonymous_11)","decl":{"start":{"line":154,"column":26},"end":{"line":154,"column":27}},"loc":{"start":{"line":155,"column":8},"end":{"line":157,"column":10}},"line":155},"12":{"name":"(anonymous_12)","decl":{"start":{"line":155,"column":36},"end":{"line":155,"column":37}},"loc":{"start":{"line":155,"column":43},"end":{"line":155,"column":110}},"line":155},"13":{"name":"(anonymous_13)","decl":{"start":{"line":156,"column":22},"end":{"line":156,"column":23}},"loc":{"start":{"line":156,"column":28},"end":{"line":156,"column":62}},"line":156},"14":{"name":"(anonymous_14)","decl":{"start":{"line":160,"column":22},"end":{"line":160,"column":23}},"loc":{"start":{"line":161,"column":8},"end":{"line":163,"column":10}},"line":161},"15":{"name":"(anonymous_15)","decl":{"start":{"line":161,"column":36},"end":{"line":161,"column":37}},"loc":{"start":{"line":161,"column":43},"end":{"line":161,"column":112}},"line":161},"16":{"name":"(anonymous_16)","decl":{"start":{"line":162,"column":39},"end":{"line":162,"column":40}},"loc":{"start":{"line":162,"column":45},"end":{"line":162,"column":79}},"line":162},"17":{"name":"(anonymous_17)","decl":{"start":{"line":169,"column":34},"end":{"line":169,"column":35}},"loc":{"start":{"line":169,"column":46},"end":{"line":169,"column":107}},"line":169},"18":{"name":"(anonymous_18)","decl":{"start":{"line":177,"column":23},"end":{"line":177,"column":24}},"loc":{"start":{"line":177,"column":35},"end":{"line":177,"column":62}},"line":177}},"branchMap":{"0":{"loc":{"start":{"line":32,"column":4},"end":{"line":51,"column":5}},"type":"if","locations":[{"start":{"line":32,"column":4},"end":{"line":51,"column":5}},{"start":{"line":32,"column":4},"end":{"line":51,"column":5}}],"line":32},"1":{"loc":{"start":{"line":35,"column":8},"end":{"line":40,"column":9}},"type":"if","locations":[{"start":{"line":35,"column":8},"end":{"line":40,"column":9}},{"start":{"line":35,"column":8},"end":{"line":40,"column":9}}],"line":35},"2":{"loc":{"start":{"line":53,"column":4},"end":{"line":58,"column":5}},"type":"if","locations":[{"start":{"line":53,"column":4},"end":{"line":58,"column":5}},{"start":{"line":53,"column":4},"end":{"line":58,"column":5}}],"line":53},"3":{"loc":{"start":{"line":60,"column":4},"end":{"line":62,"column":5}},"type":"if","locations":[{"start":{"line":60,"column":4},"end":{"line":62,"column":5}},{"start":{"line":60,"column":4},"end":{"line":62,"column":5}}],"line":60},"4":{"loc":{"start":{"line":67,"column":4},"end":{"line":83,"column":5}},"type":"if","locations":[{"start":{"line":67,"column":4},"end":{"line":83,"column":5}},{"start":{"line":67,"column":4},"end":{"line":83,"column":5}}],"line":67},"5":{"loc":{"start":{"line":117,"column":8},"end":{"line":124,"column":9}},"type":"if","locations":[{"start":{"line":117,"column":8},"end":{"line":124,"column":9}},{"start":{"line":117,"column":8},"end":{"line":124,"column":9}}],"line":117},"6":{"loc":{"start":{"line":129,"column":8},"end":{"line":131,"column":9}},"type":"if","locations":[{"start":{"line":129,"column":8},"end":{"line":131,"column":9}},{"start":{"line":129,"column":8},"end":{"line":131,"column":9}}],"line":129},"7":{"loc":{"start":{"line":129,"column":12},"end":{"line":129,"column":55}},"type":"binary-expr","locations":[{"start":{"line":129,"column":12},"end":{"line":129,"column":21}},{"start":{"line":129,"column":25},"end":{"line":129,"column":55}}],"line":129}},"s":{"0":1,"1":1,"2":1,"3":0,"4":0,"5":0,"6":0,"7":0,"8":0,"9":0,"10":0,"11":0,"12":1,"13":0,"14":0,"15":0,"16":0,"17":0,"18":0,"19":0,"20":1,"21":1,"22":1,"23":1,"24":0,"25":0,"26":1,"27":1,"28":1,"29":1,"30":1,"31":0,"32":0,"33":1,"34":1,"35":1,"36":0,"37":1,"38":1,"39":1,"40":3,"41":3,"42":3,"43":0,"44":1,"45":1,"46":1,"47":0,"48":1,"49":1,"50":1,"51":0,"52":1,"53":1,"54":0,"55":1},"f":{"0":0,"1":0,"2":1,"3":0,"4":1,"5":0,"6":1,"7":1,"8":3,"9":3,"10":0,"11":1,"12":1,"13":0,"14":1,"15":1,"16":0,"17":1,"18":0},"b":{"0":[0,0],"1":[0,0],"2":[0,0],"3":[0,0],"4":[0,0],"5":[1,0],"6":[0,1],"7":[1,0]},"_coverageSchema":"1a1c01bbd47fc00a2c39e90264f33305004495a9","hash":"a6d4acc556e9f74691019912f7bfbfdf5685d213"}
}
