TN:
SF:App.tsx
FN:23,App
FNF:1
FNH:0
FNDA:0,App
DA:25,0
DA:27,0
LF:2
LH:0
BRF:0
BRH:0
end_of_record
TN:
SF:swipe/Dependencies.ts
FNF:0
FNH:0
DA:6,1
DA:8,1
DA:9,1
LF:3
LH:3
BRF:0
BRH:0
end_of_record
TN:
SF:swipe/Splash.tsx
FN:7,(anonymous_0)
FN:11,(anonymous_1)
FN:13,(anonymous_2)
FN:14,(anonymous_3)
FNF:4
FNH:0
FNDA:0,(anonymous_0)
FNDA:0,(anonymous_1)
FNDA:0,(anonymous_2)
FNDA:0,(anonymous_3)
DA:7,0
DA:9,0
DA:11,0
DA:12,0
DA:13,0
DA:15,0
DA:19,0
LF:7
LH:0
BRDA:13,0,0,0
BRDA:13,0,1,0
BRF:2
BRH:0
end_of_record
TN:
SF:swipe/Storage.ts
FN:8,(anonymous_0)
FN:10,(anonymous_1)
FN:13,(anonymous_2)
FN:17,(anonymous_3)
FN:21,(anonymous_4)
FN:23,(anonymous_5)
FN:31,(anonymous_6)
FN:37,(anonymous_7)
FN:39,(anonymous_8)
FN:48,(anonymous_9)
FN:55,(anonymous_10)
FN:61,(anonymous_11)
FNF:12
FNH:8
FNDA:0,(anonymous_0)
FNDA:0,(anonymous_1)
FNDA:0,(anonymous_2)
FNDA:4,(anonymous_3)
FNDA:12,(anonymous_4)
FNDA:10,(anonymous_5)
FNDA:2,(anonymous_6)
FNDA:2,(anonymous_7)
FNDA:2,(anonymous_8)
FNDA:4,(anonymous_9)
FNDA:12,(anonymous_10)
FNDA:0,(anonymous_11)
DA:4,2
DA:8,3
DA:9,0
DA:10,0
DA:13,3
DA:14,0
DA:17,3
DA:18,4
DA:21,3
DA:22,12
DA:24,10
DA:25,7
DA:27,3
DA:31,3
DA:32,2
DA:34,2
DA:37,3
DA:38,2
DA:40,2
DA:41,0
DA:44,2
DA:48,3
DA:49,4
DA:51,4
DA:55,3
DA:56,12
DA:58,10
DA:61,3
DA:62,0
LF:29
LH:24
BRDA:24,0,0,7
BRDA:24,0,1,3
BRDA:40,1,0,0
BRDA:40,1,1,2
BRDA:58,2,0,3
BRDA:58,2,1,7
BRF:6
BRH:5
end_of_record
TN:
SF:swipe/api/API.ts
FN:17,(anonymous_0)
FN:21,(anonymous_1)
FN:25,(anonymous_2)
FN:27,(anonymous_3)
FN:28,(anonymous_4)
FN:29,(anonymous_5)
FN:31,(anonymous_6)
FN:35,(anonymous_7)
FN:37,(anonymous_8)
FN:43,(anonymous_9)
FN:46,(anonymous_10)
FN:48,(anonymous_11)
FN:54,(anonymous_12)
FN:61,(anonymous_13)
FN:63,(anonymous_14)
FN:69,(anonymous_15)
FN:71,(anonymous_16)
FN:74,(anonymous_17)
FN:76,(anonymous_18)
FN:77,(anonymous_19)
FN:79,(anonymous_20)
FN:83,(anonymous_21)
FN:85,(anonymous_22)
FN:86,(anonymous_23)
FN:93,(anonymous_24)
FN:95,(anonymous_25)
FN:111,(anonymous_26)
FN:113,(anonymous_27)
FN:131,(anonymous_28)
FN:133,(anonymous_29)
FN:153,(anonymous_30)
FN:155,(anonymous_31)
FNF:32
FNH:26
FNDA:3,(anonymous_0)
FNDA:1,(anonymous_1)
FNDA:3,(anonymous_2)
FNDA:3,(anonymous_3)
FNDA:3,(anonymous_4)
FNDA:3,(anonymous_5)
FNDA:3,(anonymous_6)
FNDA:2,(anonymous_7)
FNDA:2,(anonymous_8)
FNDA:0,(anonymous_9)
FNDA:2,(anonymous_10)
FNDA:0,(anonymous_11)
FNDA:2,(anonymous_12)
FNDA:2,(anonymous_13)
FNDA:2,(anonymous_14)
FNDA:2,(anonymous_15)
FNDA:0,(anonymous_16)
FNDA:3,(anonymous_17)
FNDA:1,(anonymous_18)
FNDA:1,(anonymous_19)
FNDA:1,(anonymous_20)
FNDA:2,(anonymous_21)
FNDA:1,(anonymous_22)
FNDA:1,(anonymous_23)
FNDA:2,(anonymous_24)
FNDA:0,(anonymous_25)
FNDA:2,(anonymous_26)
FNDA:2,(anonymous_27)
FNDA:6,(anonymous_28)
FNDA:6,(anonymous_29)
FNDA:0,(anonymous_30)
FNDA:0,(anonymous_31)
DA:7,2
DA:11,3
DA:12,3
DA:13,3
DA:18,3
DA:21,3
DA:22,1
DA:25,3
DA:26,3
DA:27,3
DA:28,3
DA:30,3
DA:31,3
DA:35,3
DA:36,2
DA:38,2
DA:39,0
DA:41,2
DA:43,0
DA:46,3
DA:47,2
DA:49,0
DA:51,0
DA:52,0
DA:56,2
DA:57,2
DA:59,0
DA:62,2
DA:64,2
DA:69,3
DA:70,2
DA:71,0
DA:74,3
DA:75,3
DA:76,1
DA:78,1
DA:79,1
DA:83,3
DA:84,2
DA:85,1
DA:86,1
DA:93,3
DA:94,2
DA:96,0
DA:98,0
DA:99,0
DA:102,0
DA:111,3
DA:112,2
DA:114,2
DA:118,2
DA:119,1
DA:122,2
DA:131,3
DA:132,6
DA:134,6
DA:139,6
DA:140,0
DA:143,6
DA:153,3
DA:154,0
DA:156,0
DA:161,0
DA:162,0
DA:165,0
LF:65
LH:48
BRDA:38,0,0,0
BRDA:38,0,1,2
BRDA:56,1,0,2
BRDA:56,1,1,0
BRDA:98,2,0,0
BRDA:98,2,1,0
BRDA:118,3,0,1
BRDA:118,3,1,1
BRDA:139,4,0,0
BRDA:139,4,1,6
BRDA:161,5,0,0
BRDA:161,5,1,0
BRF:12
BRH:5
end_of_record
TN:
SF:swipe/deck/Card.tsx
FN:23,(anonymous_0)
FN:30,(anonymous_1)
FN:37,(anonymous_2)
FN:44,(anonymous_3)
FN:51,(anonymous_4)
FN:61,(anonymous_5)
FN:70,(anonymous_6)
FN:71,(anonymous_7)
FN:72,(anonymous_8)
FN:82,(anonymous_9)
FN:101,(anonymous_10)
FN:102,(anonymous_11)
FN:177,(anonymous_12)
FN:181,(anonymous_13)
FNF:14
FNH:0
FNDA:0,(anonymous_0)
FNDA:0,(anonymous_1)
FNDA:0,(anonymous_2)
FNDA:0,(anonymous_3)
FNDA:0,(anonymous_4)
FNDA:0,(anonymous_5)
FNDA:0,(anonymous_6)
FNDA:0,(anonymous_7)
FNDA:0,(anonymous_8)
FNDA:0,(anonymous_9)
FNDA:0,(anonymous_10)
FNDA:0,(anonymous_11)
FNDA:0,(anonymous_12)
FNDA:0,(anonymous_13)
DA:23,1
DA:24,0
DA:25,0
DA:26,0
DA:30,1
DA:31,0
DA:32,0
DA:33,0
DA:37,1
DA:38,0
DA:39,0
DA:40,0
DA:44,1
DA:45,0
DA:46,0
DA:47,0
DA:51,1
DA:52,0
DA:53,0
DA:54,0
DA:55,0
DA:56,0
DA:58,0
DA:59,0
DA:60,0
DA:61,0
DA:62,0
DA:65,0
DA:70,0
DA:71,0
DA:74,0
DA:78,0
DA:79,0
DA:85,0
DA:90,0
DA:92,0
DA:93,0
DA:94,0
DA:95,0
DA:97,0
DA:98,0
DA:101,0
DA:104,0
DA:108,0
DA:113,0
DA:117,0
DA:127,0
DA:128,0
DA:130,0
DA:131,0
DA:138,0
DA:140,0
DA:141,0
DA:148,0
DA:150,0
DA:151,0
DA:158,0
DA:160,0
DA:161,0
DA:168,0
DA:171,0
DA:184,0
DA:189,0
LF:63
LH:5
BRDA:25,0,0,0
BRDA:25,0,1,0
BRDA:32,1,0,0
BRDA:32,1,1,0
BRDA:39,2,0,0
BRDA:39,2,1,0
BRDA:46,3,0,0
BRDA:46,3,1,0
BRDA:62,4,0,0
BRDA:62,4,1,0
BRDA:78,5,0,0
BRDA:78,5,1,0
BRDA:93,6,0,0
BRDA:93,6,1,0
BRDA:94,7,0,0
BRDA:94,7,1,0
BRDA:97,8,0,0
BRDA:97,8,1,0
BRDA:130,9,0,0
BRDA:130,9,1,0
BRDA:140,10,0,0
BRDA:140,10,1,0
BRDA:150,11,0,0
BRDA:150,11,1,0
BRDA:160,12,0,0
BRDA:160,12,1,0
BRF:26
BRH:0
end_of_record
TN:
SF:swipe/deck/Cards.tsx
FN:17,(anonymous_0)
FN:23,(anonymous_1)
FN:32,(anonymous_2)
FN:40,(anonymous_3)
FNF:4
FNH:2
FNDA:1,(anonymous_0)
FNDA:1,(anonymous_1)
FNDA:0,(anonymous_2)
FNDA:0,(anonymous_3)
DA:17,1
DA:19,1
DA:21,1
DA:23,1
DA:24,1
DA:27,1
DA:34,0
DA:38,0
DA:41,0
DA:42,0
DA:43,0
DA:44,0
DA:45,0
DA:47,0
DA:48,0
LF:15
LH:6
BRDA:35,0,0,0
BRDA:35,0,1,0
BRDA:44,1,0,0
BRDA:44,1,1,0
BRDA:47,2,0,0
BRDA:47,2,1,0
BRDA:47,3,0,0
BRDA:47,3,1,0
BRF:8
BRH:0
end_of_record
TN:
SF:swipe/deck/Deck.tsx
FN:14,(anonymous_0)
FN:21,(anonymous_1)
FN:22,(anonymous_2)
FN:26,(anonymous_3)
FN:39,(anonymous_4)
FN:45,(anonymous_5)
FN:60,(anonymous_6)
FN:62,(anonymous_7)
FN:66,(anonymous_8)
FN:69,(anonymous_9)
FN:70,(anonymous_10)
FN:71,(anonymous_11)
FN:85,(anonymous_12)
FN:86,(anonymous_13)
FN:87,(anonymous_14)
FN:88,(anonymous_15)
FN:89,(anonymous_16)
FN:90,(anonymous_17)
FN:91,(anonymous_18)
FN:94,(anonymous_19)
FNF:20
FNH:7
FNDA:1,(anonymous_0)
FNDA:1,(anonymous_1)
FNDA:0,(anonymous_2)
FNDA:1,(anonymous_3)
FNDA:0,(anonymous_4)
FNDA:0,(anonymous_5)
FNDA:3,(anonymous_6)
FNDA:3,(anonymous_7)
FNDA:0,(anonymous_8)
FNDA:1,(anonymous_9)
FNDA:1,(anonymous_10)
FNDA:0,(anonymous_11)
FNDA:0,(anonymous_12)
FNDA:0,(anonymous_13)
FNDA:0,(anonymous_14)
FNDA:0,(anonymous_15)
FNDA:0,(anonymous_16)
FNDA:0,(anonymous_17)
FNDA:0,(anonymous_18)
FNDA:0,(anonymous_19)
DA:14,1
DA:16,1
DA:18,1
DA:19,1
DA:21,1
DA:22,1
DA:23,0
DA:26,1
DA:29,1
DA:30,1
DA:31,1
DA:33,1
DA:39,1
DA:40,0
DA:42,0
DA:45,1
DA:46,0
DA:47,0
DA:60,1
DA:62,3
DA:63,3
DA:65,3
DA:66,0
DA:69,1
DA:70,1
DA:71,0
DA:75,1
DA:86,0
DA:87,0
DA:88,0
DA:89,0
DA:92,0
DA:95,0
DA:132,1
DA:165,1
LF:35
LH:22
BRF:0
BRH:0
end_of_record
TN:
SF:swipe/etc/BaseProps.ts
FNF:0
FNH:0
LF:0
LH:0
BRF:0
BRH:0
end_of_record
TN:
SF:swipe/etc/Icons.tsx
FN:5,(anonymous_0)
FN:9,(anonymous_1)
FN:13,(anonymous_2)
FN:17,(anonymous_3)
FN:21,(anonymous_4)
FN:25,(anonymous_5)
FN:29,(anonymous_6)
FNF:7
FNH:5
FNDA:1,(anonymous_0)
FNDA:1,(anonymous_1)
FNDA:1,(anonymous_2)
FNDA:8,(anonymous_3)
FNDA:22,(anonymous_4)
FNDA:0,(anonymous_5)
FNDA:0,(anonymous_6)
DA:5,2
DA:6,1
DA:9,2
DA:10,1
DA:13,2
DA:14,1
DA:17,2
DA:18,8
DA:21,2
DA:22,22
DA:25,2
DA:26,0
DA:29,2
DA:30,0
LF:14
LH:12
BRF:0
BRH:0
end_of_record
TN:
SF:swipe/etc/ImageOverlay.tsx
FN:15,(anonymous_0)
FNF:1
FNH:1
FNDA:1,(anonymous_0)
DA:13,1
DA:15,1
DA:17,1
DA:18,1
DA:20,1
LF:5
LH:5
BRDA:26,0,0,1
BRDA:26,0,1,1
BRF:2
BRH:2
end_of_record
TN:
SF:swipe/onboard/ForgotPassword.tsx
FN:6,(anonymous_0)
FN:8,(anonymous_1)
FN:12,(anonymous_2)
FN:13,(anonymous_3)
FNF:4
FNH:0
FNDA:0,(anonymous_0)
FNDA:0,(anonymous_1)
FNDA:0,(anonymous_2)
FNDA:0,(anonymous_3)
DA:6,0
DA:8,0
DA:9,0
DA:12,0
DA:13,0
DA:16,0
LF:6
LH:0
BRF:0
BRH:0
end_of_record
TN:
SF:swipe/onboard/Login.tsx
FN:11,(anonymous_0)
FN:16,(anonymous_1)
FN:21,(anonymous_2)
FN:25,(anonymous_3)
FN:36,(anonymous_4)
FN:41,(anonymous_5)
FN:45,(anonymous_6)
FNF:7
FNH:0
FNDA:0,(anonymous_0)
FNDA:0,(anonymous_1)
FNDA:0,(anonymous_2)
FNDA:0,(anonymous_3)
FNDA:0,(anonymous_4)
FNDA:0,(anonymous_5)
FNDA:0,(anonymous_6)
DA:11,0
DA:13,0
DA:15,0
DA:16,0
DA:17,0
DA:20,0
DA:21,0
DA:22,0
DA:25,0
DA:26,0
DA:27,0
DA:29,0
DA:30,0
DA:33,0
DA:37,0
DA:41,0
DA:42,0
DA:45,0
DA:46,0
DA:49,0
DA:109,0
LF:21
LH:0
BRDA:29,0,0,0
BRDA:29,0,1,0
BRDA:29,1,0,0
BRDA:29,1,1,0
BRF:4
BRH:0
end_of_record
TN:
SF:swipe/onboard/SignUp.tsx
FN:11,(anonymous_0)
FN:16,(anonymous_1)
FN:21,(anonymous_2)
FN:25,(anonymous_3)
FN:37,(anonymous_4)
FN:42,(anonymous_5)
FNF:6
FNH:5
FNDA:1,(anonymous_0)
FNDA:3,(anonymous_1)
FNDA:4,(anonymous_2)
FNDA:1,(anonymous_3)
FNDA:1,(anonymous_4)
FNDA:0,(anonymous_5)
DA:11,1
DA:13,1
DA:15,1
DA:16,1
DA:17,3
DA:20,1
DA:21,1
DA:22,4
DA:25,1
DA:26,1
DA:27,1
DA:29,1
DA:30,0
DA:33,1
DA:38,1
DA:42,1
DA:43,0
DA:46,1
DA:93,1
LF:19
LH:17
BRDA:29,0,0,0
BRDA:29,0,1,1
BRDA:29,1,0,1
BRDA:29,1,1,1
BRF:4
BRH:3
end_of_record
TN:
SF:swipe/onboard/components/EmailInput.tsx
FN:15,(anonymous_0)
FN:21,(anonymous_1)
FNF:2
FNH:2
FNDA:9,(anonymous_0)
FNDA:4,(anonymous_1)
DA:7,2
DA:15,2
DA:17,9
DA:18,9
DA:19,9
DA:21,9
DA:22,4
DA:23,1
DA:24,1
DA:25,1
DA:27,3
DA:28,3
DA:29,3
DA:33,9
DA:35,9
DA:62,2
LF:16
LH:16
BRDA:22,0,0,1
BRDA:22,0,1,3
BRDA:22,1,0,4
BRDA:22,1,1,4
BRDA:22,1,2,4
BRDA:40,2,0,2
BRDA:40,2,1,7
BRF:7
BRH:7
end_of_record
TN:
SF:swipe/onboard/components/PasswordInput.tsx
FN:16,(anonymous_0)
FN:25,(anonymous_1)
FN:35,(anonymous_2)
FN:48,(anonymous_3)
FNF:4
FNH:4
FNDA:12,(anonymous_0)
FNDA:5,(anonymous_1)
FNDA:3,(anonymous_2)
FNDA:5,(anonymous_3)
DA:7,2
DA:16,2
DA:18,12
DA:19,12
DA:20,12
DA:22,12
DA:23,12
DA:25,12
DA:26,5
DA:30,5
DA:33,12
DA:35,12
DA:36,3
DA:37,1
DA:38,1
DA:39,1
DA:42,2
DA:43,2
DA:45,2
DA:48,12
DA:50,5
DA:51,1
DA:52,1
DA:53,1
DA:57,4
DA:59,4
DA:60,1
DA:61,1
DA:62,1
DA:67,3
DA:68,3
DA:69,3
DA:73,12
DA:90,12
DA:98,12
DA:114,12
DA:128,2
LF:37
LH:37
BRDA:26,0,0,5
BRDA:26,0,1,0
BRDA:27,1,0,5
BRDA:27,1,1,3
BRDA:30,2,0,2
BRDA:30,2,1,3
BRDA:36,3,0,1
BRDA:36,3,1,2
BRDA:50,4,0,1
BRDA:50,4,1,4
BRDA:57,5,0,4
BRDA:57,5,1,0
BRDA:59,6,0,1
BRDA:59,6,1,3
BRDA:59,7,0,4
BRDA:59,7,1,4
BRDA:114,8,0,12
BRDA:114,8,1,0
BRF:18
BRH:15
end_of_record
TN:
SF:swipe/onboard/components/Social.tsx
FN:10,(anonymous_0)
FNF:1
FNH:1
FNDA:1,(anonymous_0)
DA:10,1
DA:11,1
DA:42,1
LF:3
LH:3
BRF:0
BRH:0
end_of_record
