TN:
SF:App.tsx
FN:21,App
FNF:1
FNH:0
FNDA:0,App
DA:23,0
DA:25,0
LF:2
LH:0
BRF:0
BRH:0
end_of_record
TN:
SF:swipe/Deck.tsx
FN:21,(anonymous_0)
FN:25,(anonymous_1)
FN:27,(anonymous_2)
FN:31,(anonymous_3)
FN:47,(anonymous_4)
FN:53,(anonymous_5)
FN:70,(anonymous_6)
FN:72,(anonymous_7)
FN:76,(anonymous_8)
FN:79,(anonymous_9)
FN:80,(anonymous_10)
FN:81,(anonymous_11)
FN:95,(anonymous_12)
FN:96,(anonymous_13)
FN:97,(anonymous_14)
FN:98,(anonymous_15)
FN:99,(anonymous_16)
FN:100,(anonymous_17)
FN:101,(anonymous_18)
FN:105,(anonymous_19)
FNF:20
FNH:0
FNDA:0,(anonymous_0)
FNDA:0,(anonymous_1)
FNDA:0,(anonymous_2)
FNDA:0,(anonymous_3)
FNDA:0,(anonymous_4)
FNDA:0,(anonymous_5)
FNDA:0,(anonymous_6)
FNDA:0,(anonymous_7)
FNDA:0,(anonymous_8)
FNDA:0,(anonymous_9)
FNDA:0,(anonymous_10)
FNDA:0,(anonymous_11)
FNDA:0,(anonymous_12)
FNDA:0,(anonymous_13)
FNDA:0,(anonymous_14)
FNDA:0,(anonymous_15)
FNDA:0,(anonymous_16)
FNDA:0,(anonymous_17)
FNDA:0,(anonymous_18)
FNDA:0,(anonymous_19)
DA:21,0
DA:23,0
DA:25,0
DA:26,0
DA:27,0
DA:28,0
DA:31,0
DA:32,0
DA:35,0
DA:37,0
DA:38,0
DA:39,0
DA:41,0
DA:47,0
DA:48,0
DA:50,0
DA:53,0
DA:54,0
DA:55,0
DA:56,0
DA:70,0
DA:72,0
DA:73,0
DA:75,0
DA:76,0
DA:79,0
DA:80,0
DA:81,0
DA:85,0
DA:96,0
DA:97,0
DA:98,0
DA:99,0
DA:102,0
DA:103,0
DA:106,0
DA:143,0
DA:176,0
LF:38
LH:0
BRDA:55,0,0,0
BRDA:55,0,1,0
BRF:2
BRH:0
end_of_record
TN:
SF:swipe/Storage.ts
FN:8,(anonymous_0)
FN:12,(anonymous_1)
FN:16,(anonymous_2)
FN:20,(anonymous_3)
FN:22,(anonymous_4)
FN:27,(anonymous_5)
FN:29,(anonymous_6)
FN:41,(anonymous_7)
FN:48,(anonymous_8)
FN:54,(anonymous_9)
FNF:10
FNH:0
FNDA:0,(anonymous_0)
FNDA:0,(anonymous_1)
FNDA:0,(anonymous_2)
FNDA:0,(anonymous_3)
FNDA:0,(anonymous_4)
FNDA:0,(anonymous_5)
FNDA:0,(anonymous_6)
FNDA:0,(anonymous_7)
FNDA:0,(anonymous_8)
FNDA:0,(anonymous_9)
DA:4,2
DA:8,3
DA:9,0
DA:12,3
DA:13,0
DA:16,3
DA:17,0
DA:20,3
DA:21,0
DA:23,0
DA:27,3
DA:28,0
DA:30,0
DA:31,0
DA:34,0
DA:37,0
DA:41,3
DA:42,0
DA:44,0
DA:48,3
DA:49,0
DA:51,0
DA:54,3
DA:55,0
LF:24
LH:9
BRDA:30,0,0,0
BRDA:30,0,1,0
BRDA:51,1,0,0
BRDA:51,1,1,0
BRF:4
BRH:0
end_of_record
TN:
SF:swipe/api/API.ts
FN:14,(anonymous_0)
FN:16,(anonymous_1)
FN:17,(anonymous_2)
FN:20,(anonymous_3)
FN:22,(anonymous_4)
FN:25,(anonymous_5)
FN:27,(anonymous_6)
FN:28,(anonymous_7)
FN:31,(anonymous_8)
FN:32,(anonymous_9)
FN:43,(anonymous_10)
FN:44,(anonymous_11)
FN:48,(anonymous_12)
FN:49,(anonymous_13)
FN:62,(anonymous_14)
FN:63,(anonymous_15)
FN:67,(anonymous_16)
FN:68,(anonymous_17)
FN:83,(anonymous_18)
FN:84,(anonymous_19)
FN:88,(anonymous_20)
FN:89,(anonymous_21)
FN:104,(anonymous_22)
FN:105,(anonymous_23)
FNF:24
FNH:6
FNDA:0,(anonymous_0)
FNDA:0,(anonymous_1)
FNDA:0,(anonymous_2)
FNDA:0,(anonymous_3)
FNDA:0,(anonymous_4)
FNDA:1,(anonymous_5)
FNDA:1,(anonymous_6)
FNDA:1,(anonymous_7)
FNDA:0,(anonymous_8)
FNDA:0,(anonymous_9)
FNDA:0,(anonymous_10)
FNDA:0,(anonymous_11)
FNDA:1,(anonymous_12)
FNDA:1,(anonymous_13)
FNDA:1,(anonymous_14)
FNDA:0,(anonymous_15)
FNDA:0,(anonymous_16)
FNDA:0,(anonymous_17)
FNDA:0,(anonymous_18)
FNDA:0,(anonymous_19)
FNDA:0,(anonymous_20)
FNDA:0,(anonymous_21)
FNDA:0,(anonymous_22)
FNDA:0,(anonymous_23)
DA:6,2
DA:10,2
DA:12,3
DA:14,3
DA:15,0
DA:16,0
DA:17,0
DA:20,3
DA:21,0
DA:22,0
DA:25,3
DA:26,1
DA:27,1
DA:28,1
DA:31,3
DA:32,0
DA:33,0
DA:35,0
DA:36,0
DA:39,0
DA:43,0
DA:44,0
DA:48,3
DA:49,1
DA:50,1
DA:54,1
DA:55,0
DA:58,1
DA:62,1
DA:63,0
DA:67,3
DA:68,0
DA:69,0
DA:74,0
DA:75,0
DA:78,0
DA:83,0
DA:84,0
DA:88,3
DA:89,0
DA:90,0
DA:95,0
DA:96,0
DA:99,0
DA:104,0
DA:105,0
LF:46
LH:18
BRDA:31,0,0,0
BRDA:35,1,0,0
BRDA:35,1,1,0
BRDA:43,2,0,0
BRDA:43,2,1,0
BRDA:48,3,0,1
BRDA:54,4,0,0
BRDA:54,4,1,1
BRDA:62,5,0,1
BRDA:62,5,1,0
BRDA:67,6,0,0
BRDA:74,7,0,0
BRDA:74,7,1,0
BRDA:83,8,0,0
BRDA:83,8,1,0
BRDA:88,9,0,0
BRDA:95,10,0,0
BRDA:95,10,1,0
BRDA:104,11,0,0
BRDA:104,11,1,0
BRF:20
BRH:3
end_of_record
TN:
SF:swipe/etc/BaseProps.ts
FNF:0
FNH:0
LF:0
LH:0
BRF:0
BRH:0
end_of_record
TN:
SF:swipe/etc/Icons.tsx
FN:5,(anonymous_0)
FN:9,(anonymous_1)
FN:13,(anonymous_2)
FN:17,(anonymous_3)
FN:21,(anonymous_4)
FNF:5
FNH:5
FNDA:3,(anonymous_0)
FNDA:3,(anonymous_1)
FNDA:3,(anonymous_2)
FNDA:8,(anonymous_3)
FNDA:8,(anonymous_4)
DA:5,2
DA:6,3
DA:9,2
DA:10,3
DA:13,2
DA:14,3
DA:17,2
DA:18,8
DA:21,2
DA:22,8
LF:10
LH:10
BRF:0
BRH:0
end_of_record
TN:
SF:swipe/etc/ImageOverlay.tsx
FN:15,(anonymous_0)
FNF:1
FNH:1
FNDA:3,(anonymous_0)
DA:13,1
DA:15,1
DA:17,3
DA:18,3
DA:20,3
LF:5
LH:5
BRDA:26,0,0,3
BRDA:26,0,1,3
BRF:2
BRH:2
end_of_record
TN:
SF:swipe/onboard/ForgotPassword.tsx
FN:6,(anonymous_0)
FN:8,(anonymous_1)
FN:12,(anonymous_2)
FN:13,(anonymous_3)
FNF:4
FNH:0
FNDA:0,(anonymous_0)
FNDA:0,(anonymous_1)
FNDA:0,(anonymous_2)
FNDA:0,(anonymous_3)
DA:6,0
DA:8,0
DA:9,0
DA:12,0
DA:13,0
DA:16,0
LF:6
LH:0
BRF:0
BRH:0
end_of_record
TN:
SF:swipe/onboard/Login.tsx
FN:20,(anonymous_0)
FN:28,(anonymous_1)
FN:37,(anonymous_2)
FN:42,(anonymous_3)
FN:46,(anonymous_4)
FNF:5
FNH:0
FNDA:0,(anonymous_0)
FNDA:0,(anonymous_1)
FNDA:0,(anonymous_2)
FNDA:0,(anonymous_3)
FNDA:0,(anonymous_4)
DA:15,0
DA:20,0
DA:22,0
DA:23,0
DA:25,0
DA:26,0
DA:28,0
DA:30,0
DA:31,0
DA:34,0
DA:38,0
DA:42,0
DA:43,0
DA:46,0
DA:47,0
DA:50,0
DA:116,0
LF:17
LH:0
BRDA:30,0,0,0
BRDA:30,0,1,0
BRDA:30,1,0,0
BRDA:30,1,1,0
BRF:4
BRH:0
end_of_record
TN:
SF:swipe/onboard/SignUp.tsx
FN:11,(anonymous_0)
FN:15,(anonymous_1)
FN:19,(anonymous_2)
FN:20,(anonymous_3)
FN:23,(anonymous_4)
FN:24,(anonymous_5)
FN:33,(anonymous_6)
FN:41,(anonymous_7)
FN:46,(anonymous_8)
FNF:9
FNH:3
FNDA:0,(anonymous_0)
FNDA:0,(anonymous_1)
FNDA:3,(anonymous_2)
FNDA:3,(anonymous_3)
FNDA:3,(anonymous_4)
FNDA:0,(anonymous_5)
FNDA:0,(anonymous_6)
FNDA:0,(anonymous_7)
FNDA:0,(anonymous_8)
DA:11,1
DA:12,0
DA:15,1
DA:16,0
DA:19,1
DA:20,3
DA:21,3
DA:23,3
DA:24,3
DA:27,3
DA:28,3
DA:30,3
DA:31,3
DA:33,3
DA:34,0
DA:35,0
DA:38,0
DA:42,0
DA:46,3
DA:47,0
DA:50,3
DA:103,1
LF:22
LH:15
BRDA:34,0,0,0
BRDA:34,0,1,0
BRDA:34,1,0,0
BRDA:34,1,1,0
BRF:4
BRH:0
end_of_record
TN:
SF:swipe/onboard/components/EmailInput.tsx
FN:16,(anonymous_0)
FN:22,(anonymous_1)
FN:27,(anonymous_2)
FNF:3
FNH:3
FNDA:8,(anonymous_0)
FNDA:3,(anonymous_1)
FNDA:2,(anonymous_2)
DA:7,2
DA:16,2
DA:18,8
DA:19,8
DA:20,8
DA:22,8
DA:23,3
DA:24,3
DA:27,8
DA:28,2
DA:29,1
DA:30,1
DA:31,1
DA:33,1
DA:34,1
DA:35,1
DA:39,8
LF:17
LH:17
BRDA:28,0,0,1
BRDA:28,0,1,1
BRDA:28,1,0,2
BRDA:28,1,1,2
BRDA:28,1,2,2
BRDA:44,2,0,2
BRDA:44,2,1,6
BRF:7
BRH:7
end_of_record
TN:
SF:swipe/onboard/components/PasswordInput.tsx
FN:17,(anonymous_0)
FN:27,(anonymous_1)
FN:32,(anonymous_2)
FN:50,(anonymous_3)
FN:78,(anonymous_4)
FN:95,(anonymous_5)
FN:103,(anonymous_6)
FNF:7
FNH:5
FNDA:4,(anonymous_0)
FNDA:1,(anonymous_1)
FNDA:0,(anonymous_2)
FNDA:0,(anonymous_3)
FNDA:4,(anonymous_4)
FNDA:4,(anonymous_5)
FNDA:4,(anonymous_6)
DA:7,1
DA:17,1
DA:19,4
DA:20,4
DA:21,4
DA:22,4
DA:24,4
DA:25,4
DA:27,4
DA:28,1
DA:29,1
DA:32,4
DA:34,0
DA:35,0
DA:38,0
DA:39,0
DA:40,0
DA:41,0
DA:42,0
DA:45,0
DA:46,0
DA:47,0
DA:50,4
DA:52,0
DA:53,0
DA:54,0
DA:55,0
DA:56,0
DA:57,0
DA:61,0
DA:63,0
DA:64,0
DA:65,0
DA:66,0
DA:67,0
DA:68,0
DA:73,0
DA:74,0
DA:75,0
DA:76,0
DA:78,4
DA:79,4
DA:95,4
DA:96,4
DA:103,4
DA:104,4
DA:120,4
DA:134,1
LF:48
LH:21
BRDA:34,0,0,0
BRDA:34,0,1,0
BRDA:38,1,0,0
BRDA:38,1,1,0
BRDA:52,2,0,0
BRDA:52,2,1,0
BRDA:61,3,0,0
BRDA:61,3,1,0
BRDA:63,4,0,0
BRDA:63,4,1,0
BRDA:63,5,0,0
BRDA:63,5,1,0
BRDA:120,6,0,4
BRDA:120,6,1,0
BRF:14
BRH:1
end_of_record
TN:
SF:swipe/onboard/components/Social.tsx
FN:10,(anonymous_0)
FNF:1
FNH:1
FNDA:3,(anonymous_0)
DA:10,1
DA:11,3
DA:42,1
LF:3
LH:3
BRF:0
BRH:0
end_of_record
TN:
SF:swipe/swiper/Card.tsx
FN:23,(anonymous_0)
FN:30,(anonymous_1)
FN:37,(anonymous_2)
FN:44,(anonymous_3)
FN:51,(anonymous_4)
FN:61,(anonymous_5)
FN:70,(anonymous_6)
FN:71,(anonymous_7)
FN:72,(anonymous_8)
FN:82,(anonymous_9)
FN:101,(anonymous_10)
FN:102,(anonymous_11)
FN:177,(anonymous_12)
FN:181,(anonymous_13)
FNF:14
FNH:0
FNDA:0,(anonymous_0)
FNDA:0,(anonymous_1)
FNDA:0,(anonymous_2)
FNDA:0,(anonymous_3)
FNDA:0,(anonymous_4)
FNDA:0,(anonymous_5)
FNDA:0,(anonymous_6)
FNDA:0,(anonymous_7)
FNDA:0,(anonymous_8)
FNDA:0,(anonymous_9)
FNDA:0,(anonymous_10)
FNDA:0,(anonymous_11)
FNDA:0,(anonymous_12)
FNDA:0,(anonymous_13)
DA:23,0
DA:24,0
DA:25,0
DA:26,0
DA:30,0
DA:31,0
DA:32,0
DA:33,0
DA:37,0
DA:38,0
DA:39,0
DA:40,0
DA:44,0
DA:45,0
DA:46,0
DA:47,0
DA:51,0
DA:52,0
DA:53,0
DA:54,0
DA:55,0
DA:56,0
DA:58,0
DA:59,0
DA:60,0
DA:61,0
DA:62,0
DA:65,0
DA:70,0
DA:71,0
DA:74,0
DA:78,0
DA:79,0
DA:85,0
DA:90,0
DA:92,0
DA:93,0
DA:94,0
DA:95,0
DA:97,0
DA:98,0
DA:101,0
DA:104,0
DA:108,0
DA:113,0
DA:117,0
DA:127,0
DA:128,0
DA:130,0
DA:131,0
DA:138,0
DA:140,0
DA:141,0
DA:148,0
DA:150,0
DA:151,0
DA:158,0
DA:160,0
DA:161,0
DA:168,0
DA:171,0
DA:184,0
DA:189,0
LF:63
LH:0
BRDA:25,0,0,0
BRDA:25,0,1,0
BRDA:32,1,0,0
BRDA:32,1,1,0
BRDA:39,2,0,0
BRDA:39,2,1,0
BRDA:46,3,0,0
BRDA:46,3,1,0
BRDA:62,4,0,0
BRDA:62,4,1,0
BRDA:78,5,0,0
BRDA:78,5,1,0
BRDA:93,6,0,0
BRDA:93,6,1,0
BRDA:94,7,0,0
BRDA:94,7,1,0
BRDA:97,8,0,0
BRDA:97,8,1,0
BRDA:130,9,0,0
BRDA:130,9,1,0
BRDA:140,10,0,0
BRDA:140,10,1,0
BRDA:150,11,0,0
BRDA:150,11,1,0
BRDA:160,12,0,0
BRDA:160,12,1,0
BRF:26
BRH:0
end_of_record
TN:
SF:swipe/swiper/Cards.tsx
FN:17,(anonymous_0)
FN:23,(anonymous_1)
FN:32,(anonymous_2)
FN:40,(anonymous_3)
FNF:4
FNH:0
FNDA:0,(anonymous_0)
FNDA:0,(anonymous_1)
FNDA:0,(anonymous_2)
FNDA:0,(anonymous_3)
DA:17,0
DA:19,0
DA:21,0
DA:23,0
DA:24,0
DA:27,0
DA:34,0
DA:38,0
DA:41,0
DA:42,0
DA:43,0
DA:44,0
DA:45,0
DA:47,0
DA:48,0
LF:15
LH:0
BRDA:35,0,0,0
BRDA:35,0,1,0
BRDA:44,1,0,0
BRDA:44,1,1,0
BRDA:47,2,0,0
BRDA:47,2,1,0
BRDA:47,3,0,0
BRDA:47,3,1,0
BRF:8
BRH:0
end_of_record
